Starting Dynare (version 4.5.4).
Starting preprocessing of the model file ...
Found 8 equation(s).
Evaluating expressions...done
Computing static model derivatives:
 - order 1
Computing dynamic model derivatives:
 - order 1
 - order 2
Processing outputs ...
done
Preprocessing completed.

You did not declare endogenous variables after the estimation/calib_smoother command.
Initial value of the log posterior (or likelihood): -11839.9944

                                Max     Line search  Directional  First-order 
 Iter F-count        f(x)   constraint   steplength   derivative   optimality Procedure 
    0     26        11840      -0.0499                                         
    1     54      1004.06      -0.1599         0.25    -9.11e+04     7.33e+05   
    2     84       709.91      -0.2124       0.0625         -601     2.64e+03   
    3    113      616.554      -0.1859        0.125         -154          407   
    4    142      549.403      -0.1626        0.125         -102          156   
    5    170      456.819      -0.1733         0.25         -103          368   
    6    200       451.38      -0.1625       0.0625        -84.6          130   
    7    228      388.053      -0.1218         0.25        -79.6          231   
    8    259       381.64       -0.118       0.0313         -117          179   
    9    287      377.799     -0.08853         0.25        -53.7          318   
   10    316      357.424     -0.07746        0.125          -59          311   
   11    345      333.041     -0.06778        0.125         -123          168   
   12    376       328.85     -0.06566       0.0313        -32.7          131   
   13    407      328.562     -0.06361       0.0313        -22.1          189   
   14    436      319.037     -0.05566        0.125        -36.5         66.4   
   15    466      313.889     -0.05218       0.0625        -30.4         82.8   
   16    496      311.357     -0.04892       0.0625        -18.7          211   
   17    524      305.826     -0.03669         0.25        -13.2          167   
   18    555       304.76     -0.03554       0.0313        -15.2          159   
   19    585      303.221     -0.03332       0.0625        -12.7          114   
   20    614      302.751     -0.02916        0.125        -6.66         50.4   
   21    644      301.845     -0.02733       0.0625        -11.7         50.8   
   22    675       301.57     -0.04539       0.0313        -6.49           50   
   23    704      300.995     -0.03972        0.125        -6.52         52.3   
   24    734      300.513     -0.03724       0.0625        -6.74         56.4   
   25    764      300.178     -0.04026       0.0625         -3.8         48.4   
   26    793      300.072     -0.03523        0.125        -3.52           44   
   27    824      299.869     -0.03817       0.0313        -3.07         45.5   
   28    853      299.562     -0.03845        0.125        -7.71         58.5   
   29    882      299.233     -0.03364        0.125        -2.66         49.7   
   30    912      299.106     -0.03501       0.0625        -2.02         54.5   
   31    942      298.934     -0.03678       0.0625        -2.19         50.4   
   32    971      298.507     -0.03373        0.125        -4.77         50.1   
   33   1001       298.46     -0.03416       0.0625        -1.23         50.2   
   34   1030      298.457     -0.03385        0.125       -0.715           50   
   35   1058       298.35     -0.04229         0.25        -2.56           49   
   36   1084      298.094     -0.03893            1        -5.75         49.2   
   37   1110      297.947     -0.03795            1         -1.5         49.5   
   38   1136      297.759     -0.04006            1        -1.45         49.3   
   39   1162      297.665     -0.04078            1         -2.3         49.1   
   40   1188      297.414     -0.04413            1        -1.61         48.3   
   41   1214      297.072     -0.05026            1        -1.47         46.3   
   42   1240      297.016     -0.05569            1         -1.9         44.2   
   43   1266      296.686            0            1        -5.69           43   
   44   1292      296.585            0            1        -1.68         42.9   
   45   1318      296.487            0            1        -2.54         42.8   
   46   1344      296.464            0            1        -2.69         42.1   
   47   1370      296.399            0            1        -1.08         41.7   
   48   1396      296.323            0            1        -1.09         41.1   
   49   1422      296.119            0            1        -1.22         38.1   
   50   1448      295.927            0            1        -1.87         35.2   
   51   1474      295.597            0            1        -2.38         27.9   
   52   1500       295.41            0            1        -3.52         22.1   
   53   1526      295.119            0            1        -3.57         18.4   
   54   1552      294.944            0            1        -2.78         18.6   
   55   1578      294.905            0            1        -1.33         18.9   
   56   1604      294.861            0            1        -1.85         18.2   
   57   1630      294.843            0            1       -0.671         17.1   
   58   1656      294.832            0            1       -0.484         17.2   
   59   1682      294.823            0            1       -0.282         16.4   
   60   1708      294.817            0            1       -0.455         16.8   
   61   1734      294.806            0            1        -0.45         17.4   
   62   1760        294.8            0            1       -0.347         17.5   
   63   1786      294.788            0            1       -0.422           17   
   64   1812      294.779            0            1       -0.558         16.3   
   65   1838      294.766            0            1       -0.728         15.2   
   66   1864      294.748            0            1       -0.589           14   
   67   1890      294.721            0            1       -0.465         12.4   
   68   1916      294.696            0            1       -0.386         11.4   
   69   1942      294.682            0            1       -0.344         11.1   
   70   1968      294.675            0            1       -0.472           11   
   71   1994      294.666            0            1       -0.431           11   
   72   2020      294.656            0            1       -0.548         10.7   
   73   2046       294.64            0            1        -0.86         9.72   
   74   2072      294.627    -0.002458            1       -0.754         8.54   
   75   2098      294.608    -0.008666            1       -0.608         6.86   
   76   2124      294.581     -0.02717            1       -0.585         4.93   
   77   2150      294.544      -0.0417            1        -0.45         3.79   
   78   2176      294.513     -0.09047            1       -0.632         2.53   
   79   2202      294.475     -0.09187            1       -0.942         3.27   
   80   2228      294.435     -0.08697            1       -0.496         3.83   
   81   2254      294.424     -0.08215            1       -0.356          1.6   
   82   2280      294.416     -0.08294            1       -0.256         1.29   
   83   2306      294.413     -0.08421            1       -0.241         1.01   
   84   2332      294.412     -0.08426            1       -0.167        0.476   
   85   2358      294.412      -0.0846            1      -0.0577        0.405   
   86   2384      294.411     -0.08498            1      -0.0487        0.275  Hessian modified  
   87   2410      294.411     -0.08512            1      -0.0362        0.243  Hessian modified  
   88   2436      294.411     -0.08512            1       -0.037        0.272  Hessian modified  
   89   2462      294.411     -0.08504            1      -0.0454        0.329  Hessian modified  
   90   2488       294.41     -0.08489            1      -0.0583        0.422  Hessian modified  
   91   2514      294.409     -0.08469            1      -0.0641         0.52  Hessian modified  
   92   2540      294.408     -0.08459            1      -0.0625        0.644  Hessian modified  
   93   2566      294.408     -0.08472            1      -0.0586        0.511  Hessian modified  
   94   2592      294.407     -0.08502            1      -0.0567        0.264  Hessian modified  
   95   2618      294.406     -0.08534            1      -0.0616        0.297  Hessian modified  
   96   2644      294.405     -0.08577            1      -0.0708        0.391  Hessian modified  
   97   2670      294.404     -0.08607            1      -0.0722        0.728  Hessian modified  
   98   2696      294.403     -0.08592            1      -0.0809        0.687   
   99   2722      294.402     -0.08533            1      -0.0954        0.251  Hessian modified  
  100   2748      294.402     -0.08499            1      -0.0373        0.163   
  101   2774      294.402      -0.0846            1      -0.0289        0.118  Hessian modified  
  102   2800      294.402     -0.08458            1      -0.0112       0.0431  Hessian modified  
  103   2826      294.402     -0.08459            1     -0.00897        0.038  Hessian modified  
  104   2852      294.402     -0.08461            1     -0.00743      0.00961  Hessian modified  
  105   2878      294.402     -0.08463            1    -0.000663      0.00764  Hessian modified  
  106   2904      294.402     -0.08462            1    -0.000637      0.00352  Hessian modified  
  107   2930      294.402     -0.08462            1    -0.000498      0.00109  Hessian modified  
  108   2956      294.402     -0.08462            1    -0.000184      0.00074  Hessian modified  

<a href = "matlab: helpview([docroot '/toolbox/optim/msg_csh/optim_msg_csh.map'],'local_min_poss_with_constr','CSHelpWindow');">Local minimum possible. Constraints satisfied</a>.

fmincon stopped because the <a href = "matlab: helpview([docroot '/toolbox/optim/msg_csh/optim_msg_csh.map'],'pred_change','CSHelpWindow');">predicted change in the objective function</a>
is less than the selected value of the <a href = "matlab: helpview([docroot '/toolbox/optim/msg_csh/optim_msg_csh.map'],'function_tolerance','CSHelpWindow');">function tolerance</a> and constraints 
are satisfied to within the default value of the <a href = "matlab: helpview([docroot '/toolbox/optim/msg_csh/optim_msg_csh.map'],'constraint_tolerance','CSHelpWindow');">constraint tolerance</a>.

<<a href = "matlab: createExitMsg('nlconst',5.000000e+00,true,true,'fmincon',4.724109e-09,'selected',1.000000e-08,-8.461935e-02,'default',1.000000e-06,0.000000e+00,'',0.000000e+00);">stopping criteria details</a>>

No active inequalities.

Final value of minus the log posterior (or likelihood):294.401811 

RESULTS FROM POSTERIOR ESTIMATION
parameters
     prior mean     mode    s.d. prior pstdev

y_bar    0.400   0.2949  0.2423 norm  0.2500 
pi_bar   0.620   0.3601  0.1388 gamm  0.2500 
r_bar    0.500   0.6492  0.2378 gamm  0.2500 
kappa    0.300   0.0846  0.0604 beta  0.1500 
tau      2.000   2.7856  0.4852 gamm  0.5000 
phi_pi   1.500   1.4106  0.1685 gamm  0.2500 
phi_y    0.500   0.4666  0.1100 gamm  0.2500 
rho_y    0.500   0.7827  0.0603 beta  0.2000 
rho_pi   0.500   0.8996  0.0304 beta  0.2000 
rho_r    0.500   0.8506  0.0267 beta  0.2000 
a_1      0.000  -0.2275  0.2683 norm  1.0000 
a_2      0.000   0.3629  0.3651 norm  1.0000 
a_3      0.000   0.1362  0.9626 norm  1.0000 
b_11     0.650   0.6680  0.1827 norm  1.0000 
b_12     0.510   0.8622  0.5260 norm  1.0000 
b_13     0.310   0.1287  0.3165 norm  1.0000 
b_21    -0.050  -0.2382  0.2938 norm  1.0000 
b_22     0.890   0.1956  0.4124 norm  1.0000 
b_23     0.080   0.4036  0.4336 norm  1.0000 
b_31     0.010   0.4963  0.7788 norm  1.0000 
b_32     0.250  -0.2206  0.7341 norm  1.0000 
b_33     0.510   0.1596  0.7131 norm  1.0000 

standard deviation of shocks
     prior mean     mode    s.d. prior pstdev

eps_y    0.100   0.7400  0.0452 invg  2.0000 
eps_pi   0.100   0.2665  0.0181 invg  2.0000 
eps_r    0.100   0.2914  0.0144 invg  2.0000 


Log data density [Laplace approximation] is -326.743081.


MODEL SUMMARY

  Number of variables:         8
  Number of stochastic shocks: 3
  Number of state variables:   5
  Number of jumpers:           0
  Number of static variables:  3


MATRIX OF COVARIANCE OF EXOGENOUS SHOCKS
Variables       eps_y    eps_pi     eps_r
eps_y        0.547662  0.000000  0.000000
eps_pi       0.000000  0.071010  0.000000
eps_r        0.000000  0.000000  0.084912

POLICY AND TRANSITION FUNCTIONS
                                   y              pi               r             u_y            u_pi          gap_hp         pinfobs            robs
Constant                   -0.221168        0.463938        0.551224               0               0        0.073688        0.824081        1.200398
y(-1)                       0.281224        0.018504        0.023501               0               0        0.281224        0.018504        0.023501
pi(-1)                      0.099663       -0.245108       -0.044701               0               0        0.099663       -0.245108       -0.044701
r(-1)                       0.092711        0.119456        0.882252               0               0        0.092711        0.119456        0.882252
u_y(-1)                     0.716752        0.060669        0.062742        0.782729               0        0.716752        0.060669        0.062742
u_pi(-1)                   -0.652346        0.844410        0.132460               0        0.899627       -0.652346        0.844410        0.132460
eps_y                       0.915709        0.077509        0.080158        1.000000               0        0.915709        0.077509        0.080158
eps_pi                     -0.725129        0.938622        0.147238               0        1.000000       -0.725129        0.938622        0.147238
eps_r                      -0.328729       -0.027825        0.971224               0               0       -0.328729       -0.027825        0.971224


MOMENTS OF SIMULATED VARIABLES
VARIABLE              MEAN       STD. DEV.        VARIANCE        SKEWNESS        KURTOSIS
y                -0.155307        1.554770        2.417310        0.066622       -0.101556
pi                0.450028        0.487586        0.237740        0.133363       -0.034341
r                 0.551576        0.880539        0.775349        0.045778        0.229398
u_y               0.034672        1.191752        1.420272        0.044408       -0.106893
u_pi             -0.022697        0.581059        0.337630        0.072459       -0.109608
gap_hp            0.139549        1.554770        2.417310        0.066622       -0.101556
pinfobs           0.810170        0.487586        0.237740        0.133363       -0.034341
robs              1.200749        0.880539        0.775349        0.045778        0.229398


CORRELATION OF SIMULATED VARIABLES
VARIABLE          y       pi        r      u_y     u_pi   gap_hp  pinfobs     robs
y            1.0000  -0.0321   0.3734   0.9263  -0.3035   1.0000  -0.0321   0.3734
pi          -0.0321   1.0000   0.4825   0.2564   0.9491  -0.0321   1.0000   0.4825
r            0.3734   0.4825   1.0000   0.4017   0.2732   0.3734   0.4825   1.0000
u_y          0.9263   0.2564   0.4017   1.0000   0.0069   0.9263   0.2564   0.4017
u_pi        -0.3035   0.9491   0.2732   0.0069   1.0000  -0.3035   0.9491   0.2732
gap_hp       1.0000  -0.0321   0.3734   0.9263  -0.3035   1.0000  -0.0321   0.3734
pinfobs     -0.0321   1.0000   0.4825   0.2564   0.9491  -0.0321   1.0000   0.4825
robs         0.3734   0.4825   1.0000   0.4017   0.2732   0.3734   0.4825   1.0000


AUTOCORRELATION OF SIMULATED VARIABLES
VARIABLE         1       2       3       4       5       6       7       8       9      10
y           0.8841  0.7363  0.6000  0.4825  0.3837  0.3016  0.2362  0.1871  0.1519  0.1240
pi          0.8380  0.7686  0.6837  0.6164  0.5495  0.4920  0.4380  0.3897  0.3450  0.3035
r           0.9372  0.8691  0.7989  0.7283  0.6586  0.5944  0.5354  0.4809  0.4303  0.3861
u_y         0.7874  0.6178  0.4835  0.3732  0.2824  0.2075  0.1499  0.1093  0.0847  0.0595
u_pi        0.8901  0.7924  0.7034  0.6252  0.5537  0.4901  0.4326  0.3801  0.3330  0.2900
gap_hp      0.8841  0.7363  0.6000  0.4825  0.3837  0.3016  0.2362  0.1871  0.1519  0.1240
pinfobs     0.8380  0.7686  0.6837  0.6164  0.5495  0.4920  0.4380  0.3897  0.3450  0.3035
robs        0.9372  0.8691  0.7989  0.7283  0.6586  0.5944  0.5354  0.4809  0.4303  0.3861



VARIANCE DECOMPOSITION SIMULATING ONE SHOCK AT A TIME (in percent)
                      eps_y            eps_pi             eps_r  Tot. lin. contr.
y                     90.69              9.53              0.59            100.81
pi                     7.79             91.59              1.46            100.84
r                     49.03             13.82             43.32            106.16
u_y                  100.01              0.00              0.00            100.01
u_pi                   0.00            100.01              0.00            100.01
gap_hp                90.69              9.53              0.59            100.81
pinfobs                7.79             91.59              1.46            100.84
robs                  49.03             13.82             43.32            106.16
Note: numbers do not add up to 100 due to non-zero correlation of simulated shocks in small samples

Total computing time : 0h00m12s
