This is pdfTeX, Version 3.14159265-2.6-1.40.19 (MiKTeX 2.9.6700 64-bit) (preloaded format=pdflatex 2018.7.18)  12 DEC 2018 12:25
entering extended mode
**"C:/Users/Tolga/Desktop/ZLB_paper/latex_files/adaptive learning with occasion
ally binding constraints.tex"

("C:/Users/Tolga/Desktop/ZLB_paper/latex_files/adaptive learning with occasiona
lly binding constraints.tex"
LaTeX2e <2018-04-01> patch level 5
Babel <3.20> and hyphenation patterns for 75 language(s) loaded.
("C:\Program Files\MiKTeX 2.9\tex\latex\base\article.cls"
Document Class: article 2014/09/29 v1.4h Standard LaTeX document class
("C:\Program Files\MiKTeX 2.9\tex\latex\base\size12.clo"
File: size12.clo 2014/09/29 v1.4h Standard LaTeX file (size option)
)
\c@part=\count80
\c@section=\count81
\c@subsection=\count82
\c@subsubsection=\count83
\c@paragraph=\count84
\c@subparagraph=\count85
\c@figure=\count86
\c@table=\count87
\abovecaptionskip=\skip41
\belowcaptionskip=\skip42
\bibindent=\dimen102
)
("C:\Program Files\MiKTeX 2.9\tex\latex\base\inputenc.sty"
Package: inputenc 2018/04/06 v1.3b Input encoding file
\inpenc@prehook=\toks14
\inpenc@posthook=\toks15

(C:\Users\Tolga\AppData\Roaming\MiKTeX\2.9\tex\latex\ucs\utf8x.def
File: utf8x.def 2004/10/17 UCS: Input encoding UTF-8
))
(C:\Users\Tolga\AppData\Roaming\MiKTeX\2.9\tex\latex\ucs\ucs.sty
Package: ucs 2013/05/11 v2.2 UCS: Unicode input support

(C:\Users\Tolga\AppData\Roaming\MiKTeX\2.9\tex\latex\ucs\uni-global.def
File: uni-global.def 2013/05/13 UCS: Unicode global data
)
\uc@secondtry=\count88
\uc@combtoks=\toks16
\uc@combtoksb=\toks17
\uc@temptokena=\toks18
)
("C:\Program Files\MiKTeX 2.9\tex\latex\graphics\graphicx.sty"
Package: graphicx 2017/06/01 v1.1a Enhanced LaTeX Graphics (DPC,SPQR)

("C:\Program Files\MiKTeX 2.9\tex\latex\graphics\keyval.sty"
Package: keyval 2014/10/28 v1.15 key=value parser (DPC)
\KV@toks@=\toks19
)
("C:\Program Files\MiKTeX 2.9\tex\latex\graphics\graphics.sty"
Package: graphics 2017/06/25 v1.2c Standard LaTeX Graphics (DPC,SPQR)

("C:\Program Files\MiKTeX 2.9\tex\latex\graphics\trig.sty"
Package: trig 2016/01/03 v1.10 sin cos tan (DPC)
)
("C:\Program Files\MiKTeX 2.9\tex\latex\graphics-cfg\graphics.cfg"
File: graphics.cfg 2016/06/04 v1.11 sample graphics configuration
)
Package graphics Info: Driver file: pdftex.def on input line 99.

("C:\Program Files\MiKTeX 2.9\tex\latex\graphics-def\pdftex.def"
File: pdftex.def 2018/01/08 v1.0l Graphics/color driver for pdftex
))
\Gin@req@height=\dimen103
\Gin@req@width=\dimen104
)
(C:\Users\Tolga\AppData\Roaming\MiKTeX\2.9\tex\latex\xcolor\xcolor.sty
Package: xcolor 2016/05/11 v2.12 LaTeX color extensions (UK)

("C:\Program Files\MiKTeX 2.9\tex\latex\graphics-cfg\color.cfg"
File: color.cfg 2016/01/02 v1.6 sample color configuration
)
Package xcolor Info: Driver file: pdftex.def on input line 225.

(C:\Users\Tolga\AppData\Roaming\MiKTeX\2.9\tex\latex\colortbl\colortbl.sty
Package: colortbl 2012/02/13 v1.0a Color table columns (DPC)

("C:\Program Files\MiKTeX 2.9\tex\latex\tools\array.sty"
Package: array 2018/04/30 v2.4h Tabular extension package (FMi)
\col@sep=\dimen105
\ar@mcellbox=\box26
\extrarowheight=\dimen106
\NC@list=\toks20
\extratabsurround=\skip43
\backup@length=\skip44
\ar@cellbox=\box27
)
\everycr=\toks21
\minrowclearance=\skip45
)
\rownum=\count89
Package xcolor Info: Model `cmy' substituted by `cmy0' on input line 1348.
Package xcolor Info: Model `hsb' substituted by `rgb' on input line 1352.
Package xcolor Info: Model `RGB' extended on input line 1364.
Package xcolor Info: Model `HTML' substituted by `rgb' on input line 1366.
Package xcolor Info: Model `Hsb' substituted by `hsb' on input line 1367.
Package xcolor Info: Model `tHsb' substituted by `hsb' on input line 1368.
Package xcolor Info: Model `HSB' substituted by `hsb' on input line 1369.
Package xcolor Info: Model `Gray' substituted by `gray' on input line 1370.
Package xcolor Info: Model `wave' substituted by `hsb' on input line 1371.
)
("C:\Program Files\MiKTeX 2.9\tex\latex\geometry\geometry.sty"
Package: geometry 2018/04/16 v5.8 Page Geometry

("C:\Program Files\MiKTeX 2.9\tex\generic\oberdiek\ifpdf.sty"
Package: ifpdf 2017/03/15 v3.2 Provides the ifpdf switch
)
("C:\Program Files\MiKTeX 2.9\tex\generic\oberdiek\ifvtex.sty"
Package: ifvtex 2016/05/16 v1.6 Detect VTeX and its facilities (HO)
Package ifvtex Info: VTeX not detected.
)
("C:\Program Files\MiKTeX 2.9\tex\generic\ifxetex\ifxetex.sty"
Package: ifxetex 2010/09/12 v0.6 Provides ifxetex conditional
)
\Gm@cnth=\count90
\Gm@cntv=\count91
\c@Gm@tempcnt=\count92
\Gm@bindingoffset=\dimen107
\Gm@wd@mp=\dimen108
\Gm@odd@mp=\dimen109
\Gm@even@mp=\dimen110
\Gm@layoutwidth=\dimen111
\Gm@layoutheight=\dimen112
\Gm@layouthoffset=\dimen113
\Gm@layoutvoffset=\dimen114
\Gm@dimlist=\toks22

("C:\Program Files\MiKTeX 2.9\tex\latex\geometry\geometry.cfg"))
("C:\Program Files\MiKTeX 2.9\tex\latex\amsmath\amsmath.sty"
Package: amsmath 2017/09/02 v2.17a AMS math features
\@mathmargin=\skip46

For additional information on amsmath, use the `?' option.
("C:\Program Files\MiKTeX 2.9\tex\latex\amsmath\amstext.sty"
Package: amstext 2000/06/29 v2.01 AMS text

("C:\Program Files\MiKTeX 2.9\tex\latex\amsmath\amsgen.sty"
File: amsgen.sty 1999/11/30 v2.0 generic functions
\@emptytoks=\toks23
\ex@=\dimen115
))
("C:\Program Files\MiKTeX 2.9\tex\latex\amsmath\amsbsy.sty"
Package: amsbsy 1999/11/29 v1.2d Bold Symbols
\pmbraise@=\dimen116
)
("C:\Program Files\MiKTeX 2.9\tex\latex\amsmath\amsopn.sty"
Package: amsopn 2016/03/08 v2.02 operator names
)
\inf@bad=\count93
LaTeX Info: Redefining \frac on input line 213.
\uproot@=\count94
\leftroot@=\count95
LaTeX Info: Redefining \overline on input line 375.
\classnum@=\count96
\DOTSCASE@=\count97
LaTeX Info: Redefining \ldots on input line 472.
LaTeX Info: Redefining \dots on input line 475.
LaTeX Info: Redefining \cdots on input line 596.
\Mathstrutbox@=\box28
\strutbox@=\box29
\big@size=\dimen117
LaTeX Font Info:    Redeclaring font encoding OML on input line 712.
LaTeX Font Info:    Redeclaring font encoding OMS on input line 713.
\macc@depth=\count98
\c@MaxMatrixCols=\count99
\dotsspace@=\muskip10
\c@parentequation=\count100
\dspbrk@lvl=\count101
\tag@help=\toks24
\row@=\count102
\column@=\count103
\maxfields@=\count104
\andhelp@=\toks25
\eqnshift@=\dimen118
\alignsep@=\dimen119
\tagshift@=\dimen120
\tagwidth@=\dimen121
\totwidth@=\dimen122
\lineht@=\dimen123
\@envbody=\toks26
\multlinegap=\skip47
\multlinetaggap=\skip48
\mathdisplay@stack=\toks27
LaTeX Info: Redefining \[ on input line 2817.
LaTeX Info: Redefining \] on input line 2818.
)
("C:\Program Files\MiKTeX 2.9\tex\latex\amsfonts\amssymb.sty"
Package: amssymb 2013/01/14 v3.01 AMS font symbols

("C:\Program Files\MiKTeX 2.9\tex\latex\amsfonts\amsfonts.sty"
Package: amsfonts 2013/01/14 v3.01 Basic AMSFonts support
\symAMSa=\mathgroup4
\symAMSb=\mathgroup5
LaTeX Font Info:    Overwriting math alphabet `\mathfrak' in version `bold'
(Font)                  U/euf/m/n --> U/euf/b/n on input line 106.
))
("C:\Program Files\MiKTeX 2.9\tex\latex\subfigure\subfigure.sty"
Package: subfigure 2002/07/30 v2.1.4 subfigure package
\subfigtopskip=\skip49
\subfigcapskip=\skip50
\subfigcaptopadj=\dimen124
\subfigbottomskip=\skip51
\subfigcapmargin=\dimen125
\subfiglabelskip=\skip52
\c@subfigure=\count105
\c@lofdepth=\count106
\c@subtable=\count107
\c@lotdepth=\count108

****************************************
* Local config file subfigure.cfg used *
****************************************
("C:\Program Files\MiKTeX 2.9\tex\latex\subfigure\subfigure.cfg")
\subfig@top=\skip53
\subfig@bottom=\skip54
)
("C:\Program Files\MiKTeX 2.9\tex\generic\babel\babel.sty"
Package: babel 2018/05/02 3.20 The Babel package

("C:\Program Files\MiKTeX 2.9\tex\generic\babel\switch.def"
File: switch.def 2018/05/02 3.20 Babel switching mechanism
)
*************************************
* Local config file bblopts.cfg used
*
(C:\Users\Tolga\AppData\Roaming\MiKTeX\2.9\tex\latex\arabi\bblopts.cfg
File: bblopts.cfg 2005/09/08 v0.1 add Arabic and Farsi to "declared" options of
 babel
)
("C:\Program Files\MiKTeX 2.9\tex\latex\babel-english\english.ldf"
Language: english 2017/06/06 v3.3r English support from the babel system

("C:\Program Files\MiKTeX 2.9\tex\generic\babel\babel.def"
File: babel.def 2018/05/02 3.20 Babel common definitions
\babel@savecnt=\count109
\U@D=\dimen126

("C:\Program Files\MiKTeX 2.9\tex\generic\babel\txtbabel.def")
\bbl@dirlevel=\count110
)
\l@canadian = a dialect from \language\l@american 
\l@australian = a dialect from \language\l@british 
\l@newzealand = a dialect from \language\l@british 
))
("C:\Program Files\MiKTeX 2.9\tex\latex\base\fontenc.sty"
Package: fontenc 2017/04/05 v2.0i Standard LaTeX package

("C:\Program Files\MiKTeX 2.9\tex\latex\base\t1enc.def"
File: t1enc.def 2017/04/05 v2.0i Standard LaTeX file
LaTeX Font Info:    Redeclaring font encoding T1 on input line 48.
))
("C:\Program Files\MiKTeX 2.9\tex\latex\oberdiek\pdflscape.sty"
Package: pdflscape 2016/05/14 v0.11 Display of landscape pages in PDF (HO)

("C:\Program Files\MiKTeX 2.9\tex\latex\graphics\lscape.sty"
Package: lscape 2000/10/22 v3.01 Landscape Pages (DPC)
)
Package pdflscape Info: Auto-detected driver: pdftex on input line 81.
)
(C:\Users\Tolga\AppData\Roaming\MiKTeX\2.9\tex\latex\natbib\natbib.sty
Package: natbib 2010/09/13 8.31b (PWD, AO)
\bibhang=\skip55
\bibsep=\skip56
LaTeX Info: Redefining \cite on input line 694.
\c@NAT@ctr=\count111
)
("C:\Program Files\MiKTeX 2.9\tex\latex\tools\verbatim.sty"
Package: verbatim 2014/10/28 v1.5q LaTeX2e package for verbatim enhancements
\every@verbatim=\toks28
\verbatim@line=\toks29
\verbatim@in@stream=\read1
)
("C:\Program Files\MiKTeX 2.9\tex\latex\lipsum\lipsum.sty"
Package: lipsum 2014/07/27 v1.3 150 paragraphs of Lorem Ipsum dummy text
\c@lips@count=\count112
)
(C:\Users\Tolga\AppData\Roaming\MiKTeX\2.9\tex\latex\was\gensymb.sty
Package: gensymb 2003/07/02 v1.0 (WaS)
)
("C:\Program Files\MiKTeX 2.9\tex\latex\comment\comment.sty"
\CommentStream=\write3

Excluding comment 'comment')
("C:\Program Files\MiKTeX 2.9\tex\latex\tools\bm.sty"
Package: bm 2017/01/16 v1.2c Bold Symbol Support (DPC/FMi)
\symboldoperators=\mathgroup6
\symboldletters=\mathgroup7
\symboldsymbols=\mathgroup8
LaTeX Font Info:    Redeclaring math alphabet \mathbf on input line 141.
LaTeX Info: Redefining \bm on input line 207.
)
(C:\Users\Tolga\AppData\Roaming\MiKTeX\2.9\tex\latex\changepage\changepage.sty
Package: changepage 2009/10/20 v1.0c check page and change page layout
\c@cp@cntr=\count113
\cp@tempcnt=\count114
) (C:\Users\Tolga\AppData\Roaming\MiKTeX\2.9\tex\latex\soul\soul.sty
Package: soul 2003/11/17 v2.4 letterspacing/underlining (mf)
\SOUL@word=\toks30
\SOUL@lasttoken=\toks31
\SOUL@cmds=\toks32
\SOUL@buffer=\toks33
\SOUL@token=\toks34
\SOUL@spaceskip=\skip57
\SOUL@ttwidth=\dimen127
\SOUL@uldp=\dimen128
\SOUL@ulht=\dimen129
)
("C:\Program Files\MiKTeX 2.9\tex\latex\float\float.sty"
Package: float 2001/11/08 v1.3d Float enhancements (AL)
\c@float@type=\count115
\float@exts=\toks35
\float@box=\box30
\@float@everytoks=\toks36
\@floatcapt=\box31
)
("C:\Program Files\MiKTeX 2.9\tex\latex\graphics\rotating.sty"
Package: rotating 2016/08/11 v2.16d rotated objects in LaTeX

("C:\Program Files\MiKTeX 2.9\tex\latex\base\ifthen.sty"
Package: ifthen 2014/09/29 v1.1c Standard LaTeX ifthen package (DPC)
)
\c@r@tfl@t=\count116
\rotFPtop=\skip58
\rotFPbot=\skip59
\rot@float@box=\box32
\rot@mess@toks=\toks37
)
(C:\Users\Tolga\AppData\Roaming\MiKTeX\2.9\tex\latex\setspace\setspace.sty
Package: setspace 2011/12/19 v6.7a set line spacing
)
("C:\Program Files\MiKTeX 2.9\tex\latex\changebar\changebar.sty"
Package: changebar 2018/03/09 v3.6c Indicate changes with marginal bars
\cb@nextpoint=\count117
\cb@topleft=\count118
\cb@topright=\count119
\cb@botleft=\count120
\cb@botright=\count121
\cb@cnta=\count122
\cb@cntb=\count123
\cb@dima=\dimen130
\cb@curbarwd=\dimen131
\cb@page=\count124
\cb@pagecount=\count125
\cb@odd@left=\dimen132
\cb@odd@right=\dimen133
\cb@even@left=\dimen134
\cb@even@right=\dimen135
\cb@writexy=\write4
\cb@readxy=\read2
\openout4 = `"adaptive learning with occasionally binding constraints.cb2"'.

\changebarwidth=\skip60
\deletebarwidth=\skip61
\changebarsep=\skip62
\c@changebargrey=\count126
\cb@write=\write5
\cb@read=\read3
\openout5 = `"adaptive learning with occasionally binding constraints.cb"'.

)
(C:\Users\Tolga\AppData\Roaming\MiKTeX\2.9\tex\latex\appendix\appendix.sty
Package: appendix 2009/09/02 v1.2b extra appendix facilities
\c@@pps=\count127
\c@@ppsavesec=\count128
\c@@ppsaveapp=\count129
)
(C:\Users\Tolga\AppData\Roaming\MiKTeX\2.9\tex\latex\preprint\authblk.sty
Package: authblk 2001/02/27 1.3 (PWD)
\affilsep=\skip63
\@affilsep=\skip64
\c@Maxaffil=\count130
\c@authors=\count131
\c@affil=\count132
)
("C:\Program Files\MiKTeX 2.9\tex\latex\hyperref\hyperref.sty"
Package: hyperref 2018/02/06 v6.86b Hypertext links for LaTeX

("C:\Program Files\MiKTeX 2.9\tex\generic\oberdiek\hobsub-hyperref.sty"
Package: hobsub-hyperref 2016/05/16 v1.14 Bundle oberdiek, subset hyperref (HO)


("C:\Program Files\MiKTeX 2.9\tex\generic\oberdiek\hobsub-generic.sty"
Package: hobsub-generic 2016/05/16 v1.14 Bundle oberdiek, subset generic (HO)
Package: hobsub 2016/05/16 v1.14 Construct package bundles (HO)
Package: infwarerr 2016/05/16 v1.4 Providing info/warning/error messages (HO)
Package: ltxcmds 2016/05/16 v1.23 LaTeX kernel commands for general use (HO)
Package: ifluatex 2016/05/16 v1.4 Provides the ifluatex switch (HO)
Package ifluatex Info: LuaTeX not detected.
Package hobsub Info: Skipping package `ifvtex' (already loaded).
Package: intcalc 2016/05/16 v1.2 Expandable calculations with integers (HO)
Package hobsub Info: Skipping package `ifpdf' (already loaded).
Package: etexcmds 2016/05/16 v1.6 Avoid name clashes with e-TeX commands (HO)
Package etexcmds Info: Could not find \expanded.
(etexcmds)             That can mean that you are not using pdfTeX 1.50 or
(etexcmds)             that some package has redefined \expanded.
(etexcmds)             In the latter case, load this package earlier.
Package: kvsetkeys 2016/05/16 v1.17 Key value parser (HO)
Package: kvdefinekeys 2016/05/16 v1.4 Define keys (HO)
Package: pdftexcmds 2018/01/30 v0.27 Utility functions of pdfTeX for LuaTeX (HO
)
Package pdftexcmds Info: LuaTeX not detected.
Package pdftexcmds Info: \pdf@primitive is available.
Package pdftexcmds Info: \pdf@ifprimitive is available.
Package pdftexcmds Info: \pdfdraftmode found.
Package: pdfescape 2016/05/16 v1.14 Implements pdfTeX's escape features (HO)
Package: bigintcalc 2016/05/16 v1.4 Expandable calculations on big integers (HO
)
Package: bitset 2016/05/16 v1.2 Handle bit-vector datatype (HO)
Package: uniquecounter 2016/05/16 v1.3 Provide unlimited unique counter (HO)
)
Package hobsub Info: Skipping package `hobsub' (already loaded).
Package: letltxmacro 2016/05/16 v1.5 Let assignment for LaTeX macros (HO)
Package: hopatch 2016/05/16 v1.3 Wrapper for package hooks (HO)
Package: xcolor-patch 2016/05/16 xcolor patch
Package: atveryend 2016/05/16 v1.9 Hooks at the very end of document (HO)
Package atveryend Info: \enddocument detected (standard20110627).
Package: atbegshi 2016/06/09 v1.18 At begin shipout hook (HO)
Package: refcount 2016/05/16 v3.5 Data extraction from label references (HO)
Package: hycolor 2016/05/16 v1.8 Color options for hyperref/bookmark (HO)
)
("C:\Program Files\MiKTeX 2.9\tex\latex\oberdiek\auxhook.sty"
Package: auxhook 2016/05/16 v1.4 Hooks for auxiliary files (HO)
)
("C:\Program Files\MiKTeX 2.9\tex\latex\oberdiek\kvoptions.sty"
Package: kvoptions 2016/05/16 v3.12 Key value format for package options (HO)
)
\@linkdim=\dimen136
\Hy@linkcounter=\count133
\Hy@pagecounter=\count134

("C:\Program Files\MiKTeX 2.9\tex\latex\hyperref\pd1enc.def"
File: pd1enc.def 2018/02/06 v6.86b Hyperref: PDFDocEncoding definition (HO)
)
\Hy@SavedSpaceFactor=\count135

("C:\Program Files\MiKTeX 2.9\tex\latex\00miktex\hyperref.cfg"
File: hyperref.cfg 2002/06/06 v1.2 hyperref configuration of TeXLive
)
Package hyperref Info: Hyper figures OFF on input line 4509.
Package hyperref Info: Link nesting OFF on input line 4514.
Package hyperref Info: Hyper index ON on input line 4517.
Package hyperref Info: Plain pages OFF on input line 4524.
Package hyperref Info: Backreferencing OFF on input line 4529.
Package hyperref Info: Implicit mode ON; LaTeX internals redefined.
Package hyperref Info: Bookmarks ON on input line 4762.
\c@Hy@tempcnt=\count136

(C:\Users\Tolga\AppData\Roaming\MiKTeX\2.9\tex\latex\url\url.sty
\Urlmuskip=\muskip11
Package: url 2013/09/16  ver 3.4  Verb mode for urls, etc.
)
LaTeX Info: Redefining \url on input line 5115.
\XeTeXLinkMargin=\dimen137
\Fld@menulength=\count137
\Field@Width=\dimen138
\Fld@charsize=\dimen139
Package hyperref Info: Hyper figures OFF on input line 6369.
Package hyperref Info: Link nesting OFF on input line 6374.
Package hyperref Info: Hyper index ON on input line 6377.
Package hyperref Info: backreferencing OFF on input line 6384.
Package hyperref Info: Link coloring OFF on input line 6389.
Package hyperref Info: Link coloring with OCG OFF on input line 6394.
Package hyperref Info: PDF/A mode OFF on input line 6399.
LaTeX Info: Redefining \ref on input line 6439.
LaTeX Info: Redefining \pageref on input line 6443.
\Hy@abspage=\count138
\c@Item=\count139
\c@Hfootnote=\count140
)
Package hyperref Info: Driver (autodetected): hpdftex.

("C:\Program Files\MiKTeX 2.9\tex\latex\hyperref\hpdftex.def"
File: hpdftex.def 2018/02/06 v6.86b Hyperref driver for pdfTeX
\Fld@listcount=\count141
\c@bookmark@seq@number=\count142

("C:\Program Files\MiKTeX 2.9\tex\latex\oberdiek\rerunfilecheck.sty"
Package: rerunfilecheck 2016/05/16 v1.8 Rerun checks for auxiliary files (HO)
Package uniquecounter Info: New unique counter `rerunfilecheck' on input line 2
82.
)
\Hy@SectionHShift=\skip65
)
("C:\Program Files\MiKTeX 2.9\tex\latex\tcolorbox\tcolorbox.sty"
Package: tcolorbox 2018/03/22 version 4.13 text color boxes

(C:\Users\Tolga\AppData\Roaming\MiKTeX\2.9\tex\latex\pgf\basiclayer\pgf.sty
(C:\Users\Tolga\AppData\Roaming\MiKTeX\2.9\tex\latex\pgf\utilities\pgfrcs.sty
(C:\Users\Tolga\AppData\Roaming\MiKTeX\2.9\tex\generic\pgf\utilities\pgfutil-co
mmon.tex
\pgfutil@everybye=\toks38
\pgfutil@tempdima=\dimen140
\pgfutil@tempdimb=\dimen141

(C:\Users\Tolga\AppData\Roaming\MiKTeX\2.9\tex\generic\pgf\utilities\pgfutil-co
mmon-lists.tex))
(C:\Users\Tolga\AppData\Roaming\MiKTeX\2.9\tex\generic\pgf\utilities\pgfutil-la
tex.def
\pgfutil@abb=\box33
 (C:\Users\Tolga\AppData\Roaming\MiKTeX\2.9\tex\latex\ms\everyshi.sty
Package: everyshi 2001/05/15 v3.00 EveryShipout Package (MS)
))
(C:\Users\Tolga\AppData\Roaming\MiKTeX\2.9\tex\generic\pgf\utilities\pgfrcs.cod
e.tex
Package: pgfrcs 2015/08/07 v3.0.1a (rcs-revision 1.31)
))
Package: pgf 2015/08/07 v3.0.1a (rcs-revision 1.15)

(C:\Users\Tolga\AppData\Roaming\MiKTeX\2.9\tex\latex\pgf\basiclayer\pgfcore.sty

(C:\Users\Tolga\AppData\Roaming\MiKTeX\2.9\tex\latex\pgf\systemlayer\pgfsys.sty

(C:\Users\Tolga\AppData\Roaming\MiKTeX\2.9\tex\generic\pgf\systemlayer\pgfsys.c
ode.tex
Package: pgfsys 2014/07/09 v3.0.1a (rcs-revision 1.48)

(C:\Users\Tolga\AppData\Roaming\MiKTeX\2.9\tex\generic\pgf\utilities\pgfkeys.co
de.tex
\pgfkeys@pathtoks=\toks39
\pgfkeys@temptoks=\toks40

(C:\Users\Tolga\AppData\Roaming\MiKTeX\2.9\tex\generic\pgf\utilities\pgfkeysfil
tered.code.tex
\pgfkeys@tmptoks=\toks41
))
\pgf@x=\dimen142
\pgf@y=\dimen143
\pgf@xa=\dimen144
\pgf@ya=\dimen145
\pgf@xb=\dimen146
\pgf@yb=\dimen147
\pgf@xc=\dimen148
\pgf@yc=\dimen149
\w@pgf@writea=\write6
\r@pgf@reada=\read4
\c@pgf@counta=\count143
\c@pgf@countb=\count144
\c@pgf@countc=\count145
\c@pgf@countd=\count146
\t@pgf@toka=\toks42
\t@pgf@tokb=\toks43
\t@pgf@tokc=\toks44

(C:\Users\Tolga\AppData\Roaming\MiKTeX\2.9\tex\generic\pgf\systemlayer\pgf.cfg
File: pgf.cfg 2008/05/14  (rcs-revision 1.7)
)
Driver file for pgf: pgfsys-pdftex.def

(C:\Users\Tolga\AppData\Roaming\MiKTeX\2.9\tex\generic\pgf\systemlayer\pgfsys-p
dftex.def
File: pgfsys-pdftex.def 2014/10/11  (rcs-revision 1.35)

(C:\Users\Tolga\AppData\Roaming\MiKTeX\2.9\tex\generic\pgf\systemlayer\pgfsys-c
ommon-pdf.def
File: pgfsys-common-pdf.def 2013/10/10  (rcs-revision 1.13)
)))
(C:\Users\Tolga\AppData\Roaming\MiKTeX\2.9\tex\generic\pgf\systemlayer\pgfsysso
ftpath.code.tex
File: pgfsyssoftpath.code.tex 2013/09/09  (rcs-revision 1.9)
\pgfsyssoftpath@smallbuffer@items=\count147
\pgfsyssoftpath@bigbuffer@items=\count148
)
(C:\Users\Tolga\AppData\Roaming\MiKTeX\2.9\tex\generic\pgf\systemlayer\pgfsyspr
otocol.code.tex
File: pgfsysprotocol.code.tex 2006/10/16  (rcs-revision 1.4)
))
(C:\Users\Tolga\AppData\Roaming\MiKTeX\2.9\tex\generic\pgf\basiclayer\pgfcore.c
ode.tex
Package: pgfcore 2010/04/11 v3.0.1a (rcs-revision 1.7)

(C:\Users\Tolga\AppData\Roaming\MiKTeX\2.9\tex\generic\pgf\math\pgfmath.code.te
x
(C:\Users\Tolga\AppData\Roaming\MiKTeX\2.9\tex\generic\pgf\math\pgfmathcalc.cod
e.tex
(C:\Users\Tolga\AppData\Roaming\MiKTeX\2.9\tex\generic\pgf\math\pgfmathutil.cod
e.tex)
(C:\Users\Tolga\AppData\Roaming\MiKTeX\2.9\tex\generic\pgf\math\pgfmathparser.c
ode.tex
\pgfmath@dimen=\dimen150
\pgfmath@count=\count149
\pgfmath@box=\box34
\pgfmath@toks=\toks45
\pgfmath@stack@operand=\toks46
\pgfmath@stack@operation=\toks47
)
(C:\Users\Tolga\AppData\Roaming\MiKTeX\2.9\tex\generic\pgf\math\pgfmathfunction
s.code.tex
(C:\Users\Tolga\AppData\Roaming\MiKTeX\2.9\tex\generic\pgf\math\pgfmathfunction
s.basic.code.tex)
(C:\Users\Tolga\AppData\Roaming\MiKTeX\2.9\tex\generic\pgf\math\pgfmathfunction
s.trigonometric.code.tex)
(C:\Users\Tolga\AppData\Roaming\MiKTeX\2.9\tex\generic\pgf\math\pgfmathfunction
s.random.code.tex)
(C:\Users\Tolga\AppData\Roaming\MiKTeX\2.9\tex\generic\pgf\math\pgfmathfunction
s.comparison.code.tex)
(C:\Users\Tolga\AppData\Roaming\MiKTeX\2.9\tex\generic\pgf\math\pgfmathfunction
s.base.code.tex)
(C:\Users\Tolga\AppData\Roaming\MiKTeX\2.9\tex\generic\pgf\math\pgfmathfunction
s.round.code.tex)
(C:\Users\Tolga\AppData\Roaming\MiKTeX\2.9\tex\generic\pgf\math\pgfmathfunction
s.misc.code.tex)
(C:\Users\Tolga\AppData\Roaming\MiKTeX\2.9\tex\generic\pgf\math\pgfmathfunction
s.integerarithmetics.code.tex)))
(C:\Users\Tolga\AppData\Roaming\MiKTeX\2.9\tex\generic\pgf\math\pgfmathfloat.co
de.tex
\c@pgfmathroundto@lastzeros=\count150
))
(C:\Users\Tolga\AppData\Roaming\MiKTeX\2.9\tex\generic\pgf\basiclayer\pgfcorepo
ints.code.tex
File: pgfcorepoints.code.tex 2013/10/07  (rcs-revision 1.27)
\pgf@picminx=\dimen151
\pgf@picmaxx=\dimen152
\pgf@picminy=\dimen153
\pgf@picmaxy=\dimen154
\pgf@pathminx=\dimen155
\pgf@pathmaxx=\dimen156
\pgf@pathminy=\dimen157
\pgf@pathmaxy=\dimen158
\pgf@xx=\dimen159
\pgf@xy=\dimen160
\pgf@yx=\dimen161
\pgf@yy=\dimen162
\pgf@zx=\dimen163
\pgf@zy=\dimen164
)
(C:\Users\Tolga\AppData\Roaming\MiKTeX\2.9\tex\generic\pgf\basiclayer\pgfcorepa
thconstruct.code.tex
File: pgfcorepathconstruct.code.tex 2013/10/07  (rcs-revision 1.29)
\pgf@path@lastx=\dimen165
\pgf@path@lasty=\dimen166
)
(C:\Users\Tolga\AppData\Roaming\MiKTeX\2.9\tex\generic\pgf\basiclayer\pgfcorepa
thusage.code.tex
File: pgfcorepathusage.code.tex 2014/11/02  (rcs-revision 1.24)
\pgf@shorten@end@additional=\dimen167
\pgf@shorten@start@additional=\dimen168
)
(C:\Users\Tolga\AppData\Roaming\MiKTeX\2.9\tex\generic\pgf\basiclayer\pgfcoresc
opes.code.tex
File: pgfcorescopes.code.tex 2015/05/08  (rcs-revision 1.46)
\pgfpic=\box35
\pgf@hbox=\box36
\pgf@layerbox@main=\box37
\pgf@picture@serial@count=\count151
)
(C:\Users\Tolga\AppData\Roaming\MiKTeX\2.9\tex\generic\pgf\basiclayer\pgfcoregr
aphicstate.code.tex
File: pgfcoregraphicstate.code.tex 2014/11/02  (rcs-revision 1.12)
\pgflinewidth=\dimen169
)
(C:\Users\Tolga\AppData\Roaming\MiKTeX\2.9\tex\generic\pgf\basiclayer\pgfcoretr
ansformations.code.tex
File: pgfcoretransformations.code.tex 2015/08/07  (rcs-revision 1.20)
\pgf@pt@x=\dimen170
\pgf@pt@y=\dimen171
\pgf@pt@temp=\dimen172
)
(C:\Users\Tolga\AppData\Roaming\MiKTeX\2.9\tex\generic\pgf\basiclayer\pgfcorequ
ick.code.tex
File: pgfcorequick.code.tex 2008/10/09  (rcs-revision 1.3)
)
(C:\Users\Tolga\AppData\Roaming\MiKTeX\2.9\tex\generic\pgf\basiclayer\pgfcoreob
jects.code.tex
File: pgfcoreobjects.code.tex 2006/10/11  (rcs-revision 1.2)
)
(C:\Users\Tolga\AppData\Roaming\MiKTeX\2.9\tex\generic\pgf\basiclayer\pgfcorepa
thprocessing.code.tex
File: pgfcorepathprocessing.code.tex 2013/09/09  (rcs-revision 1.9)
)
(C:\Users\Tolga\AppData\Roaming\MiKTeX\2.9\tex\generic\pgf\basiclayer\pgfcorear
rows.code.tex
File: pgfcorearrows.code.tex 2015/05/14  (rcs-revision 1.43)
\pgfarrowsep=\dimen173
)
(C:\Users\Tolga\AppData\Roaming\MiKTeX\2.9\tex\generic\pgf\basiclayer\pgfcoresh
ade.code.tex
File: pgfcoreshade.code.tex 2013/07/15  (rcs-revision 1.15)
\pgf@max=\dimen174
\pgf@sys@shading@range@num=\count152
)
(C:\Users\Tolga\AppData\Roaming\MiKTeX\2.9\tex\generic\pgf\basiclayer\pgfcoreim
age.code.tex
File: pgfcoreimage.code.tex 2013/07/15  (rcs-revision 1.18)

(C:\Users\Tolga\AppData\Roaming\MiKTeX\2.9\tex\generic\pgf\basiclayer\pgfcoreex
ternal.code.tex
File: pgfcoreexternal.code.tex 2014/07/09  (rcs-revision 1.21)
\pgfexternal@startupbox=\box38
))
(C:\Users\Tolga\AppData\Roaming\MiKTeX\2.9\tex\generic\pgf\basiclayer\pgfcorela
yers.code.tex
File: pgfcorelayers.code.tex 2013/07/18  (rcs-revision 1.7)
)
(C:\Users\Tolga\AppData\Roaming\MiKTeX\2.9\tex\generic\pgf\basiclayer\pgfcoretr
ansparency.code.tex
File: pgfcoretransparency.code.tex 2013/09/30  (rcs-revision 1.5)
)
(C:\Users\Tolga\AppData\Roaming\MiKTeX\2.9\tex\generic\pgf\basiclayer\pgfcorepa
tterns.code.tex
File: pgfcorepatterns.code.tex 2013/11/07  (rcs-revision 1.5)
)))
(C:\Users\Tolga\AppData\Roaming\MiKTeX\2.9\tex\generic\pgf\modules\pgfmodulesha
pes.code.tex
File: pgfmoduleshapes.code.tex 2014/03/21  (rcs-revision 1.35)
\pgfnodeparttextbox=\box39
)
(C:\Users\Tolga\AppData\Roaming\MiKTeX\2.9\tex\generic\pgf\modules\pgfmoduleplo
t.code.tex
File: pgfmoduleplot.code.tex 2015/08/03  (rcs-revision 1.13)
)
(C:\Users\Tolga\AppData\Roaming\MiKTeX\2.9\tex\latex\pgf\compatibility\pgfcomp-
version-0-65.sty
Package: pgfcomp-version-0-65 2007/07/03 v3.0.1a (rcs-revision 1.7)
\pgf@nodesepstart=\dimen175
\pgf@nodesepend=\dimen176
)
(C:\Users\Tolga\AppData\Roaming\MiKTeX\2.9\tex\latex\pgf\compatibility\pgfcomp-
version-1-18.sty
Package: pgfcomp-version-1-18 2007/07/23 v3.0.1a (rcs-revision 1.1)
)) ("C:\Program Files\MiKTeX 2.9\tex\latex\environ\environ.sty"
Package: environ 2014/05/04 v0.3 A new way to define environments
("C:\Program Files\MiKTeX 2.9\tex\latex\trimspaces\trimspaces.sty"
Package: trimspaces 2009/09/17 v1.1 Trim spaces around a token list
))
(C:\Users\Tolga\AppData\Roaming\MiKTeX\2.9\tex\latex\etoolbox\etoolbox.sty
Package: etoolbox 2018/02/11 v2.5e e-TeX tools for LaTeX (JAW)
\etb@tempcnta=\count153
)
\tcb@titlebox=\box40
\tcb@upperbox=\box41
\tcb@lowerbox=\box42
\tcb@phantombox=\box43
\c@tcbbreakpart=\count154
\c@tcblayer=\count155
\tcolorbox@number=\count156
\tcb@temp=\box44
\tcb@temp=\box45
\tcb@temp=\box46
\tcb@temp=\box47
\tcb@out=\write7
\tcb@record@out=\write8

("C:\Program Files\MiKTeX 2.9\tex\latex\tcolorbox\tcbraster.code.tex"
Library (tcolorbox): 'tcbraster.code.tex' version '4.13'
\c@tcbrastercolumn=\count157
\c@tcbrasterrow=\count158
\c@tcbraster=\count159
) ("C:\Program Files\MiKTeX 2.9\tex\latex\tcolorbox\tcbskins.code.tex"
Library (tcolorbox): 'tcbskins.code.tex' version '4.13'

(C:\Users\Tolga\AppData\Roaming\MiKTeX\2.9\tex\latex\pgf\frontendlayer\tikz.sty
(C:\Users\Tolga\AppData\Roaming\MiKTeX\2.9\tex\latex\pgf\utilities\pgffor.sty
(C:\Users\Tolga\AppData\Roaming\MiKTeX\2.9\tex\latex\pgf\utilities\pgfkeys.sty
(C:\Users\Tolga\AppData\Roaming\MiKTeX\2.9\tex\generic\pgf\utilities\pgfkeys.co
de.tex))
(C:\Users\Tolga\AppData\Roaming\MiKTeX\2.9\tex\latex\pgf\math\pgfmath.sty
(C:\Users\Tolga\AppData\Roaming\MiKTeX\2.9\tex\generic\pgf\math\pgfmath.code.te
x))
(C:\Users\Tolga\AppData\Roaming\MiKTeX\2.9\tex\generic\pgf\utilities\pgffor.cod
e.tex
Package: pgffor 2013/12/13 v3.0.1a (rcs-revision 1.25)

(C:\Users\Tolga\AppData\Roaming\MiKTeX\2.9\tex\generic\pgf\math\pgfmath.code.te
x)
\pgffor@iter=\dimen177
\pgffor@skip=\dimen178
\pgffor@stack=\toks48
\pgffor@toks=\toks49
))
(C:\Users\Tolga\AppData\Roaming\MiKTeX\2.9\tex\generic\pgf\frontendlayer\tikz\t
ikz.code.tex
Package: tikz 2015/08/07 v3.0.1a (rcs-revision 1.151)

(C:\Users\Tolga\AppData\Roaming\MiKTeX\2.9\tex\generic\pgf\libraries\pgflibrary
plothandlers.code.tex
File: pgflibraryplothandlers.code.tex 2013/08/31 v3.0.1a (rcs-revision 1.20)
\pgf@plot@mark@count=\count160
\pgfplotmarksize=\dimen179
)
\tikz@lastx=\dimen180
\tikz@lasty=\dimen181
\tikz@lastxsaved=\dimen182
\tikz@lastysaved=\dimen183
\tikzleveldistance=\dimen184
\tikzsiblingdistance=\dimen185
\tikz@figbox=\box48
\tikz@figbox@bg=\box49
\tikz@tempbox=\box50
\tikz@tempbox@bg=\box51
\tikztreelevel=\count161
\tikznumberofchildren=\count162
\tikznumberofcurrentchild=\count163
\tikz@fig@count=\count164

(C:\Users\Tolga\AppData\Roaming\MiKTeX\2.9\tex\generic\pgf\modules\pgfmodulemat
rix.code.tex
File: pgfmodulematrix.code.tex 2013/09/17  (rcs-revision 1.8)
\pgfmatrixcurrentrow=\count165
\pgfmatrixcurrentcolumn=\count166
\pgf@matrix@numberofcolumns=\count167
)
\tikz@expandcount=\count168

(C:\Users\Tolga\AppData\Roaming\MiKTeX\2.9\tex\generic\pgf\frontendlayer\tikz\l
ibraries\tikzlibrarytopaths.code.tex
File: tikzlibrarytopaths.code.tex 2008/06/17 v3.0.1a (rcs-revision 1.2)
)))
\tcb@waterbox=\box52

("C:\Program Files\MiKTeX 2.9\tex\latex\tcolorbox\tcbskinsjigsaw.code.tex"
Library (tcolorbox): 'tcbskinsjigsaw.code.tex' version '4.13'
)) ("C:\Program Files\MiKTeX 2.9\tex\latex\tcolorbox\tcbbreakable.code.tex"
Library (tcolorbox): 'tcbbreakable.code.tex' version '4.13'
\tcb@testbox=\box53
\tcb@totalupperbox=\box54
\tcb@totallowerbox=\box55
) ("C:\Program Files\MiKTeX 2.9\tex\latex\tcolorbox\tcbhooks.code.tex"
Library (tcolorbox): 'tcbhooks.code.tex' version '4.13'
) ("C:\Program Files\MiKTeX 2.9\tex\latex\tcolorbox\tcbtheorems.code.tex"
Library (tcolorbox): 'tcbtheorems.code.tex' version '4.13'
) ("C:\Program Files\MiKTeX 2.9\tex\latex\tcolorbox\tcbfitting.code.tex"
Library (tcolorbox): 'tcbfitting.code.tex' version '4.13'
\tcbfitdim=\dimen186
\tcb@lowerfitdim=\dimen187
\tcb@upperfitdim=\dimen188
\tcb@cur@hbadness=\count169
) ("C:\Program Files\MiKTeX 2.9\tex\latex\tcolorbox\tcbxparse.code.tex"
Library (tcolorbox): 'tcbxparse.code.tex' version '4.13'
("C:\Program Files\MiKTeX 2.9\tex\latex\l3packages\xparse\xparse.sty"
("C:\Program Files\MiKTeX 2.9\tex\latex\l3kernel\expl3.sty"
Package: expl3 2018-06-14 L3 programming layer (loader) 

("C:\Program Files\MiKTeX 2.9\tex\latex\l3kernel\expl3-code.tex"
Package: expl3 2018-06-14 L3 programming layer (code)
\c_max_int=\count170
\l_tmpa_int=\count171
\l_tmpb_int=\count172
\g_tmpa_int=\count173
\g_tmpb_int=\count174
\g__kernel_prg_map_int=\count175
\c_log_iow=\count176
\l_iow_line_count_int=\count177
\l__iow_line_target_int=\count178
\l__iow_one_indent_int=\count179
\l__iow_indent_int=\count180
\c_zero_dim=\dimen189
\c_max_dim=\dimen190
\l_tmpa_dim=\dimen191
\l_tmpb_dim=\dimen192
\g_tmpa_dim=\dimen193
\g_tmpb_dim=\dimen194
\c_zero_skip=\skip66
\c_max_skip=\skip67
\l_tmpa_skip=\skip68
\l_tmpb_skip=\skip69
\g_tmpa_skip=\skip70
\g_tmpb_skip=\skip71
\c_zero_muskip=\muskip12
\c_max_muskip=\muskip13
\l_tmpa_muskip=\muskip14
\l_tmpb_muskip=\muskip15
\g_tmpa_muskip=\muskip16
\g_tmpb_muskip=\muskip17
\l_keys_choice_int=\count181
\l__intarray_loop_int=\count182
\c__intarray_sp_dim=\dimen195
\g__intarray_font_int=\count183
\c__fp_leading_shift_int=\count184
\c__fp_middle_shift_int=\count185
\c__fp_trailing_shift_int=\count186
\c__fp_big_leading_shift_int=\count187
\c__fp_big_middle_shift_int=\count188
\c__fp_big_trailing_shift_int=\count189
\c__fp_Bigg_leading_shift_int=\count190
\c__fp_Bigg_middle_shift_int=\count191
\c__fp_Bigg_trailing_shift_int=\count192
\c__kernel_randint_max_int=\count193
\g__fp_array_int=\count194
\l__fp_array_loop_int=\count195
\l__sort_length_int=\count196
\l__sort_min_int=\count197
\l__sort_top_int=\count198
\l__sort_max_int=\count199
\l__sort_true_max_int=\count266
\l__sort_block_int=\count267
\l__sort_begin_int=\count268
\l__sort_end_int=\count269
\l__sort_A_int=\count270
\l__sort_B_int=\count271
\l__sort_C_int=\count272
\l__tl_analysis_normal_int=\count273
\l__tl_analysis_index_int=\count274
\l__tl_analysis_nesting_int=\count275
\l__tl_analysis_type_int=\count276
\l__regex_internal_a_int=\count277
\l__regex_internal_b_int=\count278
\l__regex_internal_c_int=\count279
\l__regex_balance_int=\count280
\l__regex_group_level_int=\count281
\l__regex_mode_int=\count282
\c__regex_cs_in_class_mode_int=\count283
\c__regex_cs_mode_int=\count284
\l__regex_catcodes_int=\count285
\l__regex_default_catcodes_int=\count286
\c__regex_catcode_D_int=\count287
\c__regex_catcode_S_int=\count288
\c__regex_catcode_L_int=\count289
\c__regex_catcode_O_int=\count290
\c__regex_catcode_A_int=\count291
\c__regex_all_catcodes_int=\count292
\l__regex_show_lines_int=\count293
\l__regex_min_state_int=\count294
\l__regex_max_state_int=\count295
\l__regex_left_state_int=\count296
\l__regex_right_state_int=\count297
\l__regex_capturing_group_int=\count298
\l__regex_min_pos_int=\count299
\l__regex_max_pos_int=\count300
\l__regex_curr_pos_int=\count301
\l__regex_start_pos_int=\count302
\l__regex_success_pos_int=\count303
\l__regex_curr_char_int=\count304
\l__regex_curr_catcode_int=\count305
\l__regex_last_char_int=\count306
\l__regex_case_changed_char_int=\count307
\l__regex_curr_state_int=\count308
\l__regex_step_int=\count309
\l__regex_min_active_int=\count310
\l__regex_max_active_int=\count311
\l__regex_replacement_csnames_int=\count312
\l__regex_match_count_int=\count313
\l__regex_min_submatch_int=\count314
\l__regex_submatch_int=\count315
\l__regex_zeroth_submatch_int=\count316
\g__regex_trace_regex_int=\count317
\c_empty_box=\box56
\l_tmpa_box=\box57
\l_tmpb_box=\box58
\g_tmpa_box=\box59
\g_tmpb_box=\box60
\l__box_top_dim=\dimen196
\l__box_bottom_dim=\dimen197
\l__box_left_dim=\dimen198
\l__box_right_dim=\dimen199
\l__box_top_new_dim=\dimen256
\l__box_bottom_new_dim=\dimen257
\l__box_left_new_dim=\dimen258
\l__box_right_new_dim=\dimen259
\l__box_internal_box=\box61
\l__coffin_internal_box=\box62
\l__coffin_internal_dim=\dimen260
\l__coffin_offset_x_dim=\dimen261
\l__coffin_offset_y_dim=\dimen262
\l__coffin_x_dim=\dimen263
\l__coffin_y_dim=\dimen264
\l__coffin_x_prime_dim=\dimen265
\l__coffin_y_prime_dim=\dimen266
\c_empty_coffin=\box63
\l__coffin_aligned_coffin=\box64
\l__coffin_aligned_internal_coffin=\box65
\l_tmpa_coffin=\box66
\l_tmpb_coffin=\box67
\l__coffin_display_coffin=\box68
\l__coffin_display_coord_coffin=\box69
\l__coffin_display_pole_coffin=\box70
\l__coffin_display_offset_dim=\dimen267
\l__coffin_display_x_dim=\dimen268
\l__coffin_display_y_dim=\dimen269
\g__file_internal_ior=\read5
\l__coffin_bounding_shift_dim=\dimen270
\l__coffin_left_corner_dim=\dimen271
\l__coffin_right_corner_dim=\dimen272
\l__coffin_bottom_corner_dim=\dimen273
\l__coffin_top_corner_dim=\dimen274
\l__coffin_scaled_total_height_dim=\dimen275
\l__coffin_scaled_width_dim=\dimen276
\l__seq_internal_a_int=\count318
\l__seq_internal_b_int=\count319
)
("C:\Program Files\MiKTeX 2.9\tex\latex\l3kernel\l3pdfmode.def"
File: l3pdfmode.def 2018-06-14 v L3 Experimental driver: PDF mode
\l__driver_color_stack_int=\count320
))
Package: xparse 2018-05-12 L3 Experimental document command parser
\l__xparse_current_arg_int=\count321
\g__xparse_grabber_int=\count322
\l__xparse_m_args_int=\count323
\l__xparse_mandatory_args_int=\count324
\l__xparse_v_nesting_int=\count325
)
.................................................
. LaTeX info: "xparse/define-command"
. 
. Defining command \tcboxverb with sig. ' O{} v ' on line 128.
.................................................
.................................................
. LaTeX info: "xparse/define-command"
. 
. Defining command \tcbsidebyside with sig. ' +O{} +m +m ' on line 280.
.................................................
)
("C:\Program Files\MiKTeX 2.9\tex\latex\tcolorbox\tcblistingsutf8.code.tex"
Library (tcolorbox): 'tcblistingsutf8.code.tex' version '4.13'
("C:\Program Files\MiKTeX 2.9\tex\latex\oberdiek\listingsutf8.sty"
Package: listingsutf8 2016/05/16 v1.3 Allow UTF-8 in listings input (HO)

("C:\Program Files\MiKTeX 2.9\tex\latex\listings\listings.sty"
\lst@mode=\count326
\lst@gtempboxa=\box71
\lst@token=\toks50
\lst@length=\count327
\lst@currlwidth=\dimen277
\lst@column=\count328
\lst@pos=\count329
\lst@lostspace=\dimen278
\lst@width=\dimen279
\lst@newlines=\count330
\lst@lineno=\count331
\lst@maxwidth=\dimen280

("C:\Program Files\MiKTeX 2.9\tex\latex\listings\lstmisc.sty"
File: lstmisc.sty 2015/06/04 1.6 (Carsten Heinz)
\c@lstnumber=\count332
\lst@skipnumbers=\count333
\lst@framebox=\box72
)
("C:\Program Files\MiKTeX 2.9\tex\latex\listings\listings.cfg"
File: listings.cfg 2015/06/04 1.6 listings configuration
))
Package: listings 2015/06/04 1.6 (Carsten Heinz)

("C:\Program Files\MiKTeX 2.9\tex\generic\oberdiek\stringenc.sty"
Package: stringenc 2016/05/16 v1.11 Convert strings between diff. encodings (HO
)
))
("C:\Program Files\MiKTeX 2.9\tex\latex\tcolorbox\tcblistings.code.tex"
Library (tcolorbox): 'tcblistings.code.tex' version '4.13'
("C:\Program Files\MiKTeX 2.9\tex\latex\tcolorbox\tcblistingscore.code.tex"
Library (tcolorbox): 'tcblistingscore.code.tex' version '4.13'
("C:\Program Files\MiKTeX 2.9\tex\latex\tcolorbox\tcbprocessing.code.tex"
Library (tcolorbox): 'tcbprocessing.code.tex' version '4.13'
("C:\Program Files\MiKTeX 2.9\tex\latex\tools\shellesc.sty"
Package: shellesc 2016/06/07 v0.02a unified shell escape interface for LaTeX
Package shellesc Info: Restricted shell escape enabled on input line 69.
))
\c@tcblisting=\count334
)))
("C:\Program Files\MiKTeX 2.9\tex\latex\tcolorbox\tcbexternal.code.tex"
Library (tcolorbox): 'tcbexternal.code.tex' version '4.13'
) ("C:\Program Files\MiKTeX 2.9\tex\latex\tcolorbox\tcbmagazine.code.tex"
Library (tcolorbox): 'tcbmagazine.code.tex' version '4.13'
) ("C:\Program Files\MiKTeX 2.9\tex\latex\tcolorbox\tcbvignette.code.tex"
Library (tcolorbox): 'tcbvignette.code.tex' version '4.13'

(C:\Users\Tolga\AppData\Roaming\MiKTeX\2.9\tex\generic\pgf\frontendlayer\tikz\l
ibraries\tikzlibraryfadings.code.tex
File: tikzlibraryfadings.code.tex 2009/11/15 v3.0.1a (rcs-revision 1.2)

(C:\Users\Tolga\AppData\Roaming\MiKTeX\2.9\tex\generic\pgf\libraries\pgflibrary
fadings.code.tex
File: pgflibraryfadings.code.tex 2008/02/07 v3.0.1a (rcs-revision 1.3)
)))
("C:\Program Files\MiKTeX 2.9\tex\latex\tcolorbox\tcbposter.code.tex"
Library (tcolorbox): 'tcbposter.code.tex' version '4.13'
))
Package hyperref Info: Option `colorlinks' set `true' on input line 38.

No file "adaptive learning with occasionally binding constraints".aux.
\openout1 = `"adaptive learning with occasionally binding constraints.aux"'.

LaTeX Font Info:    Checking defaults for OML/cmm/m/it on input line 43.
LaTeX Font Info:    ... okay on input line 43.
LaTeX Font Info:    Checking defaults for T1/cmr/m/n on input line 43.
LaTeX Font Info:    ... okay on input line 43.
LaTeX Font Info:    Checking defaults for OT1/cmr/m/n on input line 43.
LaTeX Font Info:    ... okay on input line 43.
LaTeX Font Info:    Checking defaults for OMS/cmsy/m/n on input line 43.
LaTeX Font Info:    ... okay on input line 43.
LaTeX Font Info:    Checking defaults for OMX/cmex/m/n on input line 43.
LaTeX Font Info:    ... okay on input line 43.
LaTeX Font Info:    Checking defaults for U/cmr/m/n on input line 43.
LaTeX Font Info:    ... okay on input line 43.
LaTeX Font Info:    Checking defaults for PD1/pdf/m/n on input line 43.
LaTeX Font Info:    ... okay on input line 43.
(C:\Users\Tolga\AppData\Roaming\MiKTeX\2.9\tex\latex\ucs\ucsencs.def
File: ucsencs.def 2011/01/21 Fixes to fontencodings LGR, T3
)
(C:\Users\Tolga\AppData\Roaming\MiKTeX\2.9\tex\context\base\supp-pdf.mkii
[Loading MPS to PDF converter (version 2006.09.02).]
\scratchcounter=\count335
\scratchdimen=\dimen281
\scratchbox=\box73
\nofMPsegments=\count336
\nofMParguments=\count337
\everyMPshowfont=\toks51
\MPscratchCnt=\count338
\MPscratchDim=\dimen282
\MPnumerator=\count339
\makeMPintoPDFobject=\count340
\everyMPtoPDFconversion=\toks52
) ("C:\Program Files\MiKTeX 2.9\tex\latex\oberdiek\epstopdf-base.sty"
Package: epstopdf-base 2016/05/15 v2.6 Base part for package epstopdf

("C:\Program Files\MiKTeX 2.9\tex\latex\oberdiek\grfext.sty"
Package: grfext 2016/05/16 v1.2 Manage graphics extensions (HO)
)
Package epstopdf-base Info: Redefining graphics rule for `.eps' on input line 4
38.
Package grfext Info: Graphics extension search list:
(grfext)             [.pdf,.png,.jpg,.mps,.jpeg,.jbig2,.jb2,.PDF,.PNG,.JPG,.JPE
G,.JBIG2,.JB2,.eps]
(grfext)             \AppendGraphicsExtensions on input line 456.
)
*geometry* driver: auto-detecting
*geometry* detected driver: pdftex
*geometry* verbose mode - [ preamble ] result:
* driver: pdftex
* paper: <default>
* layout: <same size as paper>
* layoutoffset:(h,v)=(0.0pt,0.0pt)
* modes: 
* h-part:(L,W,R)=(65.04256pt, 484.20988pt, 65.04256pt)
* v-part:(T,H,B)=(65.04256pt, 664.88487pt, 65.04256pt)
* \paperwidth=614.295pt
* \paperheight=794.96999pt
* \textwidth=484.20988pt
* \textheight=664.88487pt
* \oddsidemargin=-7.22743pt
* \evensidemargin=-7.22743pt
* \topmargin=-44.22743pt
* \headheight=12.0pt
* \headsep=25.0pt
* \topskip=12.0pt
* \footskip=30.0pt
* \marginparwidth=44.0pt
* \marginparsep=10.0pt
* \columnsep=10.0pt
* \skip\footins=10.8pt plus 4.0pt minus 2.0pt
* \hoffset=0.0pt
* \voffset=0.0pt
* \mag=1000
* \@twocolumnfalse
* \@twosidefalse
* \@mparswitchfalse
* \@reversemarginfalse
* (1in=72.27pt=25.4mm, 1cm=28.453pt)

LaTeX Info: Redefining \celsius on input line 43.
Package gensymb Info: Faking symbols for \degree and \celsius on input line 43.


Package gensymb Warning: Not defining \perthousand.

LaTeX Info: Redefining \ohm on input line 43.
Package gensymb Info: Using \Omega for \ohm on input line 43.

Package gensymb Warning: Not defining \micro.

\AtBeginShipoutBox=\box74
Package hyperref Info: Link coloring ON on input line 43.
("C:\Program Files\MiKTeX 2.9\tex\latex\hyperref\nameref.sty"
Package: nameref 2016/05/21 v2.44 Cross-referencing by name of section

("C:\Program Files\MiKTeX 2.9\tex\generic\oberdiek\gettitlestring.sty"
Package: gettitlestring 2016/05/16 v1.5 Cleanup title references (HO)
)
\c@section@level=\count341
)
LaTeX Info: Redefining \ref on input line 43.
LaTeX Info: Redefining \pageref on input line 43.
LaTeX Info: Redefining \nameref on input line 43.

("C:/Users/Tolga/Desktop/ZLB_paper/latex_files\adaptive learning with occasiona
lly binding constraints.out")
("C:/Users/Tolga/Desktop/ZLB_paper/latex_files\adaptive learning with occasiona
lly binding constraints.out")
\@outlinefile=\write9
\openout9 = `"adaptive learning with occasionally binding constraints.out"'.

 ABD: EveryShipout initializing macros
\c@lstlisting=\count342
LaTeX Font Info:    Try loading font information for U+msa on input line 46.

("C:\Program Files\MiKTeX 2.9\tex\latex\amsfonts\umsa.fd"
File: umsa.fd 2013/01/14 v3.01 AMS symbols A
)
LaTeX Font Info:    Try loading font information for U+msb on input line 46.

("C:\Program Files\MiKTeX 2.9\tex\latex\amsfonts\umsb.fd"
File: umsb.fd 2013/01/14 v3.01 AMS symbols B
)
LaTeX Font Info:    Try loading font information for OMS+cmr on input line 46.

("C:\Program Files\MiKTeX 2.9\tex\latex\base\omscmr.fd"
File: omscmr.fd 2014/09/29 v2.5h Standard LaTeX font definitions
)
LaTeX Font Info:    Font shape `OMS/cmr/m/n' in size <14.4> not available
(Font)              Font shape `OMS/cmsy/m/n' tried instead on input line 46.
LaTeX Font Info:    Font shape `OMS/cmr/m/n' in size <10> not available
(Font)              Font shape `OMS/cmsy/m/n' tried instead on input line 46.
LaTeX Font Info:    Font shape `OMS/cmr/m/n' in size <7> not available
(Font)              Font shape `OMS/cmsy/m/n' tried instead on input line 46.


Package natbib Warning: Citation `kim1999state' on page 1 undefined on input li
ne 52.


Package natbib Warning: Citation `smets2007shocks' on page 1 undefined on input
 line 52.


Underfull \hbox (badness 10000) in paragraph at lines 61--63

 []


Underfull \hbox (badness 10000) in paragraph at lines 73--74

 []

[1

{C:/Users/Tolga/AppData/Local/MiKTeX/2.9/pdftex/config/pdftex.map}]

Package natbib Warning: Citation `linde2017estimation' on page 2 undefined on i
nput line 76.


Package natbib Warning: Citation `ji2016government' on page 2 undefined on inpu
t line 76.


Package natbib Warning: Citation `evans2012learning' on page 2 undefined on inp
ut line 76.


Package natbib Warning: Citation `woodford2013macroeconomic' on page 2 undefine
d on input line 76.


Package natbib Warning: Citation `milani2007expectations' on page 2 undefined o
n input line 76.


Package natbib Warning: Citation `eusepi2011expectations' on page 2 undefined o
n input line 76.


Package natbib Warning: Citation `bullard2002learning' on page 2 undefined on i
nput line 76.


Package natbib Warning: Citation `bullard2014does' on page 2 undefined on input
 line 76.


Package natbib Warning: Citation `slobodyan2012blearning' on page 2 undefined o
n input line 76.


Package natbib Warning: Citation `slobodyan2012alearning' on page 2 undefined o
n input line 76.


Package natbib Warning: Citation `quaghebeur2018learning' on page 2 undefined o
n input line 76.


Package natbib Warning: Citation `evans2008liquidity' on page 2 undefined on in
put line 76.


Package natbib Warning: Citation `evans201011' on page 2 undefined on input lin
e 76.


Package natbib Warning: Citation `branch2013adaptive' on page 2 undefined on in
put line 76.


Package natbib Warning: Citation `lansing2018endogenous' on page 2 undefined on
 input line 76.


Underfull \hbox (badness 10000) in paragraph at lines 75--78

 []


Package natbib Warning: Citation `maih2015efficient' on page 2 undefined on inp
ut line 80.


Package natbib Warning: Citation `linde2017estimation' on page 2 undefined on i
nput line 80.


Package natbib Warning: Citation `bonam2017effects' on page 2 undefined on inpu
t line 80.


Package natbib Warning: Citation `binning2016implementing' on page 2 undefined 
on input line 80.


Package natbib Warning: Citation `linde2017estimation' on page 2 undefined on i
nput line 80.


Package natbib Warning: Citation `sims2006were' on page 2 undefined on input li
ne 80.


Package natbib Warning: Citation `davig2007generalizing' on page 2 undefined on
 input line 80.


Package natbib Warning: Citation `sims2008methods' on page 2 undefined on input
 line 80.


Package natbib Warning: Citation `liu2011sources' on page 2 undefined on input 
line 80.


Package natbib Warning: Citation `liu2011evolving' on page 2 undefined on input
 line 80.


Package natbib Warning: Citation `bianchi2016methods' on page 2 undefined on in
put line 80.


Package natbib Warning: Citation `bianchi2017monetary' on page 2 undefined on i
nput line 80.


Underfull \hbox (badness 10000) in paragraph at lines 79--81

 []

[2]
Underfull \hbox (badness 10000) in paragraph at lines 82--84

 []


Package natbib Warning: Citation `farmer2009understanding' on page 3 undefined 
on input line 85.


Package natbib Warning: Citation `farmer2011minimal' on page 3 undefined on inp
ut line 85.


Package natbib Warning: Citation `davig2007generalizing' on page 3 undefined on
 input line 85.


Underfull \hbox (badness 10000) in paragraph at lines 85--86

 []


Package natbib Warning: Citation `woodford2013macroeconomic' on page 3 undefine
d on input line 88.


Package natbib Warning: Citation `smets2007shocks' on page 3 undefined on input
 line 88.


Underfull \hbox (badness 10000) in paragraph at lines 87--89

 []


Package natbib Warning: Citation `davig2007generalizing' on page 3 undefined on
 input line 99.

[3]
Underfull \hbox (badness 10000) in paragraph at lines 110--111

 []

(C:\Users\Tolga\AppData\Roaming\MiKTeX\2.9\tex\latex\ucs\uni-32.def
File: uni-32.def 2013/05/13 UCS: Unicode data U+2000..U+20FF
)

Package natbib Warning: Citation `davig2007generalizing' on page 4 undefined on
 input line 120.


Underfull \hbox (badness 10000) in paragraph at lines 129--130

 []


Underfull \hbox (badness 10000) in paragraph at lines 144--145

 []


Underfull \hbox (badness 10000) in paragraph at lines 151--152

 []


Package natbib Warning: Citation `davig2007generalizing' on page 4 undefined on
 input line 161.


Underfull \hbox (badness 10000) in paragraph at lines 161--162

 []


Underfull \hbox (badness 10000) in paragraph at lines 166--168

 []

[4]
Underfull \hbox (badness 10000) in paragraph at lines 173--174

 []


Package natbib Warning: Citation `evans2012learning' on page 5 undefined on inp
ut line 182.


Underfull \hbox (badness 10000) in paragraph at lines 182--183

 []


Package natbib Warning: Citation `hommes2014behavioral' on page 5 undefined on 
input line 185.


Underfull \hbox (badness 10000) in paragraph at lines 184--186

 []


Underfull \hbox (badness 10000) in paragraph at lines 189--190

 []


Package natbib Warning: Citation `bullard2014does' on page 5 undefined on input
 line 194.


Package natbib Warning: Citation `evans2012learning' on page 5 undefined on inp
ut line 194.


Underfull \hbox (badness 10000) in paragraph at lines 193--195

 []


Underfull \hbox (badness 10000) in paragraph at lines 198--199

 []

[5]

Package natbib Warning: Citation `davig2007generalizing' on page 6 undefined on
 input line 206.


Underfull \hbox (badness 10000) in paragraph at lines 206--207

 []

(C:\Users\Tolga\AppData\Roaming\MiKTeX\2.9\tex\latex\ucs\uni-0.def
File: uni-0.def 2013/05/13 UCS: Unicode data U+0000..U+00FF
)

Package natbib Warning: Citation `evans2012learning' on page 6 undefined on inp
ut line 209.


Underfull \hbox (badness 10000) in paragraph at lines 208--210

 []


LaTeX Warning: Reference `fisher_simul' on page 6 undefined on input line 219.


Underfull \hbox (badness 10000) in paragraph at lines 219--220

 []

<figures/fisher_simulation1_learningCoef.pdf, id=153, 1145.27875pt x 622.325pt>

File: figures/fisher_simulation1_learningCoef.pdf Graphic file (type pdf)
<use figures/fisher_simulation1_learningCoef.pdf>
Package pdftex.def Info: figures/fisher_simulation1_learningCoef.pdf  used on i
nput line 231.
(pdftex.def)             Requested size: 229.05168pt x 124.46278pt.
<figures/fisher_simulation2_learningCoef.pdf, id=154, 1145.27875pt x 622.325pt>

File: figures/fisher_simulation2_learningCoef.pdf Graphic file (type pdf)
<use figures/fisher_simulation2_learningCoef.pdf>
Package pdftex.def Info: figures/fisher_simulation2_learningCoef.pdf  used on i
nput line 232.
(pdftex.def)             Requested size: 229.05168pt x 124.46278pt.

Underfull \hbox (badness 10000) in paragraph at lines 230--234

 []


Underfull \hbox (badness 10000) in paragraph at lines 235--236

 []

<figures/fisher_simulation1_pinf.pdf, id=155, 1145.27875pt x 622.325pt>
File: figures/fisher_simulation1_pinf.pdf Graphic file (type pdf)
<use figures/fisher_simulation1_pinf.pdf>
Package pdftex.def Info: figures/fisher_simulation1_pinf.pdf  used on input lin
e 237.
(pdftex.def)             Requested size: 229.05168pt x 124.46278pt.
<figures/fisher_simulation2_pinf.pdf, id=156, 1145.27875pt x 622.325pt>
File: figures/fisher_simulation2_pinf.pdf Graphic file (type pdf)
<use figures/fisher_simulation2_pinf.pdf>
Package pdftex.def Info: figures/fisher_simulation2_pinf.pdf  used on input lin
e 238.
(pdftex.def)             Requested size: 229.05168pt x 124.46278pt.

Underfull \hbox (badness 10000) in paragraph at lines 238--239

 []

! Extra }, or forgotten \endgroup.
\@endfloatbox ...pagefalse \outer@nobreak \egroup 
                                                  \color@endbox 
l.239 \end{figure}
                  
? <return>
Type <return> to proceed, S to scroll future error messages,
R to run without stopping, Q to run quietly,
I to insert something, E to edit your file,
1 or ... or 9 to ignore the next 1 to 9 tokens of input,
H for help, X to quit.
? R
OK, entering \nonstopmode...
[6]
Underfull \hbox (badness 10000) in paragraph at lines 243--244

 []


Package natbib Warning: Citation `slobodyan2012alearning' on page 7 undefined o
n input line 252.


Package natbib Warning: Citation `christopher2018learning' on page 7 undefined 
on input line 252.

[7 <C:/Users/Tolga/Desktop/ZLB_paper/latex_files/figures/fisher_simulation1_lea
rningCoef.pdf> <C:/Users/Tolga/Desktop/ZLB_paper/latex_files/figures/fisher_sim
ulation2_learningCoef.pdf> <C:/Users/Tolga/Desktop/ZLB_paper/latex_files/figure
s/fisher_simulation1_pinf.pdf> <C:/Users/Tolga/Desktop/ZLB_paper/latex_files/fi
gures/fisher_simulation2_pinf.pdf>]
Underfull \hbox (badness 10000) in paragraph at lines 256--257

 []


Package amsmath Warning: Foreign command \atopwithdelims;
(amsmath)                \frac or \genfrac should be used instead
(amsmath)                 on input line 280.


Package natbib Warning: Citation `evans2012learning' on page 8 undefined on inp
ut line 280.


LaTeX Warning: Reference `uhlig1995toolkit' on page 8 undefined on input line 2
80.


Underfull \hbox (badness 10000) in paragraph at lines 282--283

 []


Underfull \hbox (badness 10000) in paragraph at lines 288--289

 []


Underfull \hbox (badness 10000) in paragraph at lines 294--295

 []


Underfull \hbox (badness 10000) in paragraph at lines 296--297

 []

[8]
Underfull \hbox (badness 10000) in paragraph at lines 316--317

 []


Underfull \hbox (badness 10000) in paragraph at lines 322--323

 []


Underfull \hbox (badness 10000) in paragraph at lines 331--332

 []


Underfull \hbox (badness 10000) in paragraph at lines 337--338

 []


Underfull \hbox (badness 10000) in paragraph at lines 339--340

 []


Underfull \hbox (badness 10000) in paragraph at lines 341--342

 []


Underfull \hbox (badness 10000) in paragraph at lines 343--344

 []


Underfull \hbox (badness 10000) in paragraph at lines 345--346

 []


Underfull \hbox (badness 10000) in paragraph at lines 357--358

 []


Underfull \hbox (badness 10000) in paragraph at lines 359--360

 []


Underfull \hbox (badness 10000) in paragraph at lines 361--362

 []


Underfull \hbox (badness 10000) in paragraph at lines 367--368

 []


Underfull \hbox (badness 10000) in paragraph at lines 371--373

 []

[9]
Underfull \hbox (badness 10000) in paragraph at lines 377--378

 []


Package natbib Warning: Citation `woodford2013macroeconomic' on page 10 undefin
ed on input line 390.


Underfull \hbox (badness 10000) in paragraph at lines 390--391

 []


Underfull \hbox (badness 10000) in paragraph at lines 402--403

 []


Package natbib Warning: Citation `linde2017estimation' on page 10 undefined on 
input line 411.


Package natbib Warning: Citation `evans2008liquidity' on page 10 undefined on i
nput line 411.


Package natbib Warning: Citation `evans2008liquidity' on page 10 undefined on i
nput line 411.


Package natbib Warning: Citation `evans201011' on page 10 undefined on input li
ne 411.


LaTeX Warning: Reference `montecarlo_nkpc' on page 10 undefined on input line 4
11.

<figures/MC_MS_MSV_withLags.pdf, id=187, 421.575pt x 316.18124pt>
File: figures/MC_MS_MSV_withLags.pdf Graphic file (type pdf)
<use figures/MC_MS_MSV_withLags.pdf>
Package pdftex.def Info: figures/MC_MS_MSV_withLags.pdf  used on input line 418
.
(pdftex.def)             Requested size: 421.57396pt x 316.18047pt.
[10]
Underfull \hbox (badness 10000) in paragraph at lines 427--430

 []

[11 <C:/Users/Tolga/Desktop/ZLB_paper/latex_files/figures/MC_MS_MSV_withLags.pd
f>]

LaTeX Warning: Reference `table_km_filter' on page 12 undefined on input line 4
38.


LaTeX Warning: Reference `filter_km_illustration' on page 12 undefined on input
 line 438.


Underfull \hbox (badness 10000) in paragraph at lines 438--439

 []


Underfull \hbox (badness 10000) in paragraph at lines 480--484

 []


Underfull \hbox (badness 10000) in paragraph at lines 498--501

 []


Underfull \hbox (badness 10000) in paragraph at lines 509--513

 []

[12]
Overfull \vbox (67.54726pt too high) has occurred while \output is active []


[13]

pdfTeX warning: pdflatex (file C:/Users/Tolga/Desktop/ZLB_paper/latex_files/fig
ures/zlb_filter.pdf): PDF inclusion: found PDF version <1.7>, but at most versi
on <1.5> allowed
<figures/zlb_filter.pdf, id=1651, 844.15375pt x 597.23125pt>
File: figures/zlb_filter.pdf Graphic file (type pdf)
<use figures/zlb_filter.pdf>
Package pdftex.def Info: figures/zlb_filter.pdf  used on input line 529.
(pdftex.def)             Requested size: 506.49615pt x 358.3415pt.

Overfull \hbox (22.28627pt too wide) in paragraph at lines 529--530
[][] 
 []


Package natbib Warning: Citation `milani2007expectations' on page 14 undefined 
on input line 537.


Package natbib Warning: Citation `slobodyan2012alearning' on page 14 undefined 
on input line 537.


Package natbib Warning: Citation `slobodyan2012alearning' on page 14 undefined 
on input line 537.


Package natbib Warning: Citation `slobodyan2012blearning' on page 14 undefined 
on input line 537.


Package natbib Warning: Citation `berardi2017smoothing' on page 14 undefined on
 input line 537.


Package natbib Warning: Citation `berardi2017empirical' on page 14 undefined on
 input line 537.


Package natbib Warning: Citation `berardi2017empirical' on page 14 undefined on
 input line 537.


Package natbib Warning: Citation `berardi2017initialization' on page 14 undefin
ed on input line 537.


Package natbib Warning: Citation `slobodyan2012alearning' on page 14 undefined 
on input line 539.

[14 <C:/Users/Tolga/Desktop/ZLB_paper/latex_files/figures/zlb_filter.pdf>]

Package natbib Warning: Citation `slobodyan2012blearning' on page 15 undefined 
on input line 543.


Package natbib Warning: Citation `an2007bayesian' on page 15 undefined on input
 line 548.


Package natbib Warning: Citation `smets2007shocks' on page 15 undefined on inpu
t line 548.


Package natbib Warning: Citation `linde2017estimation' on page 15 undefined on 
input line 548.


Package natbib Warning: Citation `slobodyan2012alearning' on page 15 undefined 
on input line 548.


Package natbib Warning: Citation `an2007bayesian' on page 15 undefined on input
 line 549.


Underfull \hbox (badness 10000) in paragraph at lines 548--550

 []

[15]

LaTeX Warning: Reference `nkpc_estimation' on page 16 undefined on input line 5
61.


Package natbib Warning: Citation `maih2015efficient' on page 16 undefined on in
put line 561.


Package natbib Warning: Citation `adjemian2011dynare' on page 16 undefined on i
nput line 561.


Underfull \hbox (badness 10000) in paragraph at lines 561--562

 []


Underfull \hbox (badness 10000) in paragraph at lines 563--565

 []

[16]

LaTeX Warning: Reference `nkpc_regime_prob' on page 17 undefined on input line 
567.


LaTeX Warning: Reference `nkpc_learning_coef' on page 17 undefined on input lin
e 567.


LaTeX Warning: Reference `nkpc_impulse' on page 17 undefined on input line 567.



LaTeX Warning: Reference `nkpc_impulse' on page 17 undefined on input line 567.



Package natbib Warning: Citation `smets2007shocks' on page 17 undefined on inpu
t line 569.


Overfull \hbox (39.30255pt too wide) in paragraph at lines 583--616
[][] 
 []

[17]
<figures/NKPC_ree_init_AR1_regime.pdf, id=1756, 421.575pt x 316.18124pt>
File: figures/NKPC_ree_init_AR1_regime.pdf Graphic file (type pdf)
<use figures/NKPC_ree_init_AR1_regime.pdf>
Package pdftex.def Info: figures/NKPC_ree_init_AR1_regime.pdf  used on input li
ne 624.
(pdftex.def)             Requested size: 252.94695pt x 189.7102pt.
<figures/NKPC_sigmaPoint_regime.pdf, id=1757, 421.575pt x 316.18124pt>
File: figures/NKPC_sigmaPoint_regime.pdf Graphic file (type pdf)
<use figures/NKPC_sigmaPoint_regime.pdf>
Package pdftex.def Info: figures/NKPC_sigmaPoint_regime.pdf  used on input line
 625.
(pdftex.def)             Requested size: 252.94695pt x 189.7102pt.

Overfull \hbox (26.90498pt too wide) in paragraph at lines 622--627
[] [] [] 
 []


Underfull \hbox (badness 10000) in paragraph at lines 622--627

 []

[18]
<figures/NKPC_ree_init_AR1_alphas.pdf, id=1763, 421.575pt x 316.18124pt>
File: figures/NKPC_ree_init_AR1_alphas.pdf Graphic file (type pdf)
<use figures/NKPC_ree_init_AR1_alphas.pdf>
Package pdftex.def Info: figures/NKPC_ree_init_AR1_alphas.pdf  used on input li
ne 644.
(pdftex.def)             Requested size: 147.55345pt x 110.66508pt.
<figures/NKPC_ree_init_AR1_betas.pdf, id=1764, 421.575pt x 316.18124pt>
File: figures/NKPC_ree_init_AR1_betas.pdf Graphic file (type pdf)
<use figures/NKPC_ree_init_AR1_betas.pdf>
Package pdftex.def Info: figures/NKPC_ree_init_AR1_betas.pdf  used on input lin
e 645.
(pdftex.def)             Requested size: 147.55345pt x 110.66508pt.

Underfull \hbox (badness 10000) in paragraph at lines 643--646

 []

<figures/NKPC_ree_init_VAR1_alphas.pdf, id=1765, 421.575pt x 316.18124pt>
File: figures/NKPC_ree_init_VAR1_alphas.pdf Graphic file (type pdf)
<use figures/NKPC_ree_init_VAR1_alphas.pdf>
Package pdftex.def Info: figures/NKPC_ree_init_VAR1_alphas.pdf  used on input l
ine 648.
(pdftex.def)             Requested size: 147.55345pt x 110.66508pt.
<figures/NKPC_ree_init_VAR1_betas.pdf, id=1766, 421.575pt x 316.18124pt>
File: figures/NKPC_ree_init_VAR1_betas.pdf Graphic file (type pdf)
<use figures/NKPC_ree_init_VAR1_betas.pdf>
Package pdftex.def Info: figures/NKPC_ree_init_VAR1_betas.pdf  used on input li
ne 649.
(pdftex.def)             Requested size: 147.55345pt x 110.66508pt.

Underfull \hbox (badness 10000) in paragraph at lines 647--650

 []

<figures/NKPC_ree_init_MSV_alphas.pdf, id=1767, 421.575pt x 316.18124pt>
File: figures/NKPC_ree_init_MSV_alphas.pdf Graphic file (type pdf)
<use figures/NKPC_ree_init_MSV_alphas.pdf>
Package pdftex.def Info: figures/NKPC_ree_init_MSV_alphas.pdf  used on input li
ne 652.
(pdftex.def)             Requested size: 147.55345pt x 110.66508pt.
<figures/NKPC_ree_init_MSV_betas.pdf, id=1768, 421.575pt x 316.18124pt>
File: figures/NKPC_ree_init_MSV_betas.pdf Graphic file (type pdf)
<use figures/NKPC_ree_init_MSV_betas.pdf>
Package pdftex.def Info: figures/NKPC_ree_init_MSV_betas.pdf  used on input lin
e 653.
(pdftex.def)             Requested size: 147.55345pt x 110.66508pt.
<figures/NKPC_ree_init_MSV_shockCoef.pdf, id=1769, 421.575pt x 316.18124pt>
File: figures/NKPC_ree_init_MSV_shockCoef.pdf Graphic file (type pdf)
<use figures/NKPC_ree_init_MSV_shockCoef.pdf>
Package pdftex.def Info: figures/NKPC_ree_init_MSV_shockCoef.pdf  used on input
 line 654.
(pdftex.def)             Requested size: 147.55345pt x 110.66508pt.

Underfull \hbox (badness 10000) in paragraph at lines 651--655

 []

[19 <C:/Users/Tolga/Desktop/ZLB_paper/latex_files/figures/NKPC_ree_init_AR1_reg
ime.pdf> <C:/Users/Tolga/Desktop/ZLB_paper/latex_files/figures/NKPC_sigmaPoint_
regime.pdf>]
<figures/NKPC_ree_init_AR1_IR.pdf, id=1780, 421.575pt x 316.18124pt>
File: figures/NKPC_ree_init_AR1_IR.pdf Graphic file (type pdf)
<use figures/NKPC_ree_init_AR1_IR.pdf>
Package pdftex.def Info: figures/NKPC_ree_init_AR1_IR.pdf  used on input line 6
62.
(pdftex.def)             Requested size: 252.94695pt x 189.7102pt.
<figures/NKPC_ree_init_VAR_IR.pdf, id=1781, 421.575pt x 316.18124pt>
File: figures/NKPC_ree_init_VAR_IR.pdf Graphic file (type pdf)
<use figures/NKPC_ree_init_VAR_IR.pdf>
Package pdftex.def Info: figures/NKPC_ree_init_VAR_IR.pdf  used on input line 6
63.
(pdftex.def)             Requested size: 252.94695pt x 189.7102pt.

Overfull \hbox (24.2945pt too wide) in paragraph at lines 661--664
[] [] 
 []


Underfull \hbox (badness 10000) in paragraph at lines 661--664

 []


Underfull \hbox (badness 10000) in paragraph at lines 665--666

 []

<figures/NKPC_ree_init_REE_MS_IR.pdf, id=1782, 421.575pt x 316.18124pt>
File: figures/NKPC_ree_init_REE_MS_IR.pdf Graphic file (type pdf)
<use figures/NKPC_ree_init_REE_MS_IR.pdf>
Package pdftex.def Info: figures/NKPC_ree_init_REE_MS_IR.pdf  used on input lin
e 667.
(pdftex.def)             Requested size: 252.94695pt x 189.7102pt.
<figures/NKPC_ree_init_REE_IR.pdf, id=1783, 421.575pt x 316.18124pt>
File: figures/NKPC_ree_init_REE_IR.pdf Graphic file (type pdf)
<use figures/NKPC_ree_init_REE_IR.pdf>
Package pdftex.def Info: figures/NKPC_ree_init_REE_IR.pdf  used on input line 6
68.
(pdftex.def)             Requested size: 252.94695pt x 189.7102pt.

Overfull \hbox (24.2945pt too wide) in paragraph at lines 667--669
[][] [] 
 []


Underfull \hbox (badness 10000) in paragraph at lines 667--669

 []


Underfull \hbox (badness 10000) in paragraph at lines 670--671

 []

<figures/NKPC_ree_init_MSV_IR.pdf, id=1784, 421.575pt x 316.18124pt>
File: figures/NKPC_ree_init_MSV_IR.pdf Graphic file (type pdf)
<use figures/NKPC_ree_init_MSV_IR.pdf>
Package pdftex.def Info: figures/NKPC_ree_init_MSV_IR.pdf  used on input line 6
72.
(pdftex.def)             Requested size: 252.94695pt x 189.7102pt.

Underfull \hbox (badness 10000) in paragraph at lines 672--673

 []

[20 <C:/Users/Tolga/Desktop/ZLB_paper/latex_files/figures/NKPC_ree_init_AR1_alp
has.pdf> <C:/Users/Tolga/Desktop/ZLB_paper/latex_files/figures/NKPC_ree_init_AR
1_betas.pdf> <C:/Users/Tolga/Desktop/ZLB_paper/latex_files/figures/NKPC_ree_ini
t_VAR1_alphas.pdf> <C:/Users/Tolga/Desktop/ZLB_paper/latex_files/figures/NKPC_r
ee_init_VAR1_betas.pdf> <C:/Users/Tolga/Desktop/ZLB_paper/latex_files/figures/N
KPC_ree_init_MSV_alphas.pdf> <C:/Users/Tolga/Desktop/ZLB_paper/latex_files/figu
res/NKPC_ree_init_MSV_betas.pdf> <C:/Users/Tolga/Desktop/ZLB_paper/latex_files/
figures/NKPC_ree_init_MSV_shockCoef.pdf>]
Overfull \vbox (44.50966pt too high) has occurred while \output is active []


[21 <C:/Users/Tolga/Desktop/ZLB_paper/latex_files/figures/NKPC_ree_init_AR1_IR.
pdf> <C:/Users/Tolga/Desktop/ZLB_paper/latex_files/figures/NKPC_ree_init_VAR_IR
.pdf> <C:/Users/Tolga/Desktop/ZLB_paper/latex_files/figures/NKPC_ree_init_REE_M
S_IR.pdf> <C:/Users/Tolga/Desktop/ZLB_paper/latex_files/figures/NKPC_ree_init_R
EE_IR.pdf> <C:/Users/Tolga/Desktop/ZLB_paper/latex_files/figures/NKPC_ree_init_
MSV_IR.pdf>]

Package natbib Warning: Citation `smets2007shocks' on page 22 undefined on inpu
t line 683.


Package natbib Warning: Citation `smets2003estimated' on page 22 undefined on i
nput line 683.


Package natbib Warning: Citation `smets2007shocks' on page 22 undefined on inpu
t line 683.


Package natbib Warning: Citation `smets2007shocks' on page 22 undefined on inpu
t line 683.


Package natbib Warning: Citation `smets2003estimated' on page 22 undefined on i
nput line 683.


Package natbib Warning: Citation `smets2007shocks' on page 22 undefined on inpu
t line 683.


LaTeX Warning: Reference `sw_estimation_full' on page 22 undefined on input lin
e 699.


Package natbib Warning: Citation `milani2007expectations' on page 22 undefined 
on input line 699.


Package natbib Warning: Citation `slobodyan2012alearning' on page 22 undefined 
on input line 699.


Package natbib Warning: Citation `slobodyan2012blearning' on page 22 undefined 
on input line 699.


Package natbib Warning: Citation `branch2006simple' on page 22 undefined on inp
ut line 703.


Underfull \hbox (badness 10000) in paragraph at lines 697--707

 []

[22] [23]
Overfull \vbox (0.31184pt too high) has occurred while \output is active []


[24] Excluding 'comment' comment.

LaTeX Warning: Reference `sw_regime_prob' on page 25 undefined on input line 82
6.


LaTeX Warning: Reference `sw_learning_1' on page 25 undefined on input line 828
.


LaTeX Warning: Reference `sw_learning_2' on page 25 undefined on input line 828
.


LaTeX Warning: Reference `sw_learning_1' on page 25 undefined on input line 828
.


LaTeX Warning: Reference `sw_learning_2' on page 25 undefined on input line 828
.


LaTeX Warning: Reference `sw_forecast_errors' on page 25 undefined on input lin
e 830.


Package natbib Warning: Citation `linde2017estimation' on page 25 undefined on 
input line 830.


LaTeX Warning: Reference `sw_forecast_errors' on page 25 undefined on input lin
e 830.


Underfull \hbox (badness 10000) in paragraph at lines 826--831

 []

[25]
Underfull \hbox (badness 10000) in paragraph at lines 840--841

 []

<figures/sw_ar1_regimeProb.pdf, id=1888, 1145.27875pt x 622.325pt>
File: figures/sw_ar1_regimeProb.pdf Graphic file (type pdf)
<use figures/sw_ar1_regimeProb.pdf>
Package pdftex.def Info: figures/sw_ar1_regimeProb.pdf  used on input line 842.

(pdftex.def)             Requested size: 263.40857pt x 143.13173pt.
<figures/sw_msv_regimeProb.pdf, id=1889, 1145.27875pt x 622.325pt>
File: figures/sw_msv_regimeProb.pdf Graphic file (type pdf)
<use figures/sw_msv_regimeProb.pdf>
Package pdftex.def Info: figures/sw_msv_regimeProb.pdf  used on input line 843.

(pdftex.def)             Requested size: 263.40857pt x 143.13173pt.

Overfull \hbox (45.21774pt too wide) in paragraph at lines 842--844
[][] [] 
 []


Underfull \hbox (badness 10000) in paragraph at lines 842--844

 []


Underfull \hbox (badness 10000) in paragraph at lines 845--846

 []

<figures/sw_ar1_eigenvalues.pdf, id=1890, 1145.27875pt x 622.325pt>
File: figures/sw_ar1_eigenvalues.pdf Graphic file (type pdf)
<use figures/sw_ar1_eigenvalues.pdf>
Package pdftex.def Info: figures/sw_ar1_eigenvalues.pdf  used on input line 847
.
(pdftex.def)             Requested size: 263.40857pt x 143.13173pt.
<figures/sw_msv_eigenvalues.pdf, id=1891, 1145.27875pt x 622.325pt>
File: figures/sw_msv_eigenvalues.pdf Graphic file (type pdf)
<use figures/sw_msv_eigenvalues.pdf>
Package pdftex.def Info: figures/sw_msv_eigenvalues.pdf  used on input line 848
.
(pdftex.def)             Requested size: 263.40857pt x 143.13173pt.

Overfull \hbox (45.21774pt too wide) in paragraph at lines 847--849
[][] [] 
 []

[26]
<figures/sw_ar1_learning_alphas.pdf, id=1897, 1145.27875pt x 622.325pt>
File: figures/sw_ar1_learning_alphas.pdf Graphic file (type pdf)
<use figures/sw_ar1_learning_alphas.pdf>
Package pdftex.def Info: figures/sw_ar1_learning_alphas.pdf  used on input line
 857.
(pdftex.def)             Requested size: 572.63797pt x 311.16173pt.
<figures/sw_msv_learning_alphas.pdf, id=1898, 1145.27875pt x 622.325pt>
File: figures/sw_msv_learning_alphas.pdf Graphic file (type pdf)
<use figures/sw_msv_learning_alphas.pdf>
Package pdftex.def Info: figures/sw_msv_learning_alphas.pdf  used on input line
 858.
(pdftex.def)             Requested size: 572.63797pt x 311.16173pt.

Overfull \hbox (88.42809pt too wide) in paragraph at lines 857--859
[][] 
 []


Overfull \hbox (88.42809pt too wide) in paragraph at lines 857--859
[] 
 []


Underfull \hbox (badness 10000) in paragraph at lines 857--859

 []

[27 <C:/Users/Tolga/Desktop/ZLB_paper/latex_files/figures/sw_ar1_regimeProb.pdf
> <C:/Users/Tolga/Desktop/ZLB_paper/latex_files/figures/sw_msv_regimeProb.pdf> 
<C:/Users/Tolga/Desktop/ZLB_paper/latex_files/figures/sw_ar1_eigenvalues.pdf> <
C:/Users/Tolga/Desktop/ZLB_paper/latex_files/figures/sw_msv_eigenvalues.pdf>]
Overfull \vbox (10.16202pt too high) has occurred while \output is active []


[28 <C:/Users/Tolga/Desktop/ZLB_paper/latex_files/figures/sw_ar1_learning_alpha
s.pdf> <C:/Users/Tolga/Desktop/ZLB_paper/latex_files/figures/sw_msv_learning_al
phas.pdf>]
<figures/sw_ar1_learning_betas.pdf, id=1923, 1145.27875pt x 622.325pt>
File: figures/sw_ar1_learning_betas.pdf Graphic file (type pdf)
<use figures/sw_ar1_learning_betas.pdf>
Package pdftex.def Info: figures/sw_ar1_learning_betas.pdf  used on input line 
871.
(pdftex.def)             Requested size: 572.63797pt x 311.16173pt.
<figures/sw_msv_learning_laggedInfl.pdf, id=1924, 1145.27875pt x 622.325pt>
File: figures/sw_msv_learning_laggedInfl.pdf Graphic file (type pdf)
<use figures/sw_msv_learning_laggedInfl.pdf>
Package pdftex.def Info: figures/sw_msv_learning_laggedInfl.pdf  used on input 
line 872.
(pdftex.def)             Requested size: 572.63797pt x 311.16173pt.

Overfull \hbox (88.42809pt too wide) in paragraph at lines 871--873
[][] 
 []


Overfull \hbox (88.42809pt too wide) in paragraph at lines 871--873
[] 
 []


Underfull \hbox (badness 10000) in paragraph at lines 871--873

 []


Overfull \vbox (24.66202pt too high) has occurred while \output is active []


[29 <C:/Users/Tolga/Desktop/ZLB_paper/latex_files/figures/sw_ar1_learning_betas
.pdf> <C:/Users/Tolga/Desktop/ZLB_paper/latex_files/figures/sw_msv_learning_lag
gedInfl.pdf>]
<figures/rise_forecast_errors.pdf, id=1934, 1145.27875pt x 622.325pt>
File: figures/rise_forecast_errors.pdf Graphic file (type pdf)
<use figures/rise_forecast_errors.pdf>
Package pdftex.def Info: figures/rise_forecast_errors.pdf  used on input line 8
85.
(pdftex.def)             Requested size: 242.10591pt x 332.44205pt.
<figures/REE_forecast_errors.pdf, id=1935, 1145.27875pt x 622.325pt>
File: figures/REE_forecast_errors.pdf Graphic file (type pdf)
<use figures/REE_forecast_errors.pdf>
Package pdftex.def Info: figures/REE_forecast_errors.pdf  used on input line 88
6.
(pdftex.def)             Requested size: 242.10591pt x 332.44205pt.

Overfull \hbox (2.61243pt too wide) in paragraph at lines 884--887
[] [] 
 []

<figures/sw_msv_forecast_errors.pdf, id=1936, 1145.27875pt x 622.325pt>
File: figures/sw_msv_forecast_errors.pdf Graphic file (type pdf)
<use figures/sw_msv_forecast_errors.pdf>
Package pdftex.def Info: figures/sw_msv_forecast_errors.pdf  used on input line
 890.
(pdftex.def)             Requested size: 242.10591pt x 332.44205pt.
<figures/sw_ar1_forecast_errors.pdf, id=1937, 1145.27875pt x 622.325pt>
File: figures/sw_ar1_forecast_errors.pdf Graphic file (type pdf)
<use figures/sw_ar1_forecast_errors.pdf>
Package pdftex.def Info: figures/sw_ar1_forecast_errors.pdf  used on input line
 891.
(pdftex.def)             Requested size: 242.10591pt x 332.44205pt.

Overfull \hbox (2.61243pt too wide) in paragraph at lines 889--892
[] [] 
 []

[30]
Overfull \vbox (97.97076pt too high) has occurred while \output is active []


[31 <C:/Users/Tolga/Desktop/ZLB_paper/latex_files/figures/rise_forecast_errors.
pdf> <C:/Users/Tolga/Desktop/ZLB_paper/latex_files/figures/REE_forecast_errors.
pdf> <C:/Users/Tolga/Desktop/ZLB_paper/latex_files/figures/sw_msv_forecast_erro
rs.pdf> <C:/Users/Tolga/Desktop/ZLB_paper/latex_files/figures/sw_ar1_forecast_e
rrors.pdf>]
Underfull \hbox (badness 10000) in paragraph at lines 900--901

 []


Underfull \hbox (badness 10000) in paragraph at lines 902--904

 []


Package natbib Warning: Citation `quaghebeur2018learning' on page 32 undefined 
on input line 906.


Package natbib Warning: Citation `christopher2018learning' on page 32 undefined
 on input line 906.


Underfull \hbox (badness 10000) in paragraph at lines 905--907

 []


Package natbib Warning: Citation `slobodyan2012alearning' on page 32 undefined 
on input line 909.


Underfull \hbox (badness 10000) in paragraph at lines 908--910

 []

[32]

LaTeX Warning: Reference `irf_msv_2_3d' on page 33 undefined on input line 912.



LaTeX Warning: Reference `irf_ar1_2_3d' on page 33 undefined on input line 912.


<figures/MSV_impresp_output_riseComp.pdf, id=4202, 1145.27875pt x 622.325pt>
File: figures/MSV_impresp_output_riseComp.pdf Graphic file (type pdf)
<use figures/MSV_impresp_output_riseComp.pdf>
Package pdftex.def Info: figures/MSV_impresp_output_riseComp.pdf  used on input
 line 969.
(pdftex.def)             Requested size: 572.63797pt x 311.16173pt.
<figures/MSV_impresp_pinf_riseComp.pdf, id=4203, 1145.27875pt x 622.325pt>
File: figures/MSV_impresp_pinf_riseComp.pdf Graphic file (type pdf)
<use figures/MSV_impresp_pinf_riseComp.pdf>
Package pdftex.def Info: figures/MSV_impresp_pinf_riseComp.pdf  used on input l
ine 971.
(pdftex.def)             Requested size: 572.63797pt x 311.16173pt.

Overfull \hbox (88.42809pt too wide) in paragraph at lines 968--972
[]
 []


Overfull \hbox (88.42809pt too wide) in paragraph at lines 968--972
[] 
 []

[33]
Overfull \vbox (23.536pt too high) has occurred while \output is active []


[34 <C:/Users/Tolga/Desktop/ZLB_paper/latex_files/figures/MSV_impresp_output_ri
seComp.pdf> <C:/Users/Tolga/Desktop/ZLB_paper/latex_files/figures/MSV_impresp_p
inf_riseComp.pdf>]
<figures/AR1_impresp_output_riseComp.pdf, id=4237, 1145.27875pt x 622.325pt>
File: figures/AR1_impresp_output_riseComp.pdf Graphic file (type pdf)
<use figures/AR1_impresp_output_riseComp.pdf>
Package pdftex.def Info: figures/AR1_impresp_output_riseComp.pdf  used on input
 line 979.
(pdftex.def)             Requested size: 572.63797pt x 311.16173pt.
<figures/AR1_impresp_pinf_riseComp.pdf, id=4238, 1145.27875pt x 622.325pt>
File: figures/AR1_impresp_pinf_riseComp.pdf Graphic file (type pdf)
<use figures/AR1_impresp_pinf_riseComp.pdf>
Package pdftex.def Info: figures/AR1_impresp_pinf_riseComp.pdf  used on input l
ine 981.
(pdftex.def)             Requested size: 572.63797pt x 311.16173pt.

Overfull \hbox (88.42809pt too wide) in paragraph at lines 978--982
[]
 []


Overfull \hbox (88.42809pt too wide) in paragraph at lines 978--982
[] 
 []


Overfull \vbox (24.26915pt too high) has occurred while \output is active []


[35 <C:/Users/Tolga/Desktop/ZLB_paper/latex_files/figures/AR1_impresp_output_ri
seComp.pdf> <C:/Users/Tolga/Desktop/ZLB_paper/latex_files/figures/AR1_impresp_p
inf_riseComp.pdf>]
<figures/MSV_impresp_output_3d.pdf, id=4268, 1145.27875pt x 622.325pt>
File: figures/MSV_impresp_output_3d.pdf Graphic file (type pdf)
<use figures/MSV_impresp_output_3d.pdf>
Package pdftex.def Info: figures/MSV_impresp_output_3d.pdf  used on input line 
1013.
(pdftex.def)             Requested size: 572.63797pt x 311.16173pt.
<figures/MSV_impresp_pinf_3d.pdf, id=4269, 1145.27875pt x 622.325pt>
File: figures/MSV_impresp_pinf_3d.pdf Graphic file (type pdf)
<use figures/MSV_impresp_pinf_3d.pdf>
Package pdftex.def Info: figures/MSV_impresp_pinf_3d.pdf  used on input line 10
15.
(pdftex.def)             Requested size: 572.63797pt x 311.16173pt.

Overfull \hbox (88.42809pt too wide) in paragraph at lines 1012--1016
[]
 []


Overfull \hbox (88.42809pt too wide) in paragraph at lines 1012--1016
[] 
 []


Overfull \vbox (23.536pt too high) has occurred while \output is active []


[36 <C:/Users/Tolga/Desktop/ZLB_paper/latex_files/figures/MSV_impresp_output_3d
.pdf> <C:/Users/Tolga/Desktop/ZLB_paper/latex_files/figures/MSV_impresp_pinf_3d
.pdf>]
<figures/AR1_impresp_output_3d.pdf, id=4299, 1145.27875pt x 622.325pt>
File: figures/AR1_impresp_output_3d.pdf Graphic file (type pdf)
<use figures/AR1_impresp_output_3d.pdf>
Package pdftex.def Info: figures/AR1_impresp_output_3d.pdf  used on input line 
1023.
(pdftex.def)             Requested size: 572.63797pt x 311.16173pt.
<figures/AR1_impresp_pinf_3d.pdf, id=4300, 1145.27875pt x 622.325pt>
File: figures/AR1_impresp_pinf_3d.pdf Graphic file (type pdf)
<use figures/AR1_impresp_pinf_3d.pdf>
Package pdftex.def Info: figures/AR1_impresp_pinf_3d.pdf  used on input line 10
25.
(pdftex.def)             Requested size: 572.63797pt x 311.16173pt.

Overfull \hbox (88.42809pt too wide) in paragraph at lines 1022--1026
[]
 []


Overfull \hbox (88.42809pt too wide) in paragraph at lines 1022--1026
[] 
 []


Overfull \vbox (24.26915pt too high) has occurred while \output is active []


[37 <C:/Users/Tolga/Desktop/ZLB_paper/latex_files/figures/AR1_impresp_output_3d
.pdf> <C:/Users/Tolga/Desktop/ZLB_paper/latex_files/figures/AR1_impresp_pinf_3d
.pdf>]

Package natbib Warning: Citation `linde2017estimation' on page 38 undefined on 
input line 1043.


Overfull \hbox (1.33403pt too wide) in paragraph at lines 1043--1044
\T1/cmr/m/n/12 The lit-er-a-ture on macroe-co-nomics made great strides in the 
es-ti-ma-tion of both Markov-switching
 []

No file "adaptive learning with occasionally binding constraints".bbl.

Package natbib Warning: There were undefined citations.

[38]
Package atveryend Info: Empty hook `BeforeClearDocument' on input line 1050.
Package atveryend Info: Empty hook `AfterLastShipout' on input line 1050.
 ("adaptive learning with occasionally binding constraints.aux")
Package atveryend Info: Executing hook `AtVeryEndDocument' on input line 1050.
Package atveryend Info: Executing hook `AtEndAfterFileList' on input line 1050.



Package rerunfilecheck Warning: File `"adaptive learning with occasionally bind
ing constraints".out' has changed.
(rerunfilecheck)                Rerun to get outlines right
(rerunfilecheck)                or use package `bookmark'.

Package rerunfilecheck Info: Checksums for `"adaptive learning with occasionall
y binding constraints".out':
(rerunfilecheck)             Before: 2921DD5721E795A53B492A3E0F7859AA;1291
(rerunfilecheck)             After:  3E3414081F04AD3ACB3C37C5C2231E3C;1008.

LaTeX Warning: There were undefined references.


LaTeX Warning: Label(s) may have changed. Rerun to get cross-references right.

Package atveryend Info: Empty hook `AtVeryVeryEnd' on input line 1050.
 ) 
Here is how much of TeX's memory you used:
 35046 strings out of 492974
 683623 string characters out of 3135947
 890989 words of memory out of 3000000
 38267 multiletter control sequences out of 15000+200000
 560845 words of font info for 102 fonts, out of 3000000 for 9000
 1141 hyphenation exceptions out of 8191
 63i,13n,101p,4789b,479s stack positions out of 5000i,500n,10000p,200000b,50000s
pdfTeX warning (dest): name{subsection.6.2} has been referenced but does not 
exist, replaced by a fixed one

pdfTeX warning (dest): name{subsection.2.2} has been referenced but does not ex
ist, replaced by a fixed one

pdfTeX warning (dest): name{subsection.2.1} has been referenced but does not ex
ist, replaced by a fixed one

 <C:\Users\Tolga\AppData\Local\MiKTeX\2.9\fonts\pk\ljfour\jknappen\ec\dpi600\ec
bx1000.pk> <C:\Users\Tolga\AppData\Local\MiKTeX\2.9\fonts\pk\ljfour\jknappen\ec
\dpi600\ecbx1440.pk> <C:\Users\Tolga\AppData\Local\MiKTeX\2.9\fonts\pk\ljfour\j
knappen\ec\dpi600\ecrm0700.pk> <C:\Users\Tolga\AppData\Local\MiKTeX\2.9\fonts\p
k\ljfour\jknappen\ec\dpi600\ecrm0800.pk> <C:\Users\Tolga\AppData\Local\MiKTeX\2
.9\fonts\pk\ljfour\jknappen\ec\dpi600\ecbx1200.pk> <C:\Users\Tolga\AppData\Loca
l\MiKTeX\2.9\fonts\pk\ljfour\jknappen\ec\dpi600\ecbx1728.pk> <C:\Users\Tolga\Ap
pData\Local\MiKTeX\2.9\fonts\pk\ljfour\jknappen\ec\dpi600\ecti1000.pk> <C:\User
s\Tolga\AppData\Local\MiKTeX\2.9\fonts\pk\ljfour\jknappen\ec\dpi600\ecrm1000.pk
> <C:\Users\Tolga\AppData\Local\MiKTeX\2.9\fonts\pk\ljfour\jknappen\ec\dpi600\e
crm1200.pk> <C:\Users\Tolga\AppData\Local\MiKTeX\2.9\fonts\pk\ljfour\jknappen\e
c\dpi600\ecti1200.pk> <C:\Users\Tolga\AppData\Local\MiKTeX\2.9\fonts\pk\ljfour\
jknappen\ec\dpi600\ecrm1095.pk> <C:\Users\Tolga\AppData\Local\MiKTeX\2.9\fonts\
pk\ljfour\jknappen\ec\dpi600\ecbx1095.pk> <C:\Users\Tolga\AppData\Local\MiKTeX\
2.9\fonts\pk\ljfour\jknappen\ec\dpi600\ecrm1440.pk> <C:\Users\Tolga\AppData\Loc
al\MiKTeX\2.9\fonts\pk\ljfour\jknappen\ec\dpi600\ecrm2074.pk><C:/Program Files/
MiKTeX 2.9/fonts/type1/public/amsfonts/cm/cmex10.pfb><C:/Program Files/MiKTeX 2
.9/fonts/type1/public/amsfonts/cmextra/cmex8.pfb><C:/Program Files/MiKTeX 2.9/f
onts/type1/public/amsfonts/cm/cmmi10.pfb><C:/Program Files/MiKTeX 2.9/fonts/typ
e1/public/amsfonts/cm/cmmi12.pfb><C:/Program Files/MiKTeX 2.9/fonts/type1/publi
c/amsfonts/cm/cmmi6.pfb><C:/Program Files/MiKTeX 2.9/fonts/type1/public/amsfont
s/cm/cmmi7.pfb><C:/Program Files/MiKTeX 2.9/fonts/type1/public/amsfonts/cm/cmmi
8.pfb><C:/Program Files/MiKTeX 2.9/fonts/type1/public/amsfonts/cm/cmr10.pfb><C:
/Program Files/MiKTeX 2.9/fonts/type1/public/amsfonts/cm/cmr12.pfb><C:/Program 
Files/MiKTeX 2.9/fonts/type1/public/amsfonts/cm/cmr6.pfb><C:/Program Files/MiKT
eX 2.9/fonts/type1/public/amsfonts/cm/cmr7.pfb><C:/Program Files/MiKTeX 2.9/fon
ts/type1/public/amsfonts/cm/cmr8.pfb><C:/Program Files/MiKTeX 2.9/fonts/type1/p
ublic/amsfonts/cm/cmsy10.pfb><C:/Program Files/MiKTeX 2.9/fonts/type1/public/am
sfonts/cm/cmsy6.pfb><C:/Program Files/MiKTeX 2.9/fonts/type1/public/amsfonts/cm
/cmsy7.pfb><C:/Program Files/MiKTeX 2.9/fonts/type1/public/amsfonts/cm/cmsy8.pf
b>
Output written on "adaptive learning with occasionally binding constraints.pdf"
 (38 pages, 3101564 bytes).
PDF statistics:
 4907 PDF objects out of 5155 (max. 8388607)
 80 named destinations out of 1000 (max. 500000)
 477 words of extra memory for PDF output out of 10000 (max. 10000000)

