Starting Dynare (version 4.5.4).
Starting preprocessing of the model file ...
Found 8 equation(s).
Evaluating expressions...done
Computing static model derivatives:
 - order 1
Computing dynamic model derivatives:
 - order 1
 - order 2
Processing outputs ...
done
Preprocessing completed.

You did not declare endogenous variables after the estimation/calib_smoother command.
Initial value of the log posterior (or likelihood): -16430.9691
[Warning: csminwel: Unknown option (Algorithm)!] 
[> In <a href="matlab:matlab.internal.language.introspective.errorDocCallback('dynare_minimize_objective', 'C:\dynare\4.5.4\matlab\optimization\dynare_minimize_objective.m', 193)" style="font-weight:bold">dynare_minimize_objective</a> (<a href="matlab: opentoline('C:\dynare\4.5.4\matlab\optimization\dynare_minimize_objective.m',193,0)">line 193</a>)
  In <a href="matlab:matlab.internal.language.introspective.errorDocCallback('dynare_estimation_1', 'C:\dynare\4.5.4\matlab\dynare_estimation_1.m', 220)" style="font-weight:bold">dynare_estimation_1</a> (<a href="matlab: opentoline('C:\dynare\4.5.4\matlab\dynare_estimation_1.m',220,0)">line 220</a>)
  In <a href="matlab:matlab.internal.language.introspective.errorDocCallback('dynare_estimation', 'C:\dynare\4.5.4\matlab\dynare_estimation.m', 105)" style="font-weight:bold">dynare_estimation</a> (<a href="matlab: opentoline('C:\dynare\4.5.4\matlab\dynare_estimation.m',105,0)">line 105</a>)
  In <a href="matlab:matlab.internal.language.introspective.errorDocCallback('NKPC_REE_Estimation', 'C:\Users\Tolga\Desktop\ZLB_paper\NKPC_estimations\REE_based_initialization\estimation_AR1\NKPC_REE_Estimation.m', 210)" style="font-weight:bold">NKPC_REE_Estimation</a> (<a href="matlab: opentoline('C:\Users\Tolga\Desktop\ZLB_paper\NKPC_estimations\REE_based_initialization\estimation_AR1\NKPC_REE_Estimation.m',210,0)">line 210</a>)
  In <a href="matlab:matlab.internal.language.introspective.errorDocCallback('dynare', 'C:\dynare\4.5.4\matlab\dynare.m', 223)" style="font-weight:bold">dynare</a> (<a href="matlab: opentoline('C:\dynare\4.5.4\matlab\dynare.m',223,0)">line 223</a>)
  In <a href="matlab:matlab.internal.language.introspective.errorDocCallback('beliefs_initialization_AR1', 'C:\Users\Tolga\Desktop\ZLB_paper\NKPC_estimations\REE_based_initialization\estimation_AR1\beliefs_initialization_AR1.m', 2)" style="font-weight:bold">beliefs_initialization_AR1</a> (<a href="matlab: opentoline('C:\Users\Tolga\Desktop\ZLB_paper\NKPC_estimations\REE_based_initialization\estimation_AR1\beliefs_initialization_AR1.m',2,0)">line 2</a>)] 
-----------------
f at the beginning of new iteration,     16430.9691147436
Predicted improvement: 10667162.016472595
lambda =          1; f =        16430.9732799
lambda =    0.33333; f =        16585.3969609
lambda =    0.11111; f =        16435.6763900
lambda =   0.037037; f =         1389.4223694
lambda =   0.012346; f =         1131.4976417
lambda =  0.0041152; f =         1742.4046393
lambda =  0.0013717; f =         4781.9228314
Norm of dx     46.189
----
Improvement on iteration 1 =    15299.471473044
-----------------
f at the beginning of new iteration,      1131.4976416999
Predicted improvement:      456.812748592
lambda =          1; f =          789.4534354
Norm of dx    0.30227
----
Improvement on iteration 2 =      342.044206254
-----------------
f at the beginning of new iteration,       789.4534354462
Predicted improvement:       13.002097769
lambda =          1; f =          765.7257032
lambda =     1.9332; f =          747.9440080
lambda =     3.7372; f =          727.8940386
Norm of dx   0.054604
----
Improvement on iteration 3 =       61.559396890
-----------------
f at the beginning of new iteration,       727.8940385563
Predicted improvement:       11.195366379
lambda =          1; f =          711.0356216
lambda =     1.9332; f =          715.7986400
lambda =     1.3017; f =          709.2252592
Norm of dx   0.091931
----
Improvement on iteration 4 =       18.668779338
-----------------
f at the beginning of new iteration,       709.2252592182
Predicted improvement:       24.626136568
lambda =          1; f =          664.2627254
lambda =     1.9332; f =          709.2252881
lambda =     1.3017; f =          653.3606536
lambda =     1.6503; f =          643.5502754
lambda =     2.0923; f =          709.2255255
lambda =     1.8146; f =          641.7019877
lambda =     1.9765; f =          709.2253290
lambda =     1.8777; f =          709.2252617
lambda =     1.8209; f =          641.8093191
lambda =     1.8548; f =          647.3040565
Norm of dx    0.14882
----
Improvement on iteration 5 =       67.523271547
warning: possible inaccuracy in H matrix
-----------------
f at the beginning of new iteration,       641.7019876710
Predicted improvement:       20.998194447
lambda =          1; f =          619.8540392
Norm of dx   0.061837
----
Improvement on iteration 6 =       21.847948500
-----------------
f at the beginning of new iteration,       619.8540391708
Predicted improvement:       15.957467076
lambda =          1; f =          619.8547936
lambda =    0.33333; f =          619.8540398
lambda =    0.11111; f =          616.7614803
lambda =     0.2148; f =          615.0055248
lambda =    0.41524; f =          619.8540557
lambda =     0.2796; f =          615.2029451
Norm of dx    0.16641
----
Improvement on iteration 7 =        4.848514363
-----------------
f at the beginning of new iteration,       615.0055248077
Predicted improvement:       13.507914474
lambda =          1; f =          610.5827627
lambda =    0.33333; f =          608.3770215
lambda =    0.64439; f =          606.5347802
Norm of dx    0.12546
----
Improvement on iteration 8 =        8.470744635
-----------------
f at the beginning of new iteration,       606.5347801728
Predicted improvement:        8.818846468
lambda =          1; f =          593.0546381
lambda =     1.9332; f =          589.1769297
Norm of dx   0.071335
----
Improvement on iteration 9 =       17.357850459
-----------------
f at the beginning of new iteration,       589.1769297141
Predicted improvement:        3.383756408
lambda =          1; f =          585.2758668
Norm of dx    0.02972
----
Improvement on iteration 10 =        3.901062962
-----------------
f at the beginning of new iteration,       585.2758667521
Predicted improvement:        6.966126626
lambda =          1; f =          575.0217998
lambda =     1.9332; f =          573.3336764
Norm of dx   0.071366
----
Improvement on iteration 11 =       11.942190389
-----------------
f at the beginning of new iteration,       573.3336763628
Predicted improvement:       34.489230354
lambda =          1; f =          571.2178910
lambda =    0.33333; f =          563.6953901
Norm of dx    0.32113
----
Improvement on iteration 12 =        9.638286228
-----------------
f at the beginning of new iteration,       563.6953901353
Predicted improvement:       18.781976704
lambda =          1; f =          624.3998146
lambda =    0.33333; f =          553.8353751
lambda =    0.64439; f =          557.1561784
lambda =     0.4339; f =          552.7702051
Norm of dx    0.24694
----
Improvement on iteration 13 =       10.925185085
-----------------
f at the beginning of new iteration,       552.7702050503
Predicted improvement:       13.738836349
lambda =          1; f =          531.6548460
lambda =     1.9332; f =          575.4145959
lambda =     1.3017; f =          531.6501425
Norm of dx    0.14149
----
Improvement on iteration 14 =       21.120062523
-----------------
f at the beginning of new iteration,       531.6501425268
Predicted improvement:       69.563658040
lambda =          1; f =          487.4153992
Norm of dx    0.31775
----
Improvement on iteration 15 =       44.234743288
-----------------
f at the beginning of new iteration,       487.4153992386
Predicted improvement:       44.684085944
lambda =          1; f =          487.4160655
lambda =    0.33333; f =          468.5659128
Norm of dx    0.26931
----
Improvement on iteration 16 =       18.849486484
-----------------
f at the beginning of new iteration,       468.5659127543
Predicted improvement:      125.016729996
lambda =          1; f =          468.5670487
lambda =    0.33333; f =          446.8092933
lambda =    0.11111; f =          448.0870888
lambda =     0.2148; f =          441.1721112
Norm of dx    0.38595
----
Improvement on iteration 17 =       27.393801518
-----------------
f at the beginning of new iteration,       441.1721112364
Predicted improvement:        6.320436073
lambda =          1; f =          435.0398688
Norm of dx   0.095975
----
Improvement on iteration 18 =        6.132242459
-----------------
f at the beginning of new iteration,       435.0398687778
Predicted improvement:        2.350207868
lambda =          1; f =          433.0172701
Norm of dx   0.026296
----
Improvement on iteration 19 =        2.022598684
-----------------
f at the beginning of new iteration,       433.0172700937
Predicted improvement:        0.919741647
lambda =          1; f =          432.0962521
Norm of dx   0.020824
----
Improvement on iteration 20 =        0.921018041
-----------------
f at the beginning of new iteration,       432.0962520527
Predicted improvement:        0.274704002
lambda =          1; f =          431.6176722
lambda =     1.9332; f =          431.3058509
lambda =     3.7372; f =          431.1189333
Norm of dx  0.0084405
----
Improvement on iteration 21 =        0.977318788
-----------------
f at the beginning of new iteration,       431.1189332650
Predicted improvement:        0.777998316
lambda =          1; f =          429.6698418
lambda =     1.9332; f =          428.5016623
lambda =     3.7372; f =          426.7106568
lambda =     7.2247; f =          424.8736059
Norm of dx   0.024307
----
Improvement on iteration 22 =        6.245327393
-----------------
f at the beginning of new iteration,       424.8736058719
Predicted improvement:        4.027432250
lambda =          1; f =          418.8312691
lambda =     1.9332; f =          418.0149659
Norm of dx    0.17104
----
Improvement on iteration 23 =        6.858639931
-----------------
f at the beginning of new iteration,       418.0149659409
Predicted improvement:        2.890621455
lambda =          1; f =          414.2019084
Norm of dx   0.034364
----
Improvement on iteration 24 =        3.813057507
-----------------
f at the beginning of new iteration,       414.2019084339
Predicted improvement:        1.347366680
lambda =          1; f =          413.1991434
Norm of dx   0.081795
----
Improvement on iteration 25 =        1.002765009
-----------------
f at the beginning of new iteration,       413.1991434245
Predicted improvement:        0.552445023
lambda =          1; f =          412.7829836
Norm of dx   0.026094
----
Improvement on iteration 26 =        0.416159829
-----------------
f at the beginning of new iteration,       412.7829835957
Predicted improvement:        0.073136874
lambda =          1; f =          412.6891104
Norm of dx  0.0066656
----
Improvement on iteration 27 =        0.093873224
-----------------
f at the beginning of new iteration,       412.6891103717
Predicted improvement:        0.139509161
lambda =          1; f =          412.4620364
lambda =     1.9332; f =          412.3554383
Norm of dx   0.010103
----
Improvement on iteration 28 =        0.333672098
-----------------
f at the beginning of new iteration,       412.3554382739
Predicted improvement:        0.304256462
lambda =          1; f =          411.7665985
lambda =     1.9332; f =          411.2539474
lambda =     3.7372; f =          410.3728373
lambda =     7.2247; f =          409.1518060
lambda =     13.967; f =          409.4235588
Norm of dx   0.021006
----
Improvement on iteration 29 =        3.203632294
-----------------
f at the beginning of new iteration,       409.1518059802
Predicted improvement:        5.172647128
lambda =          1; f =          401.5669971
lambda =     1.9332; f =          401.2297860
Norm of dx    0.35066
----
Improvement on iteration 30 =        7.922020008
-----------------
f at the beginning of new iteration,       401.2297859726
Predicted improvement:        5.564942975
lambda =          1; f =          395.3615980
Norm of dx   0.066798
----
Improvement on iteration 31 =        5.868187988
-----------------
f at the beginning of new iteration,       395.3615979848
Predicted improvement:        1.032994877
lambda =          1; f =          394.0278656
Norm of dx    0.16414
----
Improvement on iteration 32 =        1.333732414
-----------------
f at the beginning of new iteration,       394.0278655705
Predicted improvement:        0.227863086
lambda =          1; f =          393.7257932
Norm of dx   0.087185
----
Improvement on iteration 33 =        0.302072363
-----------------
f at the beginning of new iteration,       393.7257932078
Predicted improvement:        0.119948438
lambda =          1; f =          393.5264372
lambda =     1.9332; f =          393.4108783
Norm of dx   0.042404
----
Improvement on iteration 34 =        0.314914941
-----------------
f at the beginning of new iteration,       393.4108782670
Predicted improvement:        0.252008893
lambda =          1; f =          392.9637343
lambda =     1.9332; f =          392.6434301
lambda =     3.7372; f =          392.2620385
Norm of dx   0.047426
----
Improvement on iteration 35 =        1.148839774
-----------------
f at the beginning of new iteration,       392.2620384929
Predicted improvement:        0.841285883
lambda =          1; f =          390.7309754
lambda =     1.9332; f =          389.5338537
lambda =     3.7372; f =          387.7021650
lambda =     7.2247; f =          385.7197183
Norm of dx   0.067869
----
Improvement on iteration 36 =        6.542320189
-----------------
f at the beginning of new iteration,       385.7197183043
Predicted improvement:        5.080661191
lambda =          1; f =          378.9952026
Norm of dx    0.24803
----
Improvement on iteration 37 =        6.724515716
-----------------
f at the beginning of new iteration,       378.9952025878
Predicted improvement:       13.896073609
lambda =          1; f =          378.9955698
lambda =    0.33333; f =          374.1858649
Norm of dx    0.66811
----
Improvement on iteration 38 =        4.809337642
-----------------
f at the beginning of new iteration,       374.1858649461
Predicted improvement:        2.967388930
lambda =          1; f =          373.1992652
lambda =    0.33333; f =          372.8348165
Norm of dx    0.12357
----
Improvement on iteration 39 =        1.351048457
-----------------
f at the beginning of new iteration,       372.8348164890
Predicted improvement:        1.653555251
lambda =          1; f =          370.2236986
lambda =     1.9332; f =          369.4339266
Norm of dx   0.092062
----
Improvement on iteration 40 =        3.400889898
-----------------
f at the beginning of new iteration,       369.4339265912
Predicted improvement:        1.693184588
lambda =          1; f =          367.6858039
Norm of dx   0.047448
----
Improvement on iteration 41 =        1.748122661
-----------------
f at the beginning of new iteration,       367.6858039302
Predicted improvement:        1.858114936
lambda =          1; f =          366.2342259
Norm of dx    0.18611
----
Improvement on iteration 42 =        1.451577997
-----------------
f at the beginning of new iteration,       366.2342259330
Predicted improvement:        0.654683732
lambda =          1; f =          365.8024814
Norm of dx   0.050461
----
Improvement on iteration 43 =        0.431744578
-----------------
f at the beginning of new iteration,       365.8024813548
Predicted improvement:        0.245114615
lambda =          1; f =          365.5585703
Norm of dx   0.037361
----
Improvement on iteration 44 =        0.243911038
-----------------
f at the beginning of new iteration,       365.5585703165
Predicted improvement:        0.097665338
lambda =          1; f =          365.3760932
lambda =     1.9332; f =          365.2291988
lambda =     3.7372; f =          365.0100506
lambda =     7.2247; f =          364.8347887
Norm of dx  0.0053035
----
Improvement on iteration 45 =        0.723781569
-----------------
f at the beginning of new iteration,       364.8347887478
Predicted improvement:        0.756245180
lambda =          1; f =          363.4015091
lambda =     1.9332; f =          362.2026013
lambda =     3.7372; f =          360.2491746
lambda =     7.2247; f =          357.7961751
Norm of dx   0.083531
----
Improvement on iteration 46 =        7.038613696
-----------------
f at the beginning of new iteration,       357.7961750520
Predicted improvement:        3.350067889
lambda =          1; f =          353.3376147
Norm of dx    0.41919
----
Improvement on iteration 47 =        4.458560344
-----------------
f at the beginning of new iteration,       353.3376147077
Predicted improvement:        1.540210162
lambda =          1; f =          351.8413617
Norm of dx    0.21071
----
Improvement on iteration 48 =        1.496252993
-----------------
f at the beginning of new iteration,       351.8413617143
Predicted improvement:        0.645169403
lambda =          1; f =          351.1831068
Norm of dx    0.13705
----
Improvement on iteration 49 =        0.658254942
-----------------
f at the beginning of new iteration,       351.1831067724
Predicted improvement:        0.321959216
lambda =          1; f =          350.6001506
lambda =     1.9332; f =          350.1656568
lambda =     3.7372; f =          349.6349962
Norm of dx   0.037982
----
Improvement on iteration 50 =        1.548110541
-----------------
f at the beginning of new iteration,       349.6349962313
Predicted improvement:        1.135739371
lambda =          1; f =          347.9566022
lambda =     1.9332; f =          348.3820622
lambda =     1.3017; f =          347.8058965
Norm of dx    0.10583
----
Improvement on iteration 51 =        1.829099769
-----------------
f at the beginning of new iteration,       347.8058964622
Predicted improvement:        1.762263708
lambda =          1; f =          345.3298059
lambda =     1.9332; f =          345.1745112
Norm of dx    0.19992
----
Improvement on iteration 52 =        2.631385303
-----------------
f at the beginning of new iteration,       345.1745111587
Predicted improvement:        1.407300009
lambda =          1; f =          343.9632471
Norm of dx     0.1224
----
Improvement on iteration 53 =        1.211264043
-----------------
f at the beginning of new iteration,       343.9632471159
Predicted improvement:        0.351717239
lambda =          1; f =          343.5650205
Norm of dx    0.10601
----
Improvement on iteration 54 =        0.398226586
-----------------
f at the beginning of new iteration,       343.5650205296
Predicted improvement:        0.156764041
lambda =          1; f =          343.4124508
Norm of dx   0.068959
----
Improvement on iteration 55 =        0.152569751
-----------------
f at the beginning of new iteration,       343.4124507782
Predicted improvement:        0.056352368
lambda =          1; f =          343.3447237
Norm of dx  0.0071106
----
Improvement on iteration 56 =        0.067727096
-----------------
f at the beginning of new iteration,       343.3447236818
Predicted improvement:        0.035776482
lambda =          1; f =          343.3336105
lambda =    0.33333; f =          343.3276050
lambda =    0.64439; f =          343.3237443
Norm of dx   0.031537
----
Improvement on iteration 57 =        0.020979353
-----------------
f at the beginning of new iteration,       343.3237443289
Predicted improvement:        0.012502462
lambda =          1; f =          343.3072979
Norm of dx  0.0064766
----
Improvement on iteration 58 =        0.016446397
-----------------
f at the beginning of new iteration,       343.3072979320
Predicted improvement:        0.012349494
lambda =          1; f =          343.2865494
lambda =     1.9332; f =          343.2742781
Norm of dx  0.0070154
----
Improvement on iteration 59 =        0.033019815
-----------------
f at the beginning of new iteration,       343.2742781168
Predicted improvement:        0.029924597
lambda =          1; f =          343.2258658
lambda =     1.9332; f =          343.2013679
Norm of dx   0.011736
----
Improvement on iteration 60 =        0.072910185
-----------------
f at the beginning of new iteration,       343.2013679316
Predicted improvement:        0.048157620
lambda =          1; f =          343.1184718
lambda =     1.9332; f =          343.0659821
lambda =     3.7372; f =          343.0382876
Norm of dx   0.015373
----
Improvement on iteration 61 =        0.163080372
-----------------
f at the beginning of new iteration,       343.0382875594
Predicted improvement:        0.131488163
lambda =          1; f =          342.8333032
lambda =     1.9332; f =          342.7450593
Norm of dx   0.021265
----
Improvement on iteration 62 =        0.293228214
-----------------
f at the beginning of new iteration,       342.7450593451
Predicted improvement:        0.239324540
lambda =          1; f =          342.3925104
lambda =     1.9332; f =          342.2938444
Norm of dx   0.060661
----
Improvement on iteration 63 =        0.451214966
-----------------
f at the beginning of new iteration,       342.2938443790
Predicted improvement:        0.046457293
lambda =          1; f =          342.2427433
Norm of dx   0.019087
----
Improvement on iteration 64 =        0.051101037
-----------------
f at the beginning of new iteration,       342.2427433422
Predicted improvement:        0.003822920
lambda =          1; f =          342.2386364
Norm of dx   0.011115
----
Improvement on iteration 65 =        0.004106978
-----------------
f at the beginning of new iteration,       342.2386363644
Predicted improvement:        0.000315566
lambda =          1; f =          342.2381145
lambda =     1.9332; f =          342.2378285
Norm of dx  0.0024313
----
Improvement on iteration 66 =        0.000807890
-----------------
f at the beginning of new iteration,       342.2378284741
Predicted improvement:        0.000804819
lambda =          1; f =          342.2363266
lambda =     1.9332; f =          342.2351223
lambda =     3.7372; f =          342.2333340
lambda =     7.2247; f =          342.2318931
Norm of dx    0.00264
----
Improvement on iteration 67 =        0.005935387
-----------------
f at the beginning of new iteration,       342.2318930872
Predicted improvement:        0.005169977
lambda =          1; f =          342.2216972
lambda =     1.9332; f =          342.2124493
lambda =     3.7372; f =          342.1953086
lambda =     7.2247; f =          342.1649768
lambda =     13.967; f =          342.1172215
lambda =         27; f =          342.0691757
Norm of dx   0.005514
----
Improvement on iteration 68 =        0.162717339
-----------------
f at the beginning of new iteration,       342.0691757481
Predicted improvement:        0.102161547
lambda =          1; f =          341.9613908
Norm of dx    0.12353
----
Improvement on iteration 69 =        0.107784997
-----------------
f at the beginning of new iteration,       341.9613907511
Predicted improvement:        0.010303142
lambda =          1; f =          341.9539151
Norm of dx   0.026813
----
Improvement on iteration 70 =        0.007475683
-----------------
f at the beginning of new iteration,       341.9539150678
Predicted improvement:        0.001173336
lambda =          1; f =          341.9527406
Norm of dx  0.0076087
----
Improvement on iteration 71 =        0.001174441
-----------------
f at the beginning of new iteration,       341.9527406271
Predicted improvement:        0.000079762
lambda =          1; f =          341.9525907
lambda =     1.9332; f =          341.9524705
lambda =     3.7372; f =          341.9522921
lambda =     7.2247; f =          341.9521486
Norm of dx 0.00044239
----
Improvement on iteration 72 =        0.000592005
-----------------
f at the beginning of new iteration,       341.9521486221
Predicted improvement:        0.000519172
lambda =          1; f =          341.9511250
lambda =     1.9332; f =          341.9501966
lambda =     3.7372; f =          341.9484750
lambda =     7.2247; f =          341.9454203
lambda =     13.967; f =          341.9405365
lambda =         27; f =          341.9349073
Norm of dx  0.0012376
----
Improvement on iteration 73 =        0.017241287
-----------------
f at the beginning of new iteration,       341.9349073356
Predicted improvement:        0.014478637
lambda =          1; f =          341.9088169
lambda =     1.9332; f =          341.8895499
lambda =     3.7372; f =          341.8659372
Norm of dx   0.037978
----
Improvement on iteration 74 =        0.068970111
-----------------
f at the beginning of new iteration,       341.8659372243
Predicted improvement:        0.027353876
lambda =          1; f =          341.8308850
Norm of dx   0.080139
----
Improvement on iteration 75 =        0.035052233
-----------------
f at the beginning of new iteration,       341.8308849910
Predicted improvement:        0.003806932
lambda =          1; f =          341.8271288
Norm of dx   0.019446
----
Improvement on iteration 76 =        0.003756144
-----------------
f at the beginning of new iteration,       341.8271288468
Predicted improvement:        0.000009745
lambda =          1; f =          341.8271172
Norm of dx   0.001058
----
Improvement on iteration 77 =        0.000011676
-----------------
f at the beginning of new iteration,       341.8271171711
Predicted improvement:        0.000000266
lambda =          1; f =          341.8271169
Norm of dx  0.0002469
----
Improvement on iteration 78 =        0.000000308
-----------------
f at the beginning of new iteration,       341.8271168628
Predicted improvement:        0.000000003
lambda =          1; f =          341.8271169
lambda =    0.33333; f =          341.8271169
lambda =    0.11111; f =          341.8271169
lambda =   0.037037; f =          341.8271169
lambda =   0.012346; f =          341.8271169
lambda =  0.0041152; f =          341.8271169
lambda =  0.0013717; f =          341.8271169
lambda = 0.00045725; f =          341.8271169
lambda = 0.00015242; f =          341.8271169
lambda = 5.0805e-05; f =          341.8271169
lambda = 1.6935e-05; f =          341.8271169
lambda =  5.645e-06; f =          341.8271169
lambda = 1.8817e-06; f =          341.8271169
lambda = 3.6376e-06; f =          341.8271169
lambda = 7.0322e-06; f =          341.8271169
lambda = 4.7351e-06; f =          341.8271169
lambda = 6.0032e-06; f =          341.8271169
lambda =  7.611e-06; f =          341.8271169
lambda = 9.6494e-06; f =          341.8271169
lambda = 8.3689e-06; f =          341.8271169
lambda = 7.2582e-06; f =          341.8271169
lambda =  6.295e-06; f =          341.8271169
lambda = 6.8564e-06; f =          341.8271169
lambda = 6.5138e-06; f =          341.8271169
lambda = 6.1884e-06; f =          341.8271169
lambda = 6.3816e-06; f =          341.8271169
lambda =  6.265e-06; f =          341.8271169
lambda = 6.1504e-06; f =          341.8271169
lambda = 6.2189e-06; f =          341.8271169
lambda = 6.2881e-06; f =          341.8271169
Norm of dx 1.5598e-05
Cliff.  Perturbing search direction.
Predicted improvement:        0.000000038
lambda =          1; f =          341.8271177
lambda =    0.33333; f =          341.8271169
lambda =    0.11111; f =          341.8271169
Norm of dx 1.6081e-05
badg2 =
     0
----
Improvement on iteration 79 =        0.000000005
improvement < crit termination

Final value of minus the log posterior (or likelihood):341.827117 

RESULTS FROM POSTERIOR ESTIMATION
parameters
     prior mean     mode    s.d. prior pstdev

y_bar    0.400   0.2020  0.2418 norm  0.2500 
pi_bar   0.620   0.5682  0.1759 gamm  0.2500 
r_bar    0.500   1.1262  0.2792 gamm  0.2500 
kappa    0.300   0.0051  0.0032 beta  0.1500 
tau      2.000   4.5741  0.6129 gamm  0.5000 
phi_pi   1.500   1.4281  0.1529 gamm  0.2500 
phi_y    0.500   0.2389  0.0523 gamm  0.2500 
rho_y    0.500   0.9352  0.0199 beta  0.2000 
rho_pi   0.500   0.8913  0.0281 beta  0.2000 
rho_r    0.500   0.7979  0.0243 beta  0.2000 

standard deviation of shocks
     prior mean     mode    s.d. prior pstdev

eps_y    0.100   0.0942  0.0204 invg  2.0000 
eps_pi   0.100   0.0336  0.0071 invg  2.0000 
eps_r    0.100   0.2999  0.0154 invg  2.0000 


Log data density [Laplace approximation] is -374.739960.


MODEL SUMMARY

  Number of variables:         8
  Number of stochastic shocks: 3
  Number of state variables:   3
  Number of jumpers:           2
  Number of static variables:  3


MATRIX OF COVARIANCE OF EXOGENOUS SHOCKS
Variables       eps_y    eps_pi     eps_r
eps_y        0.008872  0.000000  0.000000
eps_pi       0.000000  0.001128  0.000000
eps_r        0.000000  0.000000  0.089937

POLICY AND TRANSITION FUNCTIONS
                                   y              pi               r             u_y            u_pi         gap_cbo         pinfobs            robs
Constant                           0               0               0               0               0        0.202019        0.568154        1.126172
r(-1)                      -0.701648       -0.014365        0.759843               0               0       -0.701648       -0.014365        0.759843
u_y(-1)                     8.288906        0.464742        0.534388        0.935239               0        8.288906        0.464742        0.534388
u_pi(-1)                   -3.366028        7.198420        1.915335               0        0.891256       -3.366028        7.198420        1.915335
eps_y                       8.862879        0.496923        0.571392        1.000000               0        8.862879        0.496923        0.571392
eps_pi                     -3.776726        8.076718        2.149030               0        1.000000       -3.776726        8.076718        2.149030
eps_r                      -0.879402       -0.018004        0.952340               0               0       -0.879402       -0.018004        0.952340


MOMENTS OF SIMULATED VARIABLES
VARIABLE              MEAN       STD. DEV.        VARIANCE        SKEWNESS        KURTOSIS
y                -0.083437        2.048139        4.194872       -0.012029       -0.099888
pi               -0.018651        0.585870        0.343244       -0.063885        0.009921
r                -0.031967        0.848157        0.719370       -0.041134        0.120097
u_y              -0.012334        0.248748        0.061875        0.077220       -0.109519
u_pi             -0.001601        0.072270        0.005223       -0.059176       -0.068684
gap_cbo           0.118581        2.048139        4.194872       -0.012029       -0.099888
pinfobs           0.549503        0.585870        0.343244       -0.063885        0.009921
robs              1.094205        0.848157        0.719370       -0.041134        0.120097


CORRELATION OF SIMULATED VARIABLES
VARIABLE          y       pi        r      u_y     u_pi  gap_cbo  pinfobs     robs
y            1.0000  -0.1045   0.2139   0.9320  -0.2992   1.0000  -0.1045   0.2139
pi          -0.1045   1.0000   0.6032   0.1649   0.9797  -0.1045   1.0000   0.6032
r            0.2139   0.6032   1.0000   0.5512   0.5110   0.2139   0.6032   1.0000
u_y          0.9320   0.1649   0.5512   1.0000  -0.0355   0.9320   0.1649   0.5512
u_pi        -0.2992   0.9797   0.5110  -0.0355   1.0000  -0.2992   0.9797   0.5110
gap_cbo      1.0000  -0.1045   0.2139   0.9320  -0.2992   1.0000  -0.1045   0.2139
pinfobs     -0.1045   1.0000   0.6032   0.1649   0.9797  -0.1045   1.0000   0.6032
robs         0.2139   0.6032   1.0000   0.5512   0.5110   0.2139   0.6032   1.0000


AUTOCORRELATION OF SIMULATED VARIABLES
VARIABLE         1       2       3       4       5       6       7       8       9      10
y           0.9021  0.8177  0.7410  0.6749  0.6125  0.5568  0.5066  0.4609  0.4201  0.3824
pi          0.8836  0.7813  0.6915  0.6110  0.5381  0.4777  0.4262  0.3808  0.3393  0.3061
r           0.9271  0.8559  0.7874  0.7216  0.6596  0.6018  0.5495  0.5033  0.4632  0.4249
u_y         0.9265  0.8587  0.7945  0.7359  0.6803  0.6289  0.5807  0.5352  0.4929  0.4530
u_pi        0.8869  0.7866  0.6968  0.6163  0.5422  0.4808  0.4281  0.3822  0.3398  0.3055
gap_cbo     0.9021  0.8177  0.7410  0.6749  0.6125  0.5568  0.5066  0.4609  0.4201  0.3824
pinfobs     0.8836  0.7813  0.6915  0.6110  0.5381  0.4777  0.4262  0.3808  0.3393  0.3061
robs        0.9271  0.8559  0.7874  0.7216  0.6596  0.6018  0.5495  0.5033  0.4632  0.4249



VARIANCE DECOMPOSITION SIMULATING ONE SHOCK AT A TIME (in percent)
                      eps_y            eps_pi             eps_r  Tot. lin. contr.
y                     86.40              9.07              3.94             99.42
pi                     4.01             97.23              0.02            101.25
r                     38.14             40.75             26.98            105.87
u_y                  100.01              0.00              0.00            100.01
u_pi                   0.00            100.01              0.00            100.01
gap_cbo               86.40              9.07              3.94             99.42
pinfobs                4.01             97.23              0.02            101.25
robs                  38.14             40.75             26.98            105.87
Note: numbers do not add up to 100 due to non-zero correlation of simulated shocks in small samples

Total computing time : 0h00m09s
Note: warning(s) encountered in MATLAB/Octave code
