Starting Dynare (version 4.5.4).
Starting preprocessing of the model file ...
WARNING: SW_Estimation_REE.mod:8.12-12.44: Symbol rho_ga declared twice.
WARNING: SW_Estimation_REE.mod:8.12-12.55: Symbol mu_w declared twice.
WARNING: SW_Estimation_REE.mod:8.12-12.60: Symbol mu_p declared twice.
Substitution of exo lags: added 2 auxiliary variables and equations.
Found 29 equation(s).
Evaluating expressions...done
Computing static model derivatives:
 - order 1
Computing dynamic model derivatives:
 - order 1
 - order 2
Processing outputs ...
done
Preprocessing completed.

You did not declare endogenous variables after the estimation/calib_smoother command.
Initial value of the log posterior (or likelihood): -1324.9841
                                            First-order      Norm of
 Iter F-count            f(x)  Feasibility   optimality         step
    0      37    1.324984e+03    0.000e+00    1.907e+03
    1      77    1.235261e+03    0.000e+00    2.891e+03    5.538e-01
    2     116    1.228610e+03    0.000e+00    2.815e+03    8.547e-02
    3     154    1.214068e+03    0.000e+00    2.086e+03    2.315e-01
    4     191    1.197233e+03    0.000e+00    3.867e+03    3.746e-01
    5     231    1.196637e+03    0.000e+00    4.269e+03    4.212e-02
    6     269    1.183252e+03    0.000e+00    1.973e+03    9.625e-01
    7     307    1.180319e+03    0.000e+00    1.939e+03    1.005e-01
    8     345    1.151163e+03    0.000e+00    2.076e+03    1.542e+00
    9     383    1.126464e+03    0.000e+00    2.262e+03    5.691e-01
   10     421    1.119485e+03    0.000e+00    2.672e+03    2.579e-01
   11     459    1.108112e+03    0.000e+00    2.351e+03    1.891e-01
   12     496    1.106197e+03    0.000e+00    1.241e+04    7.036e-01
   13     535    1.094068e+03    0.000e+00    7.216e+03    4.221e-01
   14     573    1.088158e+03    0.000e+00    2.791e+03    2.630e-01
   15     611    1.084080e+03    0.000e+00    1.323e+03    1.410e+00
   16     650    1.079444e+03    0.000e+00    1.291e+03    2.636e-01
   17     689    1.066609e+03    0.000e+00    1.426e+03    3.310e-01
   18     728    1.059539e+03    0.000e+00    1.482e+03    4.287e-01
   19     766    1.054442e+03    0.000e+00    1.473e+03    3.463e-01
   20     804    1.048840e+03    0.000e+00    1.072e+03    1.565e+00
   21     842    1.039648e+03    0.000e+00    1.359e+03    4.706e-01
   22     880    1.029794e+03    0.000e+00    9.346e+02    1.194e+00
   23     919    1.027752e+03    0.000e+00    5.947e+02    7.619e-01
   24     958    1.027312e+03    0.000e+00    6.986e+02    6.879e-01
   25     997    1.026640e+03    0.000e+00    5.752e+02    5.303e-01
   26    1036    1.023837e+03    0.000e+00    5.845e+02    6.576e-01
   27    1080    1.020046e+03    0.000e+00    5.864e+02    7.336e-02
   28    1118    1.018545e+03    0.000e+00    6.301e+02    2.816e-01
   29    1158    1.017248e+03    0.000e+00    5.785e+02    2.534e-01
   30    1197    1.016323e+03    0.000e+00    4.958e+02    1.811e-01

                                            First-order      Norm of
 Iter F-count            f(x)  Feasibility   optimality         step
   31    1236    1.015905e+03    0.000e+00    6.635e+02    3.799e-01
   32    1275    1.015447e+03    0.000e+00    9.006e+02    1.943e-01
   33    1315    1.015511e+03    0.000e+00    8.477e+02    2.177e-01
   34    1358    1.013769e+03    0.000e+00    4.749e+02    1.121e-01
   35    1398    1.013492e+03    0.000e+00    3.053e+02    6.413e-02
   36    1437    1.013473e+03    0.000e+00    3.187e+02    1.647e-01
   37    1477    1.012906e+03    0.000e+00    3.962e+02    2.115e-01
   38    1519    1.012566e+03    0.000e+00    1.399e+02    8.485e-02
   39    1558    1.012329e+03    0.000e+00    1.738e+02    7.221e-02
   40    1598    1.011436e+03    0.000e+00    3.426e+02    2.294e-01
   41    1638    1.011198e+03    0.000e+00    4.101e+02    8.533e-02
   42    1678    1.011111e+03    0.000e+00    4.084e+02    1.310e-01
   43    1716    1.010843e+03    0.000e+00    2.010e+02    4.729e-01
   44    1756    1.010538e+03    0.000e+00    2.668e+02    2.594e-01
   45    1795    1.010390e+03    0.000e+00    2.274e+02    6.819e-01
   46    1835    1.010304e+03    0.000e+00    2.875e+02    1.793e-01
   47    1874    1.009629e+03    0.000e+00    3.572e+02    5.080e-01
   48    1913    1.009634e+03    0.000e+00    2.079e+02    1.491e-01
   49    1952    1.009527e+03    0.000e+00    1.921e+02    2.204e-01
   50    1992    1.009424e+03    0.000e+00    1.428e+02    6.539e-02
   51    2032    1.009203e+03    0.000e+00    1.745e+02    5.254e-01
   52    2069    1.009059e+03    0.000e+00    9.481e+01    3.732e-01
   53    2109    1.008931e+03    0.000e+00    1.025e+02    1.828e-01
   54    2147    1.008793e+03    0.000e+00    7.411e+01    3.715e-01
   55    2186    1.008692e+03    0.000e+00    5.851e+01    2.346e-01
   56    2231    1.008549e+03    0.000e+00    2.122e+02    1.403e-02
   57    2269    1.008527e+03    0.000e+00    1.830e+02    4.273e-02
   58    2307    1.008437e+03    0.000e+00    1.520e+02    9.493e-02
   59    2347    1.008313e+03    0.000e+00    5.672e+01    1.836e-01
   60    2384    1.008255e+03    0.000e+00    2.001e+02    5.091e-01

                                            First-order      Norm of
 Iter F-count            f(x)  Feasibility   optimality         step
   61    2421    1.007842e+03    0.000e+00    2.192e+02    2.470e-01
   62    2458    1.007736e+03    0.000e+00    2.174e+02    5.460e-02
   63    2495    1.007640e+03    0.000e+00    2.092e+02    2.170e-01
   64    2532    1.007538e+03    0.000e+00    1.522e+02    1.001e-01
   65    2569    1.007402e+03    0.000e+00    1.053e+02    1.297e-01
   66    2606    1.007318e+03    0.000e+00    2.263e+01    8.078e-02
   67    2643    1.007271e+03    0.000e+00    3.129e+01    5.972e-02
   68    2680    1.007238e+03    0.000e+00    1.175e+01    1.024e-01
   69    2717    1.007231e+03    0.000e+00    1.302e+01    6.430e-02
   70    2754    1.007231e+03    0.000e+00    3.098e+00    1.605e-02
   71    2791    1.007232e+03    0.000e+00    2.820e+00    2.099e-02
   72    2828    1.007230e+03    0.000e+00    1.885e+00    1.316e-02
   73    2865    1.007231e+03    0.000e+00    3.199e+00    7.487e-03
   74    2902    1.007231e+03    0.000e+00    2.981e+00    8.416e-03
   75    2939    1.007231e+03    0.000e+00    1.469e+00    1.920e-03
   76    2976    1.007231e+03    0.000e+00    9.595e-01    5.077e-03
   77    3014    1.007231e+03    0.000e+00    8.432e-01    2.524e-03
   78    3051    1.007231e+03    0.000e+00    5.175e-01    2.515e-03
   79    3088    1.007221e+03    0.000e+00    3.966e+00    1.116e-02
   80    3125    1.007220e+03    0.000e+00    2.634e+00    1.052e-02
   81    3162    1.007219e+03    0.000e+00    9.075e-01    1.514e-02
   82    3205    1.007218e+03    0.000e+00    2.237e+00    5.739e-03
   83    3244    1.007218e+03    0.000e+00    1.969e+00    7.112e-03
   84    3281    1.007219e+03    0.000e+00    1.859e+00    9.550e-03
   85    3318    1.007218e+03    0.000e+00    5.750e-01    8.613e-03
   86    3355    1.007218e+03    0.000e+00    8.460e-01    3.007e-03
   87    3393    1.007218e+03    0.000e+00    7.124e-01    1.442e-03
   88    3436    1.007218e+03    0.000e+00    5.449e-02    4.572e-04
   89    3475    1.007218e+03    0.000e+00    1.273e-01    8.806e-04
   90    3516    1.007218e+03    0.000e+00    9.376e-02    8.897e-04

                                            First-order      Norm of
 Iter F-count            f(x)  Feasibility   optimality         step
   91    3558    1.007218e+03    0.000e+00    4.385e-02    6.113e-04
   92    3598    1.007218e+03    0.000e+00    1.032e-01    4.461e-04
   93    3635    1.007218e+03    0.000e+00    1.513e-01    1.654e-03
   94    3679    1.007218e+03    0.000e+00    3.795e-02    1.674e-04
   95    3718    1.007218e+03    0.000e+00    2.472e-01    3.712e-04
   96    3759    1.007218e+03    0.000e+00    7.495e-02    4.764e-04
   97    3802    1.007218e+03    0.000e+00    4.770e-02    3.255e-04
   98    3844    1.007218e+03    0.000e+00    5.086e-02    1.401e-04
   99    3883    1.007218e+03    0.000e+00    1.129e-01    1.758e-04
  100    3925    1.007218e+03    0.000e+00    4.512e-02    1.259e-04
  101    3964    1.007218e+03    0.000e+00    1.207e-01    1.912e-04
  102    4004    1.007218e+03    0.000e+00    2.032e-01    2.575e-04
  103    4044    1.007218e+03    0.000e+00    1.765e-01    2.340e-04
  104    4087    1.007218e+03    0.000e+00    4.088e-02    1.183e-04
  105    4124    1.007218e+03    0.000e+00    1.464e+00    2.091e-03
  106    4162    1.007218e+03    0.000e+00    2.061e+00    1.583e-03
  107    4199    1.007218e+03    0.000e+00    5.929e-01    3.254e-03
  108    4236    1.007218e+03    0.000e+00    5.933e-01    1.057e-03
  109    4274    1.007218e+03    0.000e+00    4.559e-01    4.961e-04
  110    4319    1.007218e+03    0.000e+00    8.605e-02    9.697e-05
  111    4357    1.007218e+03    0.000e+00    2.534e-01    1.910e-04
  112    4395    1.007218e+03    0.000e+00    3.082e-01    4.906e-04
  113    4438    1.007218e+03    0.000e+00    2.484e-01    2.782e-04
  114    4476    1.007218e+03    0.000e+00    2.548e-01    1.223e-04
  115    4516    1.007218e+03    0.000e+00    1.794e-01    2.117e-04
  116    4558    1.007218e+03    0.000e+00    1.299e-01    2.744e-04
  117    4595    1.007218e+03    0.000e+00    1.916e-01    2.862e-04
  118    4634    1.007218e+03    0.000e+00    2.649e-01    3.453e-04
  119    4671    1.007218e+03    0.000e+00    2.402e-01    4.140e-04
  120    4715    1.007218e+03    0.000e+00    5.207e-02    8.610e-05

                                            First-order      Norm of
 Iter F-count            f(x)  Feasibility   optimality         step
  121    4753    1.007218e+03    0.000e+00    2.080e-01    2.283e-04
  122    4792    1.007218e+03    0.000e+00    2.500e-01    1.491e-04
  123    4829    1.007218e+03    0.000e+00    1.890e-01    4.745e-04
  124    4867    1.007218e+03    0.000e+00    1.752e-01    1.755e-04
  125    4905    1.007218e+03    0.000e+00    1.548e-01    2.002e-04
  126    4943    1.007218e+03    0.000e+00    1.807e-01    2.712e-04
  127    4981    1.007218e+03    0.000e+00    2.017e-01    7.192e-05
  128    5018    1.007218e+03    0.000e+00    1.017e-01    3.135e-04
  129    5058    1.007218e+03    0.000e+00    1.325e-01    7.316e-05
  130    5099    1.007218e+03    0.000e+00    7.700e-02    1.411e-04
  131    5137    1.007218e+03    0.000e+00    2.479e-01    2.195e-04
  132    5175    1.007218e+03    0.000e+00    2.191e-01    3.396e-04
  133    5217    1.007218e+03    0.000e+00    2.000e-01    3.992e-04
  134    5255    1.007218e+03    0.000e+00    1.432e-01    2.204e-04
  135    5292    1.007218e+03    0.000e+00    2.237e-01    1.366e-03
  136    5329    1.007218e+03    0.000e+00    1.547e-01    5.976e-04
  137    5367    1.007218e+03    0.000e+00    1.974e-01    3.833e-04
  138    5405    1.007218e+03    0.000e+00    1.880e-01    2.643e-04
  139    5442    1.007218e+03    0.000e+00    1.260e-01    3.912e-04
  140    5481    1.007218e+03    0.000e+00    1.112e-01    1.347e-04
  141    5518    1.007218e+03    0.000e+00    1.667e-01    4.366e-04
  142    5557    1.007218e+03    0.000e+00    1.679e-01    1.386e-04
  143    5595    1.007218e+03    0.000e+00    2.092e-01    5.590e-04
  144    5632    1.007218e+03    0.000e+00    1.603e-01    5.145e-04
  145    5670    1.007218e+03    0.000e+00    1.881e-01    2.563e-04
  146    5710    1.007218e+03    0.000e+00    2.975e-01    7.236e-05
  147    5747    1.007218e+03    0.000e+00    1.292e-01    1.005e-03
  148    5785    1.007218e+03    0.000e+00    2.262e-01    4.152e-04
  149    5825    1.007218e+03    0.000e+00    2.550e-01    1.215e-04
  150    5862    1.007218e+03    0.000e+00    1.376e-01    4.897e-04

                                            First-order      Norm of
 Iter F-count            f(x)  Feasibility   optimality         step
  151    5900    1.007218e+03    0.000e+00    3.848e-01    8.226e-04
  152    5939    1.007218e+03    0.000e+00    4.557e-01    4.364e-04
  153    5976    1.007218e+03    0.000e+00    4.622e-01    5.961e-04
  154    6019    1.007218e+03    0.000e+00    1.195e-01    2.579e-04
  155    6057    1.007218e+03    0.000e+00    2.619e-01    3.526e-04
  156    6099    1.007218e+03    0.000e+00    8.253e-02    1.810e-04
  157    6137    1.007218e+03    0.000e+00    1.930e-01    2.349e-04
  158    6180    1.007218e+03    0.000e+00    1.822e-01    8.494e-05
  159    6218    1.007218e+03    0.000e+00    1.554e-01    2.487e-04
  160    6255    1.007218e+03    0.000e+00    2.797e-01    5.818e-04
  161    6293    1.007218e+03    0.000e+00    3.903e-01    2.940e-04
  162    6330    1.007218e+03    0.000e+00    4.394e-01    5.549e-04
  163    6367    1.007218e+03    0.000e+00    1.922e-01    3.302e-04
  164    6406    1.007218e+03    0.000e+00    1.374e-01    2.639e-04
  165    6451    1.007218e+03    0.000e+00    5.267e-02    1.570e-05
  166    6488    1.007218e+03    0.000e+00    1.111e-01    1.301e-04
  167    6526    1.007218e+03    0.000e+00    1.243e-01    2.369e-05
  168    6564    1.007218e+03    0.000e+00    1.812e-01    1.457e-04
  169    6601    1.007218e+03    0.000e+00    1.216e-01    3.631e-04
  170    6645    1.007218e+03    0.000e+00    9.921e-02    3.183e-05
  171    6683    1.007218e+03    0.000e+00    1.269e-01    8.811e-05
  172    6723    1.007218e+03    0.000e+00    1.636e-01    4.438e-04
  173    6760    1.007218e+03    0.000e+00    1.218e-01    1.563e-04
  174    6804    1.007218e+03    0.000e+00    3.862e-02    2.909e-05
  175    6842    1.007218e+03    0.000e+00    1.228e-01    3.081e-05
  176    6883    1.007218e+03    0.000e+00    3.199e-02    5.410e-05
  177    6921    1.007218e+03    0.000e+00    1.015e-01    6.864e-05
  178    6959    1.007218e+03    0.000e+00    1.204e-01    1.049e-04
  179    6996    1.007218e+03    0.000e+00    1.802e-01    2.765e-04
  180    7033    1.007218e+03    0.000e+00    1.402e-01    5.538e-05

                                            First-order      Norm of
 Iter F-count            f(x)  Feasibility   optimality         step
  181    7070    1.007218e+03    0.000e+00    9.927e-02    1.714e-04
  182    7110    1.007218e+03    0.000e+00    8.072e-02    1.205e-04
  183    7153    1.007218e+03    0.000e+00    7.287e-02    1.865e-05
  184    7191    1.007218e+03    0.000e+00    1.123e-01    5.162e-05
  185    7229    1.007218e+03    0.000e+00    1.820e-01    1.970e-04
  186    7266    1.007218e+03    0.000e+00    1.135e-01    3.320e-05
  187    7303    1.007218e+03    0.000e+00    8.722e-02    1.274e-04
  188    7340    1.007218e+03    0.000e+00    1.405e-01    1.588e-04
  189    7377    1.007218e+03    0.000e+00    1.264e-01    6.644e-05
  190    7414    1.007218e+03    0.000e+00    9.080e-02    1.741e-04
  191    7452    1.007218e+03    0.000e+00    1.092e-01    4.440e-05
  192    7496    1.007218e+03    0.000e+00    9.716e-02    9.586e-06
  193    7534    1.007218e+03    0.000e+00    9.205e-02    6.106e-06
  194    7573    1.007218e+03    0.000e+00    1.373e-01    3.562e-05
  195    7616    1.007218e+03    0.000e+00    2.799e-02    2.835e-05
  196    7654    1.007218e+03    0.000e+00    1.110e-01    2.450e-05
  197    7691    1.007218e+03    0.000e+00    1.253e-01    1.927e-04
  198    7735    1.007218e+03    0.000e+00    9.443e-02    1.740e-05
  199    7773    1.007218e+03    0.000e+00    1.550e-01    2.223e-05
  200    7813    1.007218e+03    0.000e+00    1.115e-01    5.529e-05
  201    7853    1.007218e+03    0.000e+00    1.280e-01    3.690e-05
  202    7892    1.007218e+03    0.000e+00    1.722e-01    6.170e-05
  203    7929    1.007218e+03    0.000e+00    1.409e-01    1.952e-05
  204    7966    1.007218e+03    0.000e+00    2.075e-01    9.544e-05
  205    8003    1.007218e+03    0.000e+00    1.374e-01    1.312e-04
  206    8040    1.007218e+03    0.000e+00    9.577e-02    4.204e-05
  207    8077    1.007218e+03    0.000e+00    1.921e-01    1.803e-04
  208    8115    1.007218e+03    0.000e+00    9.639e-02    5.002e-05
  209    8152    1.007218e+03    0.000e+00    8.281e-02    1.504e-05

<a href = "matlab: helpview([docroot '/toolbox/optim/msg_csh/optim_msg_csh.map'],'local_min_poss_with_constr','CSHelpWindow');">Local minimum possible. Constraints satisfied</a>.

fmincon stopped because the <a href = "matlab: helpview([docroot '/toolbox/optim/msg_csh/optim_msg_csh.map'],'norm_curr_step_simple_fminconip','CSHelpWindow');">size of the current step</a> is less than
the selected value of the <a href = "matlab: helpview([docroot '/toolbox/optim/msg_csh/optim_msg_csh.map'],'step_size_tol','CSHelpWindow');">step size tolerance</a> and constraints are 
satisfied to within the default value of the <a href = "matlab: helpview([docroot '/toolbox/optim/msg_csh/optim_msg_csh.map'],'constraint_tolerance','CSHelpWindow');">constraint tolerance</a>.

<<a href = "matlab: createExitMsg('barrier',2.000000e+00,true,true,'fmincon',6.121041e-07,'selected',1.000000e-06,0.000000e+00,'default',1.000000e-06,0.000000e+00,'',0.000000e+00);">stopping criteria details</a>>


Final value of minus the log posterior (or likelihood):1007.217592 

RESULTS FROM POSTERIOR ESTIMATION
parameters
         prior mean     mode    s.d. prior pstdev

phi          4.000   4.4452  0.9640 norm  1.5000 
sigma_c      1.500   1.3803  0.1389 norm  0.3750 
lambda       0.700   0.7278  0.0477 beta  0.1000 
xi_w         0.500   0.8471  0.0333 beta  0.1000 
sigma_l      2.000   1.2507  0.7693 norm  0.7500 
xi_p         0.500   0.6391  0.0464 beta  0.1000 
iota_w       0.500   0.5098  0.1516 beta  0.1500 
iota_p       0.500   0.1864  0.0757 beta  0.1500 
psi          0.500   0.7861  0.0774 beta  0.1500 
phi_p        1.250   1.6164  0.0716 norm  0.1250 
r_pi         1.500   1.5778  0.1157 norm  0.2500 
rho          0.750   0.7423  0.0251 beta  0.1000 
r_y          0.125   0.0279  0.0110 norm  0.0500 
r_dy         0.125   0.1883  0.0257 norm  0.0500 
pi_bar       0.625   0.6982  0.0610 gamm  0.1000 
beta_const   0.250   0.2101  0.0917 gamm  0.1000 
l_bar        0.000  -0.4161  1.3068 norm  2.0000 
gamma_bar    0.400   0.3811  0.0216 norm  0.1000 
rho_ga       0.500   0.5557  0.0835 norm  0.2500 
alpha        0.300   0.2386  0.0341 norm  0.0500 
rho_a        0.500   0.9825  0.0061 beta  0.2000 
rho_b        0.500   0.2607  0.0835 beta  0.2000 
rho_g        0.500   0.9634  0.0089 beta  0.2000 
rho_i        0.500   0.7917  0.0418 beta  0.2000 
rho_r        0.500   0.0342  0.0258 beta  0.2000 
rho_p        0.500   0.9470  0.0242 beta  0.2000 
rho_w        0.500   0.9730  0.0079 beta  0.2000 
mu_p         0.500   0.7168  0.0876 beta  0.2000 
mu_w         0.500   0.9837  0.0077 beta  0.2000 

standard deviation of shocks
         prior mean     mode    s.d. prior pstdev

eta_a        0.100   0.3986  0.0237 invg  2.0000 
eta_b        0.100   0.2344  0.0244 invg  2.0000 
eta_g        0.100   0.4633  0.0249 invg  2.0000 
eta_i        0.100   0.3847  0.0379 invg  2.0000 
eta_r        0.100   0.3110  0.0177 invg  2.0000 
eta_p        0.100   0.1120  0.0147 invg  2.0000 
eta_w        0.100   0.4420  0.0252 invg  2.0000 


Log data density [Laplace approximation] is -1094.024857.


MODEL SUMMARY

  Number of variables:         29
  Number of stochastic shocks: 7
  Number of state variables:   16
  Number of jumpers:           7
  Number of static variables:  10


MATRIX OF COVARIANCE OF EXOGENOUS SHOCKS
Variables       eta_a     eta_b     eta_g     eta_i     eta_r     eta_p     eta_w
eta_a        0.158874  0.000000  0.000000  0.000000  0.000000  0.000000  0.000000
eta_b        0.000000  0.054962  0.000000  0.000000  0.000000  0.000000  0.000000
eta_g        0.000000  0.000000  0.214606  0.000000  0.000000  0.000000  0.000000
eta_i        0.000000  0.000000  0.000000  0.147978  0.000000  0.000000  0.000000
eta_r        0.000000  0.000000  0.000000  0.000000  0.096750  0.000000  0.000000
eta_p        0.000000  0.000000  0.000000  0.000000  0.000000  0.012538  0.000000
eta_w        0.000000  0.000000  0.000000  0.000000  0.000000  0.000000  0.195357

POLICY AND TRANSITION FUNCTIONS
                                  mc            zcap              rk               k               q               c            inve               y             lab            pinf               w               r              kp           eps_a           eps_b           eps_g           eps_i           eps_r           eps_p           eps_w          labobs            robs         pinfobs              dy              dc           dinve              dw
Constant                           0               0               0               0               0               0               0               0               0               0               0               0               0               0               0               0               0               0               0               0       -0.416148        1.154180        0.698166        0.381058        0.381058        0.381058        0.381058
y(-1)                       0.022022        0.022191        0.081554        0.022191        0.464848        0.127779        0.227337        0.132095        0.100375        0.019252        0.003370       -0.154664        0.006567               0               0               0               0               0               0               0        0.100375       -0.154664        0.019252       -0.867905        0.127779        0.227337        0.003370
r(-1)                      -0.086806       -0.087474       -0.321476       -0.087474       -1.832375       -0.503688       -0.896134       -0.520704       -0.395667       -0.075889       -0.013283        0.609667       -0.025884               0               0               0               0               0               0               0       -0.395667        0.609667       -0.075889       -0.520704       -0.503688       -0.896134       -0.013283
kp(-1)                     -0.201884       -0.264049       -0.970409        0.735951       -0.137998        0.043653       -0.069875       -0.052653       -0.273358       -0.051568        0.038899       -0.031260        0.969097               0               0               0               0               0               0               0       -0.273358       -0.031260       -0.051568       -0.052653        0.043653       -0.069875        0.038899
eps_a(-1)                  -1.014520       -0.205633       -0.755724       -0.205633       -0.141739        0.116623        0.296129        0.085930       -1.156110       -0.200082        0.194753       -0.070640        0.008554        0.982524               0               0               0               0               0               0       -1.156110       -0.070640       -0.200082        0.085930        0.116623        0.296129        0.194753
eps_b(-1)                   0.091203        0.093382        0.343189        0.093382        2.723486        0.650252        0.662136        0.558243        0.424317        0.028239        0.012254        0.120619        0.019125               0        0.260655               0               0               0               0               0        0.424317        0.120619        0.028239        0.558243        0.650252        0.662136        0.012254
eps_g(-1)                   0.107257        0.138924        0.510562        0.138924       -0.381080       -0.099532       -0.274774        0.876443        0.668587        0.041082       -0.019100        0.188049       -0.007937               0               0        0.963427               0               0               0               0        0.668587        0.188049        0.041082        0.876443       -0.099532       -0.274774       -0.019100
eps_i(-1)                   0.110300        0.110876        0.407480        0.110876       -1.965352       -0.060714        3.030205        0.659570        0.501164        0.094671        0.017191        0.167437        0.189986               0               0               0        0.791653               0               0               0        0.501164        0.167437        0.094671        0.659570       -0.060714        3.030205        0.017191
eps_r(-1)                  -0.004150       -0.004180       -0.015363       -0.004180       -0.087036       -0.023990       -0.043033       -0.024881       -0.018907       -0.003659       -0.000637        0.027896       -0.001243               0               0               0               0        0.034248               0               0       -0.018907        0.027896       -0.003659       -0.024881       -0.023990       -0.043033       -0.000637
eps_p(-1)                  -5.839785       -1.726803       -6.346189       -1.726803       -1.419910       -1.669752       -9.936683       -3.609691       -2.391866        4.643441       -5.681126        1.182193       -0.287016               0               0               0               0               0        0.946987               0       -2.391866        1.182193        4.643441       -3.609691       -1.669752       -9.936683       -5.681126
eps_w(-1)                   2.808140       -0.351437       -1.291571       -0.351437       23.460392      -11.997050        0.349596       -7.194706       -5.735609        9.132619        4.092601        2.306491        0.010098               0               0               0               0               0               0        0.972966       -5.735609        2.306491        9.132619       -7.194706      -11.997050        0.349596        4.092601
eta_p(-1)                   4.420297        1.307065        4.803609        1.307065        1.074770        1.263882        7.521355        2.732276        1.810471       -3.514751        4.300204       -0.894835        0.217250               0               0               0               0               0       -0.716801               0        1.810471       -0.894835       -3.514751        2.732276        1.263882        7.521355        4.300204
eta_w(-1)                  -2.839218        0.355327        1.305864        0.355327      -23.720028       12.129822       -0.353465        7.274330        5.799085       -9.233690       -4.137894       -2.332017       -0.010210               0               0               0               0               0               0       -0.983734        5.799085       -2.332017       -9.233690        7.274330       12.129822       -0.353465       -4.137894
c(-1)                       0.067362        0.076985        0.282928        0.076985       -0.139558        0.772655       -0.038535        0.472872        0.360089        0.016288       -0.000176        0.099069       -0.001113               0               0               0               0               0               0               0        0.360089        0.099069        0.016288        0.472872       -0.227345       -0.038535       -0.000176
inve(-1)                    0.032117        0.034410        0.126460        0.034410       -0.131116        0.023134        0.842032        0.208113        0.158311        0.007592        0.002559        0.043773        0.024322               0               0               0               0               0               0               0        0.158311        0.043773        0.007592        0.208113        0.023134       -0.157968        0.002559
pinf(-1)                    0.224121        0.038680        0.142153        0.038680       -0.164366       -0.074719       -0.156125       -0.069968       -0.068968        0.216009        0.249802        0.074144       -0.004510               0               0               0               0               0               0               0       -0.068968        0.074144        0.216009       -0.069968       -0.074719       -0.156125        0.249802
w(-1)                       0.758047        0.158913        0.584023        0.158913        0.040413       -0.057897       -0.126201       -0.024424       -0.069633        0.104058        0.812569        0.037532       -0.003645               0               0               0               0               0               0               0       -0.069633        0.037532        0.104058       -0.024424       -0.057897       -0.126201       -0.187431
eta_a                      -0.934468       -0.092649       -0.340495       -0.092649        0.400654        0.271496        0.516896        0.810326       -0.625886       -0.148272        0.192743       -0.217866        0.014930        1.000000               0        0.555729               0               0               0               0       -0.625886       -0.217866       -0.148272        0.810326        0.271496        0.516896        0.192743
eta_b                       0.349898        0.358259        1.316639        0.358259       10.448609        2.494680        2.540275        2.141691        1.627885        0.108339        0.047013        0.462751        0.073374               0        1.000000               0               0               0               0               0        1.627885        0.462751        0.108339        2.141691        2.494680        2.540275        0.047013
eta_g                       0.111329        0.144198        0.529944        0.144198       -0.395547       -0.103311       -0.285205        0.909715        0.693967        0.042642       -0.019826        0.195187       -0.008238               0               0        1.000000               0               0               0               0        0.693967        0.195187        0.042642        0.909715       -0.103311       -0.285205       -0.019826
eta_i                       0.139328        0.140056        0.514721        0.140056       -2.482594       -0.076692        3.827696        0.833156        0.633061        0.119586        0.021716        0.211503        0.239987               0               0               0        1.000000               0               0               0        0.633061        0.211503        0.119586        0.833156       -0.076692        3.827696        0.021716
eta_r                      -0.121171       -0.122059       -0.448581       -0.122059       -2.541334       -0.700482       -1.256514       -0.726510       -0.552049       -0.106837       -0.018591        0.814529       -0.036294               0               0               0               0        1.000000               0               0       -0.552049        0.814529       -0.106837       -0.726510       -0.700482       -1.256514       -0.018591
eta_p                      -2.280621       -0.647084       -2.378106       -0.647084       -1.255155       -0.646264       -2.992538       -1.203499       -0.775111        1.976589       -2.250079        0.568340       -0.086438               0               0               0               0               0        1.000000               0       -0.775111        0.568340        1.976589       -1.203499       -0.646264       -2.992538       -2.250079
eta_w                       1.499020        0.324941        1.194192        0.324941       -0.185231        0.019531       -0.258854        0.032509       -0.075392        0.106279        1.594525        0.049566       -0.007477               0               0               0               0               0               0        1.000000       -0.075392        0.049566        0.106279        0.032509        0.019531       -0.258854        1.594525


MOMENTS OF SIMULATED VARIABLES
VARIABLE              MEAN       STD. DEV.        VARIANCE        SKEWNESS        KURTOSIS
mc                0.088555        2.870121        8.237593       -0.066828       -0.123058
zcap              0.057185        1.342124        1.801297       -0.005176       -0.114107
rk                0.210162        4.932453       24.329098       -0.005176       -0.114107
k                -0.221351        7.085016       50.197459        0.021994       -0.060088
q                 0.008177        3.736426       13.960877        0.002795        0.012039
c                -0.286409        6.639090       44.077517        0.008397        0.033944
inve             -0.273994       13.315772      177.309782       -0.011232       -0.048591
y                -0.161223        6.742693       45.463906        0.023035       -0.147621
lab               0.079603        3.325500       11.058952       -0.022253       -0.174986
pinf              0.012636        0.441718        0.195115        0.038383       -0.044338
w                -0.090792        4.348120       18.906144       -0.003339       -0.160579
r                 0.021272        0.680389        0.462929       -0.015269       -0.003265
kp               -0.278556        7.916246       62.666953        0.023982       -0.034398
eps_a            -0.107551        2.182330        4.762563       -0.038503       -0.059235
eps_b             0.000422        0.242932        0.059016       -0.002057        0.013993
eps_g             0.057166        1.907088        3.636986       -0.074362       -0.225785
eps_i            -0.001171        0.623686        0.388984       -0.009086        0.064952
eps_r             0.000285        0.312595        0.097715        0.001797       -0.024014
eps_p            -0.002733        0.137094        0.018795        0.016352       -0.031761
eps_w            -0.000722        0.441873        0.195252        0.007515       -0.018126
labobs           -0.336545        3.325500       11.058952       -0.022253       -0.174986
robs              1.175451        0.680389        0.462929       -0.015269       -0.003265
pinfobs           0.710802        0.441718        0.195115        0.038383       -0.044338
dy                0.381057        0.985789        0.971780       -0.002870       -0.000661
dc                0.381095        0.762770        0.581819       -0.007253        0.028022
dinve             0.380833        2.278875        5.193273        0.002488       -0.008447
dw                0.381031        0.814612        0.663593        0.008701       -0.029608


CORRELATION OF SIMULATED VARIABLES
VARIABLE         mc     zcap       rk        k        q        c     inve        y      lab     pinf        w        r       kp    eps_a    eps_b    eps_g    eps_i    eps_r    eps_p    eps_w   labobs     robs  pinfobs       dy       dc    dinve       dw
mc           1.0000   0.3422   0.3422   0.4049  -0.0325   0.3542   0.4486   0.4043   0.5231   0.0010   0.6479   0.0977   0.3184  -0.1478   0.0430  -0.0589   0.1036  -0.0090  -0.5473   0.2246   0.5231   0.0977   0.0010  -0.0238   0.0454  -0.0425   0.1327
zcap         0.3422   1.0000   1.0000  -0.5609   0.1066  -0.2572   0.0856  -0.0058   0.4890   0.1905  -0.1537   0.2936  -0.6471  -0.1440   0.0840   0.2151   0.0890  -0.0264  -0.2450   0.1023   0.4890   0.2936   0.1905   0.2536   0.2490   0.2587   0.1641
rk           0.3422   1.0000   1.0000  -0.5609   0.1066  -0.2572   0.0856  -0.0058   0.4890   0.1905  -0.1537   0.2936  -0.6471  -0.1440   0.0840   0.2151   0.0890  -0.0264  -0.2450   0.1023   0.4890   0.2936   0.1905   0.2536   0.2490   0.2587   0.1641
k            0.4049  -0.5609  -0.5609   1.0000  -0.1605   0.8533   0.6291   0.7566   0.2425  -0.2250   0.8076  -0.1675   0.9935   0.3902   0.0121   0.0198   0.1400  -0.0071  -0.1892   0.0134   0.2425  -0.1675  -0.2250  -0.1432  -0.0667  -0.2003  -0.0186
q           -0.0325   0.1066   0.1066  -0.1605   1.0000   0.0380  -0.3389  -0.1243  -0.1314  -0.2333  -0.0401  -0.4488  -0.1797   0.0393   0.6715  -0.0141  -0.6062  -0.2160  -0.0976  -0.0141  -0.1314  -0.4488  -0.2333   0.2893   0.5637   0.0426   0.0191
c            0.3542  -0.2572  -0.2572   0.8533   0.0380   1.0000   0.7085   0.9015   0.4373  -0.3168   0.7642  -0.2618   0.8190   0.5549   0.1115   0.0523   0.0590  -0.0381  -0.1990  -0.0153   0.4373  -0.2618  -0.3168  -0.0376   0.0574  -0.0984   0.0101
inve         0.4486   0.0856   0.0856   0.6291  -0.3389   0.7085   1.0000   0.8611   0.6777   0.0111   0.6039   0.2292   0.5867   0.3724   0.0523   0.0101   0.5339  -0.0307  -0.2461  -0.0159   0.6777   0.2292   0.0111   0.1292   0.2176   0.0856   0.1074
y            0.4043  -0.0058  -0.0058   0.7566  -0.1243   0.9015   0.8611   1.0000   0.6303  -0.1577   0.7442  -0.0045   0.7031   0.5942   0.0903   0.3284   0.2718  -0.0371  -0.2345  -0.0109   0.6303  -0.0045  -0.1577   0.0731   0.1499  -0.0050   0.0710
lab          0.5231   0.4890   0.4890   0.2425  -0.1314   0.4373   0.6777   0.6303   1.0000   0.1535   0.1852   0.3385   0.1668  -0.1434   0.1477   0.1885   0.3500  -0.0513  -0.2791  -0.0277   1.0000   0.3385   0.1535   0.1478   0.2132   0.0866   0.0812
pinf         0.0010   0.1905   0.1905  -0.2250  -0.2333  -0.3168   0.0111  -0.1577   0.1535   1.0000  -0.2680   0.6141  -0.2234  -0.3052   0.0762   0.0538   0.2916  -0.0694   0.5834   0.1135   0.1535   0.6141   1.0000  -0.1318  -0.1187  -0.0967  -0.1103
w            0.6479  -0.1537  -0.1537   0.8076  -0.0401   0.7642   0.6039   0.7442   0.1852  -0.2680   1.0000  -0.1987   0.7572   0.5822   0.0020   0.1320   0.0614  -0.0023  -0.3728   0.1591   0.1852  -0.1987  -0.2680  -0.0586   0.0107  -0.0991   0.0937
r            0.0977   0.2936   0.2936  -0.1675  -0.4488  -0.2618   0.2292  -0.0045   0.3385   0.6141  -0.1987   1.0000  -0.1778  -0.2717   0.1963   0.1269   0.4877   0.3862   0.1630   0.0385   0.3385   1.0000   0.6141  -0.0234  -0.0520  -0.0298  -0.0086
kp           0.3184  -0.6471  -0.6471   0.9935  -0.1797   0.8190   0.5867   0.7031   0.1668  -0.2234   0.7572  -0.1778   1.0000   0.3810  -0.0008  -0.0177   0.1431  -0.0033  -0.1360  -0.0060   0.1668  -0.1778  -0.2234  -0.1560  -0.0873  -0.2059  -0.0373
eps_a       -0.1478  -0.1440  -0.1440   0.3902   0.0393   0.5549   0.3724   0.5942  -0.1434  -0.3052   0.5822  -0.2717   0.3810   1.0000  -0.0082   0.3936   0.0049  -0.0060   0.0221   0.0010  -0.1434  -0.2717  -0.3052   0.0791   0.0908   0.0450   0.0560
eps_b        0.0430   0.0840   0.0840   0.0121   0.6715   0.1115   0.0523   0.0903   0.1477   0.0762   0.0020   0.1963  -0.0008  -0.0082   1.0000  -0.0082  -0.0018   0.0023  -0.0033   0.0080   0.1477   0.1963   0.0762   0.4966   0.7458   0.2587   0.0220
eps_g       -0.0589   0.2151   0.2151   0.0198  -0.0141   0.0523   0.0101   0.3284   0.1885   0.0538   0.1320   0.1269  -0.0177   0.3936  -0.0082   1.0000  -0.0008  -0.0000   0.0068   0.0008   0.1885   0.1269   0.0538   0.0949   0.0325   0.0118   0.0368
eps_i        0.1036   0.0890   0.0890   0.1400  -0.6062   0.0590   0.5339   0.2718   0.3500   0.2916   0.0614   0.4877   0.1431   0.0049  -0.0018  -0.0008   1.0000  -0.0001   0.0022  -0.0021   0.3500   0.4877   0.2916   0.3842   0.1071   0.6501   0.0610
eps_r       -0.0090  -0.0264  -0.0264  -0.0071  -0.2160  -0.0381  -0.0307  -0.0371  -0.0513  -0.0694  -0.0023   0.3862  -0.0033  -0.0060   0.0023  -0.0000  -0.0001   1.0000   0.0027   0.0038  -0.0513   0.3862  -0.0694  -0.2347  -0.2901  -0.1784  -0.0065
eps_p       -0.5473  -0.2450  -0.2450  -0.1892  -0.0976  -0.1990  -0.2461  -0.2345  -0.2791   0.5834  -0.3728   0.1630  -0.1360   0.0221  -0.0033   0.0068   0.0022   0.0027   1.0000  -0.0036  -0.2791   0.1630   0.5834  -0.1758  -0.1621  -0.1703  -0.2894
eps_w        0.2246   0.1023   0.1023   0.0134  -0.0141  -0.0153  -0.0159  -0.0109  -0.0277   0.1135   0.1591   0.0385  -0.0060   0.0010   0.0080   0.0008  -0.0021   0.0038  -0.0036   1.0000  -0.0277   0.0385   0.1135   0.0185   0.0151  -0.0487   0.8727
labobs       0.5231   0.4890   0.4890   0.2425  -0.1314   0.4373   0.6777   0.6303   1.0000   0.1535   0.1852   0.3385   0.1668  -0.1434   0.1477   0.1885   0.3500  -0.0513  -0.2791  -0.0277   1.0000   0.3385   0.1535   0.1478   0.2132   0.0866   0.0812
robs         0.0977   0.2936   0.2936  -0.1675  -0.4488  -0.2618   0.2292  -0.0045   0.3385   0.6141  -0.1987   1.0000  -0.1778  -0.2717   0.1963   0.1269   0.4877   0.3862   0.1630   0.0385   0.3385   1.0000   0.6141  -0.0234  -0.0520  -0.0298  -0.0086
pinfobs      0.0010   0.1905   0.1905  -0.2250  -0.2333  -0.3168   0.0111  -0.1577   0.1535   1.0000  -0.2680   0.6141  -0.2234  -0.3052   0.0762   0.0538   0.2916  -0.0694   0.5834   0.1135   0.1535   0.6141   1.0000  -0.1318  -0.1187  -0.0967  -0.1103
dy          -0.0238   0.2536   0.2536  -0.1432   0.2893  -0.0376   0.1292   0.0731   0.1478  -0.1318  -0.0586  -0.0234  -0.1560   0.0791   0.4966   0.0949   0.3842  -0.2347  -0.1758   0.0185   0.1478  -0.0234  -0.1318   1.0000   0.6977   0.7203   0.1731
dc           0.0454   0.2490   0.2490  -0.0667   0.5637   0.0574   0.2176   0.1499   0.2132  -0.1187   0.0107  -0.0520  -0.0873   0.0908   0.7458   0.0325   0.1071  -0.2901  -0.1621   0.0151   0.2132  -0.0520  -0.1187   0.6977   1.0000   0.4153   0.1454
dinve       -0.0425   0.2587   0.2587  -0.2003   0.0426  -0.0984   0.0856  -0.0050   0.0866  -0.0967  -0.0991  -0.0298  -0.2059   0.0450   0.2587   0.0118   0.6501  -0.1784  -0.1703  -0.0487   0.0866  -0.0298  -0.0967   0.7203   0.4153   1.0000   0.0980
dw           0.1327   0.1641   0.1641  -0.0186   0.0191   0.0101   0.1074   0.0710   0.0812  -0.1103   0.0937  -0.0086  -0.0373   0.0560   0.0220   0.0368   0.0610  -0.0065  -0.2894   0.8727   0.0812  -0.0086  -0.1103   0.1731   0.1454   0.0980   1.0000


AUTOCORRELATION OF SIMULATED VARIABLES
VARIABLE         1       2       3       4       5
mc          0.9542  0.9106  0.8673  0.8255  0.7845
zcap        0.9839  0.9619  0.9361  0.9079  0.8778
rk          0.9839  0.9619  0.9361  0.9079  0.8778
k           0.9984  0.9945  0.9885  0.9806  0.9711
q           0.5793  0.4316  0.3593  0.3051  0.2633
c           0.9934  0.9819  0.9681  0.9527  0.9363
inve        0.9853  0.9522  0.9076  0.8564  0.8017
y           0.9893  0.9710  0.9481  0.9223  0.8944
lab         0.9755  0.9381  0.8945  0.8478  0.7996
pinf        0.8183  0.6978  0.6014  0.5202  0.4490
w           0.9824  0.9650  0.9471  0.9287  0.9097
r           0.8584  0.7291  0.6227  0.5343  0.4597
kp          0.9989  0.9956  0.9904  0.9833  0.9745
eps_a       0.9833  0.9670  0.9509  0.9352  0.9197
eps_b       0.2654  0.0659  0.0192 -0.0008 -0.0039
eps_g       0.9633  0.9277  0.8940  0.8618  0.8310
eps_i       0.7892  0.6204  0.4856  0.3825  0.3006
eps_r       0.0299 -0.0073 -0.0015 -0.0015  0.0053
eps_p       0.4642  0.4387  0.4174  0.3977  0.3694
eps_w      -0.0170 -0.0057 -0.0022  0.0001 -0.0082
labobs      0.9755  0.9381  0.8945  0.8478  0.7996
robs        0.8584  0.7291  0.6227  0.5343  0.4597
pinfobs     0.8183  0.6978  0.6014  0.5202  0.4490
dy          0.3575  0.2116  0.1405  0.0921  0.0511
dc          0.3672  0.1800  0.1184  0.0819  0.0607
dinve       0.6319  0.3905  0.2269  0.1153  0.0333
dw         -0.0034  0.0136  0.0141  0.0154  0.0010



VARIANCE DECOMPOSITION SIMULATING ONE SHOCK AT A TIME (in percent)
                      eta_a             eta_b             eta_g             eta_i             eta_r             eta_p             eta_w  Tot. lin. contr.
mc                     5.19              0.63              0.15              2.24              0.93             76.32             13.84             99.30
zcap                  14.46              1.98              7.19             40.86              2.37             24.10              7.66             98.62
rk                    14.46              1.98              7.19             40.86              2.37             24.10              7.66             98.62
k                     26.97              0.63              1.97             40.41              1.51             23.39              7.96            102.84
q                      0.70             44.95              0.47             43.12              7.43              2.08              0.56             99.31
c                     36.99              4.36              2.30             13.71              3.91             16.59             23.68            101.54
inve                  15.46              1.21              2.09             53.48              2.51             19.64              5.86            100.25
y                     39.02              3.10              2.01             21.03              3.55             19.29             14.77            102.76
lab                    5.06              6.57              7.06             25.15              6.70             24.19             24.38             99.12
pinf                  13.38              2.17              4.15             12.53              5.09             47.13             15.39             99.85
w                     43.25              0.18              0.54              7.71              0.46             44.24              7.86            104.25
r                     10.49              7.81              7.16             39.02             21.69              6.94              5.17             98.27
kp                    26.82              0.51              2.76             44.30              1.37             18.91              7.71            102.39
eps_a                100.00              0.00              0.00              0.00              0.00              0.00              0.00            100.00
eps_b                  0.00            100.00              0.00              0.00              0.00              0.00              0.00            100.00
eps_g                 19.28              0.00             82.27              0.00              0.00              0.00              0.00            101.55
eps_i                  0.00              0.00              0.00            100.00              0.00              0.00              0.00            100.00
eps_r                  0.00              0.00              0.00              0.00            100.00              0.00              0.00            100.00
eps_p                  0.00              0.00              0.00              0.00              0.00            100.00              0.00            100.00
eps_w                  0.00              0.00              0.00              0.00              0.00              0.00            100.00            100.00
labobs                 5.06              6.57              7.06             25.15              6.70             24.19             24.38             99.12
robs                  10.49              7.81              7.16             39.02             21.69              6.94              5.17             98.27
pinfobs               13.38              2.17              4.15             12.53              5.09             47.13             15.39             99.85
dy                    13.22             28.25             19.30             21.07              8.14              8.43              1.51             99.93
dc                     6.46             63.98              0.76              6.51             12.49              7.48              2.11             99.78
dinve                  2.52              7.43              0.70             74.42              4.63              8.31              1.49             99.49
dw                     2.21              0.05              0.02              0.82              0.10             12.34             84.67            100.21
Note: numbers do not add up to 100 due to non-zero correlation of simulated shocks in small samples

Total computing time : 0h02m28s
Note: 3 warning(s) encountered in the preprocessor
